CRITICAL - 2022-12-14 21:04:58 --> Undefined variable $customers
in APPPATH\Views\modules\material.php on line 46.
 1 APPPATH\Views\modules\material.php(46): CodeIgniter\Debug\Exceptions->errorHandler(2, 'Undefined variable $customers', 'APPPATH\\Views\\modules\\material.php', 46)
 2 SYSTEMPATH\View\View.php(213): include('APPPATH\\Views\\modules\\material.php')
 3 SYSTEMPATH\View\View.php(216): CodeIgniter\View\View->CodeIgniter\View\{closure}()
 4 SYSTEMPATH\Common.php(1134): CodeIgniter\View\View->render('modules/material', [], true)
 5 APPPATH\Controllers\MaterialController.php(16): view('modules/material', [...])
 6 SYSTEMPATH\CodeIgniter.php(927): App\Controllers\MaterialController->material()
 7 SYSTEMPATH\CodeIgniter.php(482): CodeIgniter\CodeIgniter->runController(Object(App\Controllers\MaterialController))
 8 SYSTEMPATH\CodeIgniter.php(351): CodeIgniter\CodeIgniter->handleRequest(null, Object(Config\Cache), false)
 9 FCPATH\index.php(67): CodeIgniter\CodeIgniter->run()
10 SYSTEMPATH\Commands\Server\rewrite.php(46): require_once('FCPATH\\index.php')
CRITICAL - 2022-12-14 21:07:20 --> Undefined variable $aterial
in APPPATH\Views\modules\material.php on line 55.
 1 APPPATH\Views\modules\material.php(55): CodeIgniter\Debug\Exceptions->errorHandler(2, 'Undefined variable $aterial', 'APPPATH\\Views\\modules\\material.php', 55)
 2 SYSTEMPATH\View\View.php(213): include('APPPATH\\Views\\modules\\material.php')
 3 SYSTEMPATH\View\View.php(216): CodeIgniter\View\View->CodeIgniter\View\{closure}()
 4 SYSTEMPATH\Common.php(1134): CodeIgniter\View\View->render('modules/material', [], true)
 5 APPPATH\Controllers\MaterialController.php(16): view('modules/material', [...])
 6 SYSTEMPATH\CodeIgniter.php(927): App\Controllers\MaterialController->material()
 7 SYSTEMPATH\CodeIgniter.php(482): CodeIgniter\CodeIgniter->runController(Object(App\Controllers\MaterialController))
 8 SYSTEMPATH\CodeIgniter.php(351): CodeIgniter\CodeIgniter->handleRequest(null, Object(Config\Cache), false)
 9 FCPATH\index.php(67): CodeIgniter\CodeIgniter->run()
10 SYSTEMPATH\Commands\Server\rewrite.php(46): require_once('FCPATH\\index.php')
CRITICAL - 2022-12-14 21:25:41 --> Undefined variable $tno
in APPPATH\Views\modules\material_add.php on line 33.
 1 APPPATH\Views\modules\material_add.php(33): CodeIgniter\Debug\Exceptions->errorHandler(2, 'Undefined variable $tno', 'APPPATH\\Views\\modules\\material_add.php', 33)
 2 SYSTEMPATH\View\View.php(213): include('APPPATH\\Views\\modules\\material_add.php')
 3 SYSTEMPATH\View\View.php(216): CodeIgniter\View\View->CodeIgniter\View\{closure}()
 4 SYSTEMPATH\Common.php(1134): CodeIgniter\View\View->render('modules/material_add', [], true)
 5 APPPATH\Controllers\MaterialController.php(19): view('modules/material_add')
 6 SYSTEMPATH\CodeIgniter.php(927): App\Controllers\MaterialController->material_add()
 7 SYSTEMPATH\CodeIgniter.php(482): CodeIgniter\CodeIgniter->runController(Object(App\Controllers\MaterialController))
 8 SYSTEMPATH\CodeIgniter.php(351): CodeIgniter\CodeIgniter->handleRequest(null, Object(Config\Cache), false)
 9 FCPATH\index.php(67): CodeIgniter\CodeIgniter->run()
10 SYSTEMPATH\Commands\Server\rewrite.php(46): require_once('FCPATH\\index.php')
CRITICAL - 2022-12-14 21:25:49 --> Undefined array key 3
in APPPATH\Views\modules\material_add.php on line 35.
 1 APPPATH\Views\modules\material_add.php(35): CodeIgniter\Debug\Exceptions->errorHandler(2, 'Undefined array key 3', 'APPPATH\\Views\\modules\\material_add.php', 35)
 2 SYSTEMPATH\View\View.php(213): include('APPPATH\\Views\\modules\\material_add.php')
 3 SYSTEMPATH\View\View.php(216): CodeIgniter\View\View->CodeIgniter\View\{closure}()
 4 SYSTEMPATH\Common.php(1134): CodeIgniter\View\View->render('modules/material_add', [], true)
 5 APPPATH\Controllers\MaterialController.php(19): view('modules/material_add')
 6 SYSTEMPATH\CodeIgniter.php(927): App\Controllers\MaterialController->material_add()
 7 SYSTEMPATH\CodeIgniter.php(482): CodeIgniter\CodeIgniter->runController(Object(App\Controllers\MaterialController))
 8 SYSTEMPATH\CodeIgniter.php(351): CodeIgniter\CodeIgniter->handleRequest(null, Object(Config\Cache), false)
 9 FCPATH\index.php(67): CodeIgniter\CodeIgniter->run()
10 SYSTEMPATH\Commands\Server\rewrite.php(46): require_once('FCPATH\\index.php')
CRITICAL - 2022-12-14 21:41:01 --> Undefined variable $id
in APPPATH\Controllers\MaterialController.php on line 93.
 1 APPPATH\Controllers\MaterialController.php(93): CodeIgniter\Debug\Exceptions->errorHandler(2, 'Undefined variable $id', 'APPPATH\\Controllers\\MaterialController.php', 93)
 2 SYSTEMPATH\CodeIgniter.php(927): App\Controllers\MaterialController->material_edit_process()
 3 SYSTEMPATH\CodeIgniter.php(482): CodeIgniter\CodeIgniter->runController(Object(App\Controllers\MaterialController))
 4 SYSTEMPATH\CodeIgniter.php(351): CodeIgniter\CodeIgniter->handleRequest(null, Object(Config\Cache), false)
 5 FCPATH\index.php(67): CodeIgniter\CodeIgniter->run()
 6 SYSTEMPATH\Commands\Server\rewrite.php(46): require_once('FCPATH\\index.php')
