CRITICAL - 2022-12-27 08:04:24 --> Trying to get property 'username' of non-object
in APPPATH\Config\Login.php on line 25.
 1 APPPATH\Config\Login.php(25): CodeIgniter\Debug\Exceptions->errorHandler(8, 'Trying to get property \'username\' of non-object', 'APPPATH\\Config\\Login.php', 25, [...])
 2 SYSTEMPATH\Config\Factories.php(129): Config\Login->__construct()
 3 SYSTEMPATH\Common.php(203): CodeIgniter\Config\Factories::__callStatic('config', [])
 4 APPPATH\Views\template.php(82): config('login')
 5 SYSTEMPATH\View\View.php(213): include('APPPATH\\Views\\template.php')
 6 SYSTEMPATH\View\View.php(216): CodeIgniter\View\View->CodeIgniter\View\{closure}()
 7 SYSTEMPATH\View\View.php(229): CodeIgniter\View\View->render('template', [], true)
 8 SYSTEMPATH\Common.php(1134): CodeIgniter\View\View->render('modules/buy', [], true)
 9 APPPATH\Controllers\BuyController.php(22): view('modules/buy', [...])
10 SYSTEMPATH\CodeIgniter.php(927): App\Controllers\BuyController->buy()
11 SYSTEMPATH\CodeIgniter.php(482): CodeIgniter\CodeIgniter->runController(Object(App\Controllers\BuyController))
12 SYSTEMPATH\CodeIgniter.php(351): CodeIgniter\CodeIgniter->handleRequest(null, Object(Config\Cache), false)
13 FCPATH\index.php(67): CodeIgniter\CodeIgniter->run()
14 SYSTEMPATH\Commands\Server\rewrite.php(46): require_once('FCPATH\\index.php')
CRITICAL - 2022-12-27 08:04:26 --> Trying to get property 'username' of non-object
in APPPATH\Config\Login.php on line 25.
 1 APPPATH\Config\Login.php(25): CodeIgniter\Debug\Exceptions->errorHandler(8, 'Trying to get property \'username\' of non-object', 'APPPATH\\Config\\Login.php', 25, [...])
 2 SYSTEMPATH\Config\Factories.php(129): Config\Login->__construct()
 3 SYSTEMPATH\Common.php(203): CodeIgniter\Config\Factories::__callStatic('config', [])
 4 APPPATH\Views\template.php(82): config('login')
 5 SYSTEMPATH\View\View.php(213): include('APPPATH\\Views\\template.php')
 6 SYSTEMPATH\View\View.php(216): CodeIgniter\View\View->CodeIgniter\View\{closure}()
 7 SYSTEMPATH\View\View.php(229): CodeIgniter\View\View->render('template', [], true)
 8 SYSTEMPATH\Common.php(1134): CodeIgniter\View\View->render('modules/buy', [], true)
 9 APPPATH\Controllers\BuyController.php(22): view('modules/buy', [...])
10 SYSTEMPATH\CodeIgniter.php(927): App\Controllers\BuyController->buy()
11 SYSTEMPATH\CodeIgniter.php(482): CodeIgniter\CodeIgniter->runController(Object(App\Controllers\BuyController))
12 SYSTEMPATH\CodeIgniter.php(351): CodeIgniter\CodeIgniter->handleRequest(null, Object(Config\Cache), false)
13 FCPATH\index.php(67): CodeIgniter\CodeIgniter->run()
14 SYSTEMPATH\Commands\Server\rewrite.php(46): require_once('FCPATH\\index.php')
CRITICAL - 2022-12-27 08:04:27 --> Trying to get property 'username' of non-object
in APPPATH\Config\Login.php on line 25.
 1 APPPATH\Config\Login.php(25): CodeIgniter\Debug\Exceptions->errorHandler(8, 'Trying to get property \'username\' of non-object', 'APPPATH\\Config\\Login.php', 25, [...])
 2 SYSTEMPATH\Config\Factories.php(129): Config\Login->__construct()
 3 SYSTEMPATH\Common.php(203): CodeIgniter\Config\Factories::__callStatic('config', [])
 4 APPPATH\Views\template.php(82): config('login')
 5 SYSTEMPATH\View\View.php(213): include('APPPATH\\Views\\template.php')
 6 SYSTEMPATH\View\View.php(216): CodeIgniter\View\View->CodeIgniter\View\{closure}()
 7 SYSTEMPATH\View\View.php(229): CodeIgniter\View\View->render('template', [], true)
 8 SYSTEMPATH\Common.php(1134): CodeIgniter\View\View->render('modules/buy', [], true)
 9 APPPATH\Controllers\BuyController.php(22): view('modules/buy', [...])
10 SYSTEMPATH\CodeIgniter.php(927): App\Controllers\BuyController->buy()
11 SYSTEMPATH\CodeIgniter.php(482): CodeIgniter\CodeIgniter->runController(Object(App\Controllers\BuyController))
12 SYSTEMPATH\CodeIgniter.php(351): CodeIgniter\CodeIgniter->handleRequest(null, Object(Config\Cache), false)
13 FCPATH\index.php(67): CodeIgniter\CodeIgniter->run()
14 SYSTEMPATH\Commands\Server\rewrite.php(46): require_once('FCPATH\\index.php')
CRITICAL - 2022-12-27 08:04:27 --> Trying to get property 'username' of non-object
in APPPATH\Config\Login.php on line 25.
 1 APPPATH\Config\Login.php(25): CodeIgniter\Debug\Exceptions->errorHandler(8, 'Trying to get property \'username\' of non-object', 'APPPATH\\Config\\Login.php', 25, [...])
 2 SYSTEMPATH\Config\Factories.php(129): Config\Login->__construct()
 3 SYSTEMPATH\Common.php(203): CodeIgniter\Config\Factories::__callStatic('config', [])
 4 APPPATH\Views\template.php(82): config('login')
 5 SYSTEMPATH\View\View.php(213): include('APPPATH\\Views\\template.php')
 6 SYSTEMPATH\View\View.php(216): CodeIgniter\View\View->CodeIgniter\View\{closure}()
 7 SYSTEMPATH\View\View.php(229): CodeIgniter\View\View->render('template', [], true)
 8 SYSTEMPATH\Common.php(1134): CodeIgniter\View\View->render('modules/buy', [], true)
 9 APPPATH\Controllers\BuyController.php(22): view('modules/buy', [...])
10 SYSTEMPATH\CodeIgniter.php(927): App\Controllers\BuyController->buy()
11 SYSTEMPATH\CodeIgniter.php(482): CodeIgniter\CodeIgniter->runController(Object(App\Controllers\BuyController))
12 SYSTEMPATH\CodeIgniter.php(351): CodeIgniter\CodeIgniter->handleRequest(null, Object(Config\Cache), false)
13 FCPATH\index.php(67): CodeIgniter\CodeIgniter->run()
14 SYSTEMPATH\Commands\Server\rewrite.php(46): require_once('FCPATH\\index.php')
CRITICAL - 2022-12-27 08:04:29 --> Trying to get property 'username' of non-object
in APPPATH\Config\Login.php on line 25.
 1 APPPATH\Config\Login.php(25): CodeIgniter\Debug\Exceptions->errorHandler(8, 'Trying to get property \'username\' of non-object', 'APPPATH\\Config\\Login.php', 25, [...])
 2 SYSTEMPATH\Config\Factories.php(129): Config\Login->__construct()
 3 SYSTEMPATH\Common.php(203): CodeIgniter\Config\Factories::__callStatic('config', [])
 4 APPPATH\Views\template.php(82): config('login')
 5 SYSTEMPATH\View\View.php(213): include('APPPATH\\Views\\template.php')
 6 SYSTEMPATH\View\View.php(216): CodeIgniter\View\View->CodeIgniter\View\{closure}()
 7 SYSTEMPATH\View\View.php(229): CodeIgniter\View\View->render('template', [], true)
 8 SYSTEMPATH\Common.php(1134): CodeIgniter\View\View->render('modules/dashboard', [], true)
 9 APPPATH\Controllers\DashboardController.php(12): view('modules/dashboard')
10 SYSTEMPATH\CodeIgniter.php(927): App\Controllers\DashboardController->index()
11 SYSTEMPATH\CodeIgniter.php(482): CodeIgniter\CodeIgniter->runController(Object(App\Controllers\DashboardController))
12 SYSTEMPATH\CodeIgniter.php(351): CodeIgniter\CodeIgniter->handleRequest(null, Object(Config\Cache), false)
13 FCPATH\index.php(67): CodeIgniter\CodeIgniter->run()
14 SYSTEMPATH\Commands\Server\rewrite.php(46): require_once('FCPATH\\index.php')
CRITICAL - 2022-12-27 08:04:30 --> Trying to get property 'username' of non-object
in APPPATH\Config\Login.php on line 25.
 1 APPPATH\Config\Login.php(25): CodeIgniter\Debug\Exceptions->errorHandler(8, 'Trying to get property \'username\' of non-object', 'APPPATH\\Config\\Login.php', 25, [...])
 2 SYSTEMPATH\Config\Factories.php(129): Config\Login->__construct()
 3 SYSTEMPATH\Common.php(203): CodeIgniter\Config\Factories::__callStatic('config', [])
 4 APPPATH\Views\template.php(82): config('login')
 5 SYSTEMPATH\View\View.php(213): include('APPPATH\\Views\\template.php')
 6 SYSTEMPATH\View\View.php(216): CodeIgniter\View\View->CodeIgniter\View\{closure}()
 7 SYSTEMPATH\View\View.php(229): CodeIgniter\View\View->render('template', [], true)
 8 SYSTEMPATH\Common.php(1134): CodeIgniter\View\View->render('modules/dashboard', [], true)
 9 APPPATH\Controllers\DashboardController.php(12): view('modules/dashboard')
10 SYSTEMPATH\CodeIgniter.php(927): App\Controllers\DashboardController->index()
11 SYSTEMPATH\CodeIgniter.php(482): CodeIgniter\CodeIgniter->runController(Object(App\Controllers\DashboardController))
12 SYSTEMPATH\CodeIgniter.php(351): CodeIgniter\CodeIgniter->handleRequest(null, Object(Config\Cache), false)
13 FCPATH\index.php(67): CodeIgniter\CodeIgniter->run()
14 SYSTEMPATH\Commands\Server\rewrite.php(46): require_once('FCPATH\\index.php')
CRITICAL - 2022-12-27 08:04:31 --> Trying to get property 'username' of non-object
in APPPATH\Config\Login.php on line 25.
 1 APPPATH\Config\Login.php(25): CodeIgniter\Debug\Exceptions->errorHandler(8, 'Trying to get property \'username\' of non-object', 'APPPATH\\Config\\Login.php', 25, [...])
 2 SYSTEMPATH\Config\Factories.php(129): Config\Login->__construct()
 3 SYSTEMPATH\Common.php(203): CodeIgniter\Config\Factories::__callStatic('config', [])
 4 APPPATH\Views\template.php(82): config('login')
 5 SYSTEMPATH\View\View.php(213): include('APPPATH\\Views\\template.php')
 6 SYSTEMPATH\View\View.php(216): CodeIgniter\View\View->CodeIgniter\View\{closure}()
 7 SYSTEMPATH\View\View.php(229): CodeIgniter\View\View->render('template', [], true)
 8 SYSTEMPATH\Common.php(1134): CodeIgniter\View\View->render('modules/dashboard', [], true)
 9 APPPATH\Controllers\DashboardController.php(12): view('modules/dashboard')
10 SYSTEMPATH\CodeIgniter.php(927): App\Controllers\DashboardController->index()
11 SYSTEMPATH\CodeIgniter.php(482): CodeIgniter\CodeIgniter->runController(Object(App\Controllers\DashboardController))
12 SYSTEMPATH\CodeIgniter.php(351): CodeIgniter\CodeIgniter->handleRequest(null, Object(Config\Cache), false)
13 FCPATH\index.php(67): CodeIgniter\CodeIgniter->run()
14 SYSTEMPATH\Commands\Server\rewrite.php(46): require_once('FCPATH\\index.php')
CRITICAL - 2022-12-27 08:04:31 --> Trying to get property 'username' of non-object
in APPPATH\Config\Login.php on line 25.
 1 APPPATH\Config\Login.php(25): CodeIgniter\Debug\Exceptions->errorHandler(8, 'Trying to get property \'username\' of non-object', 'APPPATH\\Config\\Login.php', 25, [...])
 2 SYSTEMPATH\Config\Factories.php(129): Config\Login->__construct()
 3 SYSTEMPATH\Common.php(203): CodeIgniter\Config\Factories::__callStatic('config', [])
 4 APPPATH\Views\template.php(82): config('login')
 5 SYSTEMPATH\View\View.php(213): include('APPPATH\\Views\\template.php')
 6 SYSTEMPATH\View\View.php(216): CodeIgniter\View\View->CodeIgniter\View\{closure}()
 7 SYSTEMPATH\View\View.php(229): CodeIgniter\View\View->render('template', [], true)
 8 SYSTEMPATH\Common.php(1134): CodeIgniter\View\View->render('modules/dashboard', [], true)
 9 APPPATH\Controllers\DashboardController.php(12): view('modules/dashboard')
10 SYSTEMPATH\CodeIgniter.php(927): App\Controllers\DashboardController->index()
11 SYSTEMPATH\CodeIgniter.php(482): CodeIgniter\CodeIgniter->runController(Object(App\Controllers\DashboardController))
12 SYSTEMPATH\CodeIgniter.php(351): CodeIgniter\CodeIgniter->handleRequest(null, Object(Config\Cache), false)
13 FCPATH\index.php(67): CodeIgniter\CodeIgniter->run()
14 SYSTEMPATH\Commands\Server\rewrite.php(46): require_once('FCPATH\\index.php')
CRITICAL - 2022-12-27 08:04:34 --> Trying to get property 'username' of non-object
in APPPATH\Config\Login.php on line 25.
 1 APPPATH\Config\Login.php(25): CodeIgniter\Debug\Exceptions->errorHandler(8, 'Trying to get property \'username\' of non-object', 'APPPATH\\Config\\Login.php', 25, [...])
 2 SYSTEMPATH\Config\Factories.php(129): Config\Login->__construct()
 3 SYSTEMPATH\Common.php(203): CodeIgniter\Config\Factories::__callStatic('config', [])
 4 APPPATH\Views\template.php(82): config('login')
 5 SYSTEMPATH\View\View.php(213): include('APPPATH\\Views\\template.php')
 6 SYSTEMPATH\View\View.php(216): CodeIgniter\View\View->CodeIgniter\View\{closure}()
 7 SYSTEMPATH\View\View.php(229): CodeIgniter\View\View->render('template', [], true)
 8 SYSTEMPATH\Common.php(1134): CodeIgniter\View\View->render('modules/dashboard', [], true)
 9 APPPATH\Controllers\DashboardController.php(12): view('modules/dashboard')
10 SYSTEMPATH\CodeIgniter.php(927): App\Controllers\DashboardController->index()
11 SYSTEMPATH\CodeIgniter.php(482): CodeIgniter\CodeIgniter->runController(Object(App\Controllers\DashboardController))
12 SYSTEMPATH\CodeIgniter.php(351): CodeIgniter\CodeIgniter->handleRequest(null, Object(Config\Cache), false)
13 FCPATH\index.php(67): CodeIgniter\CodeIgniter->run()
14 SYSTEMPATH\Commands\Server\rewrite.php(46): require_once('FCPATH\\index.php')
CRITICAL - 2022-12-27 08:04:41 --> Trying to get property 'username' of non-object
in APPPATH\Config\Login.php on line 25.
 1 APPPATH\Config\Login.php(25): CodeIgniter\Debug\Exceptions->errorHandler(8, 'Trying to get property \'username\' of non-object', 'APPPATH\\Config\\Login.php', 25, [...])
 2 SYSTEMPATH\Config\Factories.php(129): Config\Login->__construct()
 3 SYSTEMPATH\Common.php(203): CodeIgniter\Config\Factories::__callStatic('config', [])
 4 APPPATH\Views\template.php(82): config('login')
 5 SYSTEMPATH\View\View.php(213): include('APPPATH\\Views\\template.php')
 6 SYSTEMPATH\View\View.php(216): CodeIgniter\View\View->CodeIgniter\View\{closure}()
 7 SYSTEMPATH\View\View.php(229): CodeIgniter\View\View->render('template', [], true)
 8 SYSTEMPATH\Common.php(1134): CodeIgniter\View\View->render('modules/dashboard', [], true)
 9 APPPATH\Controllers\DashboardController.php(12): view('modules/dashboard')
10 SYSTEMPATH\CodeIgniter.php(927): App\Controllers\DashboardController->index()
11 SYSTEMPATH\CodeIgniter.php(482): CodeIgniter\CodeIgniter->runController(Object(App\Controllers\DashboardController))
12 SYSTEMPATH\CodeIgniter.php(351): CodeIgniter\CodeIgniter->handleRequest(null, Object(Config\Cache), false)
13 FCPATH\index.php(67): CodeIgniter\CodeIgniter->run()
14 SYSTEMPATH\Commands\Server\rewrite.php(46): require_once('FCPATH\\index.php')
CRITICAL - 2022-12-27 08:05:26 --> Trying to get property 'username' of non-object
in APPPATH\Config\Login.php on line 25.
 1 APPPATH\Config\Login.php(25): CodeIgniter\Debug\Exceptions->errorHandler(8, 'Trying to get property \'username\' of non-object', 'APPPATH\\Config\\Login.php', 25, [...])
 2 SYSTEMPATH\Config\Factories.php(129): Config\Login->__construct()
 3 SYSTEMPATH\Common.php(203): CodeIgniter\Config\Factories::__callStatic('config', [])
 4 APPPATH\Views\template.php(82): config('login')
 5 SYSTEMPATH\View\View.php(213): include('APPPATH\\Views\\template.php')
 6 SYSTEMPATH\View\View.php(216): CodeIgniter\View\View->CodeIgniter\View\{closure}()
 7 SYSTEMPATH\View\View.php(229): CodeIgniter\View\View->render('template', [], true)
 8 SYSTEMPATH\Common.php(1134): CodeIgniter\View\View->render('modules/dashboard', [], true)
 9 APPPATH\Controllers\DashboardController.php(12): view('modules/dashboard')
10 SYSTEMPATH\CodeIgniter.php(927): App\Controllers\DashboardController->index()
11 SYSTEMPATH\CodeIgniter.php(482): CodeIgniter\CodeIgniter->runController(Object(App\Controllers\DashboardController))
12 SYSTEMPATH\CodeIgniter.php(351): CodeIgniter\CodeIgniter->handleRequest(null, Object(Config\Cache), false)
13 FCPATH\index.php(67): CodeIgniter\CodeIgniter->run()
14 SYSTEMPATH\Commands\Server\rewrite.php(46): require_once('FCPATH\\index.php')
CRITICAL - 2022-12-27 08:05:27 --> Trying to get property 'username' of non-object
in APPPATH\Config\Login.php on line 25.
 1 APPPATH\Config\Login.php(25): CodeIgniter\Debug\Exceptions->errorHandler(8, 'Trying to get property \'username\' of non-object', 'APPPATH\\Config\\Login.php', 25, [...])
 2 SYSTEMPATH\Config\Factories.php(129): Config\Login->__construct()
 3 SYSTEMPATH\Common.php(203): CodeIgniter\Config\Factories::__callStatic('config', [])
 4 APPPATH\Views\template.php(82): config('login')
 5 SYSTEMPATH\View\View.php(213): include('APPPATH\\Views\\template.php')
 6 SYSTEMPATH\View\View.php(216): CodeIgniter\View\View->CodeIgniter\View\{closure}()
 7 SYSTEMPATH\View\View.php(229): CodeIgniter\View\View->render('template', [], true)
 8 SYSTEMPATH\Common.php(1134): CodeIgniter\View\View->render('modules/dashboard', [], true)
 9 APPPATH\Controllers\DashboardController.php(12): view('modules/dashboard')
10 SYSTEMPATH\CodeIgniter.php(927): App\Controllers\DashboardController->index()
11 SYSTEMPATH\CodeIgniter.php(482): CodeIgniter\CodeIgniter->runController(Object(App\Controllers\DashboardController))
12 SYSTEMPATH\CodeIgniter.php(351): CodeIgniter\CodeIgniter->handleRequest(null, Object(Config\Cache), false)
13 FCPATH\index.php(67): CodeIgniter\CodeIgniter->run()
14 SYSTEMPATH\Commands\Server\rewrite.php(46): require_once('FCPATH\\index.php')
CRITICAL - 2022-12-27 08:05:28 --> Trying to get property 'username' of non-object
in APPPATH\Config\Login.php on line 25.
 1 APPPATH\Config\Login.php(25): CodeIgniter\Debug\Exceptions->errorHandler(8, 'Trying to get property \'username\' of non-object', 'APPPATH\\Config\\Login.php', 25, [...])
 2 SYSTEMPATH\Config\Factories.php(129): Config\Login->__construct()
 3 SYSTEMPATH\Common.php(203): CodeIgniter\Config\Factories::__callStatic('config', [])
 4 APPPATH\Views\template.php(82): config('login')
 5 SYSTEMPATH\View\View.php(213): include('APPPATH\\Views\\template.php')
 6 SYSTEMPATH\View\View.php(216): CodeIgniter\View\View->CodeIgniter\View\{closure}()
 7 SYSTEMPATH\View\View.php(229): CodeIgniter\View\View->render('template', [], true)
 8 SYSTEMPATH\Common.php(1134): CodeIgniter\View\View->render('modules/dashboard', [], true)
 9 APPPATH\Controllers\DashboardController.php(12): view('modules/dashboard')
10 SYSTEMPATH\CodeIgniter.php(927): App\Controllers\DashboardController->index()
11 SYSTEMPATH\CodeIgniter.php(482): CodeIgniter\CodeIgniter->runController(Object(App\Controllers\DashboardController))
12 SYSTEMPATH\CodeIgniter.php(351): CodeIgniter\CodeIgniter->handleRequest(null, Object(Config\Cache), false)
13 FCPATH\index.php(67): CodeIgniter\CodeIgniter->run()
14 SYSTEMPATH\Commands\Server\rewrite.php(46): require_once('FCPATH\\index.php')
CRITICAL - 2022-12-27 08:05:36 --> Trying to get property 'username' of non-object
in APPPATH\Config\Login.php on line 25.
 1 APPPATH\Config\Login.php(25): CodeIgniter\Debug\Exceptions->errorHandler(8, 'Trying to get property \'username\' of non-object', 'APPPATH\\Config\\Login.php', 25, [...])
 2 SYSTEMPATH\Config\Factories.php(129): Config\Login->__construct()
 3 SYSTEMPATH\Common.php(203): CodeIgniter\Config\Factories::__callStatic('config', [])
 4 APPPATH\Views\template.php(82): config('login')
 5 SYSTEMPATH\View\View.php(213): include('APPPATH\\Views\\template.php')
 6 SYSTEMPATH\View\View.php(216): CodeIgniter\View\View->CodeIgniter\View\{closure}()
 7 SYSTEMPATH\View\View.php(229): CodeIgniter\View\View->render('template', [], true)
 8 SYSTEMPATH\Common.php(1134): CodeIgniter\View\View->render('modules/dashboard', [], true)
 9 APPPATH\Controllers\DashboardController.php(12): view('modules/dashboard')
10 SYSTEMPATH\CodeIgniter.php(927): App\Controllers\DashboardController->index()
11 SYSTEMPATH\CodeIgniter.php(482): CodeIgniter\CodeIgniter->runController(Object(App\Controllers\DashboardController))
12 SYSTEMPATH\CodeIgniter.php(351): CodeIgniter\CodeIgniter->handleRequest(null, Object(Config\Cache), false)
13 FCPATH\index.php(67): CodeIgniter\CodeIgniter->run()
14 SYSTEMPATH\Commands\Server\rewrite.php(46): require_once('FCPATH\\index.php')
CRITICAL - 2022-12-27 08:05:38 --> Trying to get property 'username' of non-object
in APPPATH\Config\Login.php on line 25.
 1 APPPATH\Config\Login.php(25): CodeIgniter\Debug\Exceptions->errorHandler(8, 'Trying to get property \'username\' of non-object', 'APPPATH\\Config\\Login.php', 25, [...])
 2 SYSTEMPATH\Config\Factories.php(129): Config\Login->__construct()
 3 SYSTEMPATH\Common.php(203): CodeIgniter\Config\Factories::__callStatic('config', [])
 4 APPPATH\Views\template.php(82): config('login')
 5 SYSTEMPATH\View\View.php(213): include('APPPATH\\Views\\template.php')
 6 SYSTEMPATH\View\View.php(216): CodeIgniter\View\View->CodeIgniter\View\{closure}()
 7 SYSTEMPATH\View\View.php(229): CodeIgniter\View\View->render('template', [], true)
 8 SYSTEMPATH\Common.php(1134): CodeIgniter\View\View->render('modules/dashboard', [], true)
 9 APPPATH\Controllers\DashboardController.php(12): view('modules/dashboard')
10 SYSTEMPATH\CodeIgniter.php(927): App\Controllers\DashboardController->index()
11 SYSTEMPATH\CodeIgniter.php(482): CodeIgniter\CodeIgniter->runController(Object(App\Controllers\DashboardController))
12 SYSTEMPATH\CodeIgniter.php(351): CodeIgniter\CodeIgniter->handleRequest(null, Object(Config\Cache), false)
13 FCPATH\index.php(67): CodeIgniter\CodeIgniter->run()
14 SYSTEMPATH\Commands\Server\rewrite.php(46): require_once('FCPATH\\index.php')
CRITICAL - 2022-12-27 08:05:45 --> Trying to get property 'username' of non-object
in APPPATH\Config\Login.php on line 25.
 1 APPPATH\Config\Login.php(25): CodeIgniter\Debug\Exceptions->errorHandler(8, 'Trying to get property \'username\' of non-object', 'APPPATH\\Config\\Login.php', 25, [...])
 2 SYSTEMPATH\Config\Factories.php(129): Config\Login->__construct()
 3 SYSTEMPATH\Common.php(203): CodeIgniter\Config\Factories::__callStatic('config', [])
 4 APPPATH\Views\template.php(82): config('login')
 5 SYSTEMPATH\View\View.php(213): include('APPPATH\\Views\\template.php')
 6 SYSTEMPATH\View\View.php(216): CodeIgniter\View\View->CodeIgniter\View\{closure}()
 7 SYSTEMPATH\View\View.php(229): CodeIgniter\View\View->render('template', [], true)
 8 SYSTEMPATH\Common.php(1134): CodeIgniter\View\View->render('modules/dashboard', [], true)
 9 APPPATH\Controllers\DashboardController.php(12): view('modules/dashboard')
10 SYSTEMPATH\CodeIgniter.php(927): App\Controllers\DashboardController->index()
11 SYSTEMPATH\CodeIgniter.php(482): CodeIgniter\CodeIgniter->runController(Object(App\Controllers\DashboardController))
12 SYSTEMPATH\CodeIgniter.php(351): CodeIgniter\CodeIgniter->handleRequest(null, Object(Config\Cache), false)
13 FCPATH\index.php(67): CodeIgniter\CodeIgniter->run()
14 SYSTEMPATH\Commands\Server\rewrite.php(46): require_once('FCPATH\\index.php')
CRITICAL - 2022-12-27 18:21:19 --> Too few arguments to function App\Controllers\BuyController::buy_print(), 0 passed in C:\laragon\www\projects\amdk\system\CodeIgniter.php on line 927 and exactly 1 expected
in APPPATH\Controllers\BuyController.php on line 136.
 1 SYSTEMPATH\CodeIgniter.php(927): App\Controllers\BuyController->buy_print()
 2 SYSTEMPATH\CodeIgniter.php(482): CodeIgniter\CodeIgniter->runController(Object(App\Controllers\BuyController))
 3 SYSTEMPATH\CodeIgniter.php(351): CodeIgniter\CodeIgniter->handleRequest(null, Object(Config\Cache), false)
 4 FCPATH\index.php(67): CodeIgniter\CodeIgniter->run()
 5 SYSTEMPATH\Commands\Server\rewrite.php(46): require_once('FCPATH\\index.php')
ERROR - 2022-12-27 18:22:56 --> mysqli_sql_exception: Unknown column 'buy_id' in 'where clause' in C:\laragon\www\projects\amdk\system\Database\MySQLi\Connection.php:292
Stack trace:
#0 C:\laragon\www\projects\amdk\system\Database\MySQLi\Connection.php(292): mysqli->query('SELECT *\nFROM `...', 0)
#1 C:\laragon\www\projects\amdk\system\Database\BaseConnection.php(666): CodeIgniter\Database\MySQLi\Connection->execute('SELECT *\nFROM `...')
#2 C:\laragon\www\projects\amdk\system\Database\BaseConnection.php(593): CodeIgniter\Database\BaseConnection->simpleQuery('SELECT *\nFROM `...')
#3 C:\laragon\www\projects\amdk\system\Database\BaseBuilder.php(1585): CodeIgniter\Database\BaseConnection->query('SELECT *\nFROM `...', Array, false)
#4 C:\laragon\www\projects\amdk\system\Model.php(250): CodeIgniter\Database\BaseBuilder->get()
#5 C:\laragon\www\projects\amdk\system\BaseModel.php(623): CodeIgniter\Model->doFirst()
#6 C:\laragon\www\projects\amdk\app\Controllers\BuyController.php(149): CodeIgniter\BaseModel->first()
#7 C:\laragon\www\projects\amdk\system\CodeIgniter.php(927): App\Controllers\BuyController->buy_print('7')
#8 C:\laragon\www\projects\amdk\system\CodeIgniter.php(482): CodeIgniter\CodeIgniter->runController(Object(App\Controllers\BuyController))
#9 C:\laragon\www\projects\amdk\system\CodeIgniter.php(351): CodeIgniter\CodeIgniter->handleRequest(NULL, Object(Config\Cache), false)
#10 C:\laragon\www\projects\amdk\public\index.php(67): CodeIgniter\CodeIgniter->run()
#11 C:\laragon\www\projects\amdk\system\Commands\Server\rewrite.php(46): require_once('C:\\laragon\\www\\...')
#12 {main}
CRITICAL - 2022-12-27 18:22:56 --> Unknown column 'buy_id' in 'where clause'
in SYSTEMPATH\Database\MySQLi\Connection.php on line 292.
 1 SYSTEMPATH\Database\MySQLi\Connection.php(292): mysqli->query('SELECT *
FROM `buys`
JOIN `suppliers` ON `buys`.`supplier_id` = `suppliers`.`id`
WHERE `buy_id` = \'7\'
 LIMIT 1', 0)
 2 SYSTEMPATH\Database\BaseConnection.php(666): CodeIgniter\Database\MySQLi\Connection->execute('SELECT *
FROM `buys`
JOIN `suppliers` ON `buys`.`supplier_id` = `suppliers`.`id`
WHERE `buy_id` = \'7\'
 LIMIT 1')
 3 SYSTEMPATH\Database\BaseConnection.php(593): CodeIgniter\Database\BaseConnection->simpleQuery('SELECT *
FROM `buys`
JOIN `suppliers` ON `buys`.`supplier_id` = `suppliers`.`id`
WHERE `buy_id` = \'7\'
 LIMIT 1')
 4 SYSTEMPATH\Database\BaseBuilder.php(1585): CodeIgniter\Database\BaseConnection->query('SELECT *
FROM `buys`
JOIN `suppliers` ON `buys`.`supplier_id` = `suppliers`.`id`
WHERE `buy_id` = :buy_id:
 LIMIT 1', [...], false)
 5 SYSTEMPATH\Model.php(250): CodeIgniter\Database\BaseBuilder->get()
 6 SYSTEMPATH\BaseModel.php(623): CodeIgniter\Model->doFirst()
 7 APPPATH\Controllers\BuyController.php(149): CodeIgniter\BaseModel->first()
 8 SYSTEMPATH\CodeIgniter.php(927): App\Controllers\BuyController->buy_print('7')
 9 SYSTEMPATH\CodeIgniter.php(482): CodeIgniter\CodeIgniter->runController(Object(App\Controllers\BuyController))
10 SYSTEMPATH\CodeIgniter.php(351): CodeIgniter\CodeIgniter->handleRequest(null, Object(Config\Cache), false)
11 FCPATH\index.php(67): CodeIgniter\CodeIgniter->run()
12 SYSTEMPATH\Commands\Server\rewrite.php(46): require_once('FCPATH\\index.php')
CRITICAL - 2022-12-27 18:23:32 --> Trying to get property 'name' of non-object
in APPPATH\Views\modules\buy_print.php on line 8.
 1 APPPATH\Views\modules\buy_print.php(8): CodeIgniter\Debug\Exceptions->errorHandler(8, 'Trying to get property \'name\' of non-object', 'APPPATH\\Views\\modules\\buy_print.php', 8, [...])
 2 SYSTEMPATH\View\View.php(213): include('APPPATH\\Views\\modules\\buy_print.php')
 3 SYSTEMPATH\View\View.php(216): CodeIgniter\View\View->CodeIgniter\View\{closure}()
 4 SYSTEMPATH\Common.php(1134): CodeIgniter\View\View->render('modules/buy_print', [], true)
 5 APPPATH\Controllers\BuyController.php(158): view('modules/buy_print', [...])
 6 SYSTEMPATH\CodeIgniter.php(927): App\Controllers\BuyController->buy_print('7')
 7 SYSTEMPATH\CodeIgniter.php(482): CodeIgniter\CodeIgniter->runController(Object(App\Controllers\BuyController))
 8 SYSTEMPATH\CodeIgniter.php(351): CodeIgniter\CodeIgniter->handleRequest(null, Object(Config\Cache), false)
 9 FCPATH\index.php(67): CodeIgniter\CodeIgniter->run()
10 SYSTEMPATH\Commands\Server\rewrite.php(46): require_once('FCPATH\\index.php')
CRITICAL - 2022-12-27 18:24:19 --> Trying to get property 'companyAddress' of non-object
in APPPATH\Views\modules\buy_print.php on line 55.
 1 APPPATH\Views\modules\buy_print.php(55): CodeIgniter\Debug\Exceptions->errorHandler(8, 'Trying to get property \'companyAddress\' of non-object', 'APPPATH\\Views\\modules\\buy_print.php', 55, [...])
 2 SYSTEMPATH\View\View.php(213): include('APPPATH\\Views\\modules\\buy_print.php')
 3 SYSTEMPATH\View\View.php(216): CodeIgniter\View\View->CodeIgniter\View\{closure}()
 4 SYSTEMPATH\Common.php(1134): CodeIgniter\View\View->render('modules/buy_print', [], true)
 5 APPPATH\Controllers\BuyController.php(158): view('modules/buy_print', [...])
 6 SYSTEMPATH\CodeIgniter.php(927): App\Controllers\BuyController->buy_print('7')
 7 SYSTEMPATH\CodeIgniter.php(482): CodeIgniter\CodeIgniter->runController(Object(App\Controllers\BuyController))
 8 SYSTEMPATH\CodeIgniter.php(351): CodeIgniter\CodeIgniter->handleRequest(null, Object(Config\Cache), false)
 9 FCPATH\index.php(67): CodeIgniter\CodeIgniter->run()
10 SYSTEMPATH\Commands\Server\rewrite.php(46): require_once('FCPATH\\index.php')
CRITICAL - 2022-12-27 18:32:01 --> Undefined property: stdClass::$supplier
in APPPATH\Views\modules\buy_print.php on line 73.
 1 APPPATH\Views\modules\buy_print.php(73): CodeIgniter\Debug\Exceptions->errorHandler(8, 'Undefined property: stdClass::$supplier', 'APPPATH\\Views\\modules\\buy_print.php', 73, [...])
 2 SYSTEMPATH\View\View.php(213): include('APPPATH\\Views\\modules\\buy_print.php')
 3 SYSTEMPATH\View\View.php(216): CodeIgniter\View\View->CodeIgniter\View\{closure}()
 4 SYSTEMPATH\Common.php(1134): CodeIgniter\View\View->render('modules/buy_print', [], true)
 5 APPPATH\Controllers\BuyController.php(158): view('modules/buy_print', [...])
 6 SYSTEMPATH\CodeIgniter.php(927): App\Controllers\BuyController->buy_print('7')
 7 SYSTEMPATH\CodeIgniter.php(482): CodeIgniter\CodeIgniter->runController(Object(App\Controllers\BuyController))
 8 SYSTEMPATH\CodeIgniter.php(351): CodeIgniter\CodeIgniter->handleRequest(null, Object(Config\Cache), false)
 9 FCPATH\index.php(67): CodeIgniter\CodeIgniter->run()
10 SYSTEMPATH\Commands\Server\rewrite.php(46): require_once('FCPATH\\index.php')
CRITICAL - 2022-12-27 18:57:14 --> Undefined property: Config\Custom::$CustomName
in APPPATH\Views\modules\buy_print.php on line 7.
 1 APPPATH\Views\modules\buy_print.php(7): CodeIgniter\Debug\Exceptions->errorHandler(8, 'Undefined property: Config\\Custom::$CustomName', 'APPPATH\\Views\\modules\\buy_print.php', 7, [...])
 2 SYSTEMPATH\View\View.php(213): include('APPPATH\\Views\\modules\\buy_print.php')
 3 SYSTEMPATH\View\View.php(216): CodeIgniter\View\View->CodeIgniter\View\{closure}()
 4 SYSTEMPATH\Common.php(1134): CodeIgniter\View\View->render('modules/buy_print', [], true)
 5 APPPATH\Controllers\BuyController.php(158): view('modules/buy_print', [...])
 6 SYSTEMPATH\CodeIgniter.php(927): App\Controllers\BuyController->buy_print('7')
 7 SYSTEMPATH\CodeIgniter.php(482): CodeIgniter\CodeIgniter->runController(Object(App\Controllers\BuyController))
 8 SYSTEMPATH\CodeIgniter.php(351): CodeIgniter\CodeIgniter->handleRequest(null, Object(Config\Cache), false)
 9 FCPATH\index.php(67): CodeIgniter\CodeIgniter->run()
10 SYSTEMPATH\Commands\Server\rewrite.php(46): require_once('FCPATH\\index.php')
CRITICAL - 2022-12-27 19:08:20 --> Undefined property: stdClass::$unit
in APPPATH\Views\modules\buy_print.php on line 95.
 1 APPPATH\Views\modules\buy_print.php(95): CodeIgniter\Debug\Exceptions->errorHandler(8, 'Undefined property: stdClass::$unit', 'APPPATH\\Views\\modules\\buy_print.php', 95, [...])
 2 SYSTEMPATH\View\View.php(213): include('APPPATH\\Views\\modules\\buy_print.php')
 3 SYSTEMPATH\View\View.php(216): CodeIgniter\View\View->CodeIgniter\View\{closure}()
 4 SYSTEMPATH\Common.php(1134): CodeIgniter\View\View->render('modules/buy_print', [], true)
 5 APPPATH\Controllers\BuyController.php(158): view('modules/buy_print', [...])
 6 SYSTEMPATH\CodeIgniter.php(927): App\Controllers\BuyController->buy_print('7')
 7 SYSTEMPATH\CodeIgniter.php(482): CodeIgniter\CodeIgniter->runController(Object(App\Controllers\BuyController))
 8 SYSTEMPATH\CodeIgniter.php(351): CodeIgniter\CodeIgniter->handleRequest(null, Object(Config\Cache), false)
 9 FCPATH\index.php(67): CodeIgniter\CodeIgniter->run()
10 SYSTEMPATH\Commands\Server\rewrite.php(46): require_once('FCPATH\\index.php')
CRITICAL - 2022-12-27 19:08:22 --> Undefined property: stdClass::$unit
in APPPATH\Views\modules\buy_print.php on line 95.
 1 APPPATH\Views\modules\buy_print.php(95): CodeIgniter\Debug\Exceptions->errorHandler(8, 'Undefined property: stdClass::$unit', 'APPPATH\\Views\\modules\\buy_print.php', 95, [...])
 2 SYSTEMPATH\View\View.php(213): include('APPPATH\\Views\\modules\\buy_print.php')
 3 SYSTEMPATH\View\View.php(216): CodeIgniter\View\View->CodeIgniter\View\{closure}()
 4 SYSTEMPATH\Common.php(1134): CodeIgniter\View\View->render('modules/buy_print', [], true)
 5 APPPATH\Controllers\BuyController.php(158): view('modules/buy_print', [...])
 6 SYSTEMPATH\CodeIgniter.php(927): App\Controllers\BuyController->buy_print('7')
 7 SYSTEMPATH\CodeIgniter.php(482): CodeIgniter\CodeIgniter->runController(Object(App\Controllers\BuyController))
 8 SYSTEMPATH\CodeIgniter.php(351): CodeIgniter\CodeIgniter->handleRequest(null, Object(Config\Cache), false)
 9 FCPATH\index.php(67): CodeIgniter\CodeIgniter->run()
10 SYSTEMPATH\Commands\Server\rewrite.php(46): require_once('FCPATH\\index.php')
CRITICAL - 2022-12-27 19:08:47 --> Undefined property: stdClass::$unit
in APPPATH\Views\modules\buy_print.php on line 95.
 1 APPPATH\Views\modules\buy_print.php(95): CodeIgniter\Debug\Exceptions->errorHandler(8, 'Undefined property: stdClass::$unit', 'APPPATH\\Views\\modules\\buy_print.php', 95, [...])
 2 SYSTEMPATH\View\View.php(213): include('APPPATH\\Views\\modules\\buy_print.php')
 3 SYSTEMPATH\View\View.php(216): CodeIgniter\View\View->CodeIgniter\View\{closure}()
 4 SYSTEMPATH\Common.php(1134): CodeIgniter\View\View->render('modules/buy_print', [], true)
 5 APPPATH\Controllers\BuyController.php(158): view('modules/buy_print', [...])
 6 SYSTEMPATH\CodeIgniter.php(927): App\Controllers\BuyController->buy_print('7')
 7 SYSTEMPATH\CodeIgniter.php(482): CodeIgniter\CodeIgniter->runController(Object(App\Controllers\BuyController))
 8 SYSTEMPATH\CodeIgniter.php(351): CodeIgniter\CodeIgniter->handleRequest(null, Object(Config\Cache), false)
 9 FCPATH\index.php(67): CodeIgniter\CodeIgniter->run()
10 SYSTEMPATH\Commands\Server\rewrite.php(46): require_once('FCPATH\\index.php')
CRITICAL - 2022-12-27 19:09:25 --> Undefined property: stdClass::$unit
in APPPATH\Views\modules\buy_print.php on line 95.
 1 APPPATH\Views\modules\buy_print.php(95): CodeIgniter\Debug\Exceptions->errorHandler(8, 'Undefined property: stdClass::$unit', 'APPPATH\\Views\\modules\\buy_print.php', 95, [...])
 2 SYSTEMPATH\View\View.php(213): include('APPPATH\\Views\\modules\\buy_print.php')
 3 SYSTEMPATH\View\View.php(216): CodeIgniter\View\View->CodeIgniter\View\{closure}()
 4 SYSTEMPATH\Common.php(1134): CodeIgniter\View\View->render('modules/buy_print', [], true)
 5 APPPATH\Controllers\BuyController.php(158): view('modules/buy_print', [...])
 6 SYSTEMPATH\CodeIgniter.php(927): App\Controllers\BuyController->buy_print('7')
 7 SYSTEMPATH\CodeIgniter.php(482): CodeIgniter\CodeIgniter->runController(Object(App\Controllers\BuyController))
 8 SYSTEMPATH\CodeIgniter.php(351): CodeIgniter\CodeIgniter->handleRequest(null, Object(Config\Cache), false)
 9 FCPATH\index.php(67): CodeIgniter\CodeIgniter->run()
10 SYSTEMPATH\Commands\Server\rewrite.php(46): require_once('FCPATH\\index.php')
