CRITICAL - 2023-01-04 20:38:07 --> Undefined property: stdClass::$material_id
in APPPATH\Controllers\BuyController.php on line 286.
 1 APPPATH\Controllers\BuyController.php(286): CodeIgniter\Debug\Exceptions->errorHandler(2, 'Undefined property: stdClass::$material_id', 'APPPATH\\Controllers\\BuyController.php', 286)
 2 SYSTEMPATH\CodeIgniter.php(927): App\Controllers\BuyController->buy_item_delete('1', '2')
 3 SYSTEMPATH\CodeIgniter.php(482): CodeIgniter\CodeIgniter->runController(Object(App\Controllers\BuyController))
 4 SYSTEMPATH\CodeIgniter.php(351): CodeIgniter\CodeIgniter->handleRequest(null, Object(Config\Cache), false)
 5 FCPATH\index.php(67): CodeIgniter\CodeIgniter->run()
 6 SYSTEMPATH\Commands\Server\rewrite.php(46): require_once('FCPATH\\index.php')
CRITICAL - 2023-01-04 20:49:55 --> Undefined constant "CodeIgniter\Debug\VENDORPATH"
in SYSTEMPATH\Debug\Exceptions.php on line 177.
 1 SYSTEMPATH\Debug\Exceptions.php(157): CodeIgniter\Debug\Exceptions->isFakerDeprecationError(8192, 'number_format(): Passing null to parameter #1 ($num) of type float is deprecated', 'APPPATH\\Views\\modules\\sale_print.php', 133)
 2 [internal function]: CodeIgniter\Debug\Exceptions->errorHandler(8192, 'number_format(): Passing null to parameter #1 ($num) of type float is deprecated', 'APPPATH\\Views\\modules\\sale_print.php', 133)
 3 APPPATH\Views\modules\sale_print.php(133): number_format(null, 0, ',', 'ROOTPATH\\public')
 4 SYSTEMPATH\View\View.php(213): include('APPPATH\\Views\\modules\\sale_print.php')
 5 SYSTEMPATH\View\View.php(216): CodeIgniter\View\View->CodeIgniter\View\{closure}()
 6 SYSTEMPATH\Common.php(1134): CodeIgniter\View\View->render('modules/sale_print', [], true)
 7 APPPATH\Controllers\SaleController.php(304): view('modules/sale_print', [...])
 8 SYSTEMPATH\CodeIgniter.php(927): App\Controllers\SaleController->sale_print('1')
 9 SYSTEMPATH\CodeIgniter.php(482): CodeIgniter\CodeIgniter->runController(Object(App\Controllers\SaleController))
10 SYSTEMPATH\CodeIgniter.php(351): CodeIgniter\CodeIgniter->handleRequest(null, Object(Config\Cache), false)
11 FCPATH\index.php(67): CodeIgniter\CodeIgniter->run()
12 SYSTEMPATH\Commands\Server\rewrite.php(46): require_once('FCPATH\\index.php')
CRITICAL - 2023-01-04 20:53:14 --> Undefined constant "CodeIgniter\Debug\VENDORPATH"
in SYSTEMPATH\Debug\Exceptions.php on line 177.
 1 SYSTEMPATH\Debug\Exceptions.php(157): CodeIgniter\Debug\Exceptions->isFakerDeprecationError(8192, 'number_format(): Passing null to parameter #1 ($num) of type float is deprecated', 'APPPATH\\Views\\modules\\sale_print.php', 133)
 2 [internal function]: CodeIgniter\Debug\Exceptions->errorHandler(8192, 'number_format(): Passing null to parameter #1 ($num) of type float is deprecated', 'APPPATH\\Views\\modules\\sale_print.php', 133)
 3 APPPATH\Views\modules\sale_print.php(133): number_format(null, 0, ',', 'ROOTPATH\\public')
 4 SYSTEMPATH\View\View.php(213): include('APPPATH\\Views\\modules\\sale_print.php')
 5 SYSTEMPATH\View\View.php(216): CodeIgniter\View\View->CodeIgniter\View\{closure}()
 6 SYSTEMPATH\Common.php(1134): CodeIgniter\View\View->render('modules/sale_print', [], true)
 7 APPPATH\Controllers\SaleController.php(304): view('modules/sale_print', [...])
 8 SYSTEMPATH\CodeIgniter.php(927): App\Controllers\SaleController->sale_print('1')
 9 SYSTEMPATH\CodeIgniter.php(482): CodeIgniter\CodeIgniter->runController(Object(App\Controllers\SaleController))
10 SYSTEMPATH\CodeIgniter.php(351): CodeIgniter\CodeIgniter->handleRequest(null, Object(Config\Cache), false)
11 FCPATH\index.php(67): CodeIgniter\CodeIgniter->run()
12 SYSTEMPATH\Commands\Server\rewrite.php(46): require_once('FCPATH\\index.php')
CRITICAL - 2023-01-04 20:53:32 --> Undefined constant "CodeIgniter\Debug\VENDORPATH"
in SYSTEMPATH\Debug\Exceptions.php on line 177.
 1 SYSTEMPATH\Debug\Exceptions.php(157): CodeIgniter\Debug\Exceptions->isFakerDeprecationError(8192, 'number_format(): Passing null to parameter #1 ($num) of type float is deprecated', 'APPPATH\\Views\\modules\\sale_print.php', 133)
 2 [internal function]: CodeIgniter\Debug\Exceptions->errorHandler(8192, 'number_format(): Passing null to parameter #1 ($num) of type float is deprecated', 'APPPATH\\Views\\modules\\sale_print.php', 133)
 3 APPPATH\Views\modules\sale_print.php(133): number_format(null, 0, ',', 'ROOTPATH\\public')
 4 SYSTEMPATH\View\View.php(213): include('APPPATH\\Views\\modules\\sale_print.php')
 5 SYSTEMPATH\View\View.php(216): CodeIgniter\View\View->CodeIgniter\View\{closure}()
 6 SYSTEMPATH\Common.php(1134): CodeIgniter\View\View->render('modules/sale_print', [], true)
 7 APPPATH\Controllers\SaleController.php(304): view('modules/sale_print', [...])
 8 SYSTEMPATH\CodeIgniter.php(927): App\Controllers\SaleController->sale_print('1')
 9 SYSTEMPATH\CodeIgniter.php(482): CodeIgniter\CodeIgniter->runController(Object(App\Controllers\SaleController))
10 SYSTEMPATH\CodeIgniter.php(351): CodeIgniter\CodeIgniter->handleRequest(null, Object(Config\Cache), false)
11 FCPATH\index.php(67): CodeIgniter\CodeIgniter->run()
12 SYSTEMPATH\Commands\Server\rewrite.php(46): require_once('FCPATH\\index.php')
CRITICAL - 2023-01-04 20:55:00 --> Undefined constant "CodeIgniter\Debug\VENDORPATH"
in SYSTEMPATH\Debug\Exceptions.php on line 177.
 1 SYSTEMPATH\Debug\Exceptions.php(157): CodeIgniter\Debug\Exceptions->isFakerDeprecationError(8192, 'number_format(): Passing null to parameter #1 ($num) of type float is deprecated', 'APPPATH\\Views\\modules\\sale_print.php', 133)
 2 [internal function]: CodeIgniter\Debug\Exceptions->errorHandler(8192, 'number_format(): Passing null to parameter #1 ($num) of type float is deprecated', 'APPPATH\\Views\\modules\\sale_print.php', 133)
 3 APPPATH\Views\modules\sale_print.php(133): number_format(null, 0, ',', 'ROOTPATH\\public')
 4 SYSTEMPATH\View\View.php(213): include('APPPATH\\Views\\modules\\sale_print.php')
 5 SYSTEMPATH\View\View.php(216): CodeIgniter\View\View->CodeIgniter\View\{closure}()
 6 SYSTEMPATH\Common.php(1134): CodeIgniter\View\View->render('modules/sale_print', [], true)
 7 APPPATH\Controllers\SaleController.php(304): view('modules/sale_print', [...])
 8 SYSTEMPATH\CodeIgniter.php(927): App\Controllers\SaleController->sale_print('1')
 9 SYSTEMPATH\CodeIgniter.php(482): CodeIgniter\CodeIgniter->runController(Object(App\Controllers\SaleController))
10 SYSTEMPATH\CodeIgniter.php(351): CodeIgniter\CodeIgniter->handleRequest(null, Object(Config\Cache), false)
11 FCPATH\index.php(67): CodeIgniter\CodeIgniter->run()
12 SYSTEMPATH\Commands\Server\rewrite.php(46): require_once('FCPATH\\index.php')
CRITICAL - 2023-01-04 20:55:39 --> Undefined constant "CodeIgniter\Debug\VENDORPATH"
in SYSTEMPATH\Debug\Exceptions.php on line 177.
 1 SYSTEMPATH\Debug\Exceptions.php(157): CodeIgniter\Debug\Exceptions->isFakerDeprecationError(8192, 'number_format(): Passing null to parameter #1 ($num) of type float is deprecated', 'APPPATH\\Views\\modules\\sale_print.php', 124)
 2 [internal function]: CodeIgniter\Debug\Exceptions->errorHandler(8192, 'number_format(): Passing null to parameter #1 ($num) of type float is deprecated', 'APPPATH\\Views\\modules\\sale_print.php', 124)
 3 APPPATH\Views\modules\sale_print.php(124): number_format(null, 0, ',', 'ROOTPATH\\public')
 4 SYSTEMPATH\View\View.php(213): include('APPPATH\\Views\\modules\\sale_print.php')
 5 SYSTEMPATH\View\View.php(216): CodeIgniter\View\View->CodeIgniter\View\{closure}()
 6 SYSTEMPATH\Common.php(1134): CodeIgniter\View\View->render('modules/sale_print', [], true)
 7 APPPATH\Controllers\SaleController.php(304): view('modules/sale_print', [...])
 8 SYSTEMPATH\CodeIgniter.php(927): App\Controllers\SaleController->sale_print('1')
 9 SYSTEMPATH\CodeIgniter.php(482): CodeIgniter\CodeIgniter->runController(Object(App\Controllers\SaleController))
10 SYSTEMPATH\CodeIgniter.php(351): CodeIgniter\CodeIgniter->handleRequest(null, Object(Config\Cache), false)
11 FCPATH\index.php(67): CodeIgniter\CodeIgniter->run()
12 SYSTEMPATH\Commands\Server\rewrite.php(46): require_once('FCPATH\\index.php')
CRITICAL - 2023-01-04 20:56:04 --> Undefined constant "CodeIgniter\Debug\VENDORPATH"
in SYSTEMPATH\Debug\Exceptions.php on line 177.
 1 SYSTEMPATH\Debug\Exceptions.php(157): CodeIgniter\Debug\Exceptions->isFakerDeprecationError(8192, 'number_format(): Passing null to parameter #1 ($num) of type float is deprecated', 'APPPATH\\Views\\modules\\sale_print.php', 101)
 2 [internal function]: CodeIgniter\Debug\Exceptions->errorHandler(8192, 'number_format(): Passing null to parameter #1 ($num) of type float is deprecated', 'APPPATH\\Views\\modules\\sale_print.php', 101)
 3 APPPATH\Views\modules\sale_print.php(101): number_format(null, 0, ',', 'ROOTPATH\\public')
 4 SYSTEMPATH\View\View.php(213): include('APPPATH\\Views\\modules\\sale_print.php')
 5 SYSTEMPATH\View\View.php(216): CodeIgniter\View\View->CodeIgniter\View\{closure}()
 6 SYSTEMPATH\Common.php(1134): CodeIgniter\View\View->render('modules/sale_print', [], true)
 7 APPPATH\Controllers\SaleController.php(304): view('modules/sale_print', [...])
 8 SYSTEMPATH\CodeIgniter.php(927): App\Controllers\SaleController->sale_print('1')
 9 SYSTEMPATH\CodeIgniter.php(482): CodeIgniter\CodeIgniter->runController(Object(App\Controllers\SaleController))
10 SYSTEMPATH\CodeIgniter.php(351): CodeIgniter\CodeIgniter->handleRequest(null, Object(Config\Cache), false)
11 FCPATH\index.php(67): CodeIgniter\CodeIgniter->run()
12 SYSTEMPATH\Commands\Server\rewrite.php(46): require_once('FCPATH\\index.php')
CRITICAL - 2023-01-04 21:07:59 --> Undefined constant "CodeIgniter\Debug\VENDORPATH"
in SYSTEMPATH\Debug\Exceptions.php on line 177.
 1 SYSTEMPATH\Debug\Exceptions.php(157): CodeIgniter\Debug\Exceptions->isFakerDeprecationError(8192, 'number_format(): Passing null to parameter #1 ($num) of type float is deprecated', 'APPPATH\\Views\\modules\\sale.php', 64)
 2 [internal function]: CodeIgniter\Debug\Exceptions->errorHandler(8192, 'number_format(): Passing null to parameter #1 ($num) of type float is deprecated', 'APPPATH\\Views\\modules\\sale.php', 64)
 3 APPPATH\Views\modules\sale.php(64): number_format(null, 0, ',', 'ROOTPATH\\public')
 4 SYSTEMPATH\View\View.php(213): include('APPPATH\\Views\\modules\\sale.php')
 5 SYSTEMPATH\View\View.php(216): CodeIgniter\View\View->CodeIgniter\View\{closure}()
 6 SYSTEMPATH\Common.php(1134): CodeIgniter\View\View->render('modules/sale', [], true)
 7 APPPATH\Controllers\SaleController.php(22): view('modules/sale', [...])
 8 SYSTEMPATH\CodeIgniter.php(927): App\Controllers\SaleController->sale()
 9 SYSTEMPATH\CodeIgniter.php(482): CodeIgniter\CodeIgniter->runController(Object(App\Controllers\SaleController))
10 SYSTEMPATH\CodeIgniter.php(351): CodeIgniter\CodeIgniter->handleRequest(null, Object(Config\Cache), false)
11 FCPATH\index.php(67): CodeIgniter\CodeIgniter->run()
12 SYSTEMPATH\Commands\Server\rewrite.php(46): require_once('FCPATH\\index.php')
CRITICAL - 2023-01-04 21:20:47 --> syntax error, unexpected token "<"
in APPPATH\Views\modules\production_manage.php on line 202.
 1 SYSTEMPATH\View\View.php(216): CodeIgniter\View\View->CodeIgniter\View\{closure}()
 2 SYSTEMPATH\Common.php(1134): CodeIgniter\View\View->render('modules/production_manage', [], true)
 3 APPPATH\Controllers\ProductionController.php(162): view('modules/production_manage', [...])
 4 SYSTEMPATH\CodeIgniter.php(927): App\Controllers\ProductionController->production_manage('1')
 5 SYSTEMPATH\CodeIgniter.php(482): CodeIgniter\CodeIgniter->runController(Object(App\Controllers\ProductionController))
 6 SYSTEMPATH\CodeIgniter.php(351): CodeIgniter\CodeIgniter->handleRequest(null, Object(Config\Cache), false)
 7 FCPATH\index.php(67): CodeIgniter\CodeIgniter->run()
 8 SYSTEMPATH\Commands\Server\rewrite.php(46): require_once('FCPATH\\index.php')
CRITICAL - 2023-01-04 21:25:45 --> syntax error, unexpected token "endif", expecting end of file
in APPPATH\Views\modules\production_manage.php on line 369.
 1 SYSTEMPATH\View\View.php(216): CodeIgniter\View\View->CodeIgniter\View\{closure}()
 2 SYSTEMPATH\Common.php(1134): CodeIgniter\View\View->render('modules/production_manage', [], true)
 3 APPPATH\Controllers\ProductionController.php(162): view('modules/production_manage', [...])
 4 SYSTEMPATH\CodeIgniter.php(927): App\Controllers\ProductionController->production_manage('1')
 5 SYSTEMPATH\CodeIgniter.php(482): CodeIgniter\CodeIgniter->runController(Object(App\Controllers\ProductionController))
 6 SYSTEMPATH\CodeIgniter.php(351): CodeIgniter\CodeIgniter->handleRequest(null, Object(Config\Cache), false)
 7 FCPATH\index.php(67): CodeIgniter\CodeIgniter->run()
 8 SYSTEMPATH\Commands\Server\rewrite.php(46): require_once('FCPATH\\index.php')
CRITICAL - 2023-01-04 21:32:30 --> Undefined property: stdClass::$finis_date
in APPPATH\Controllers\ProductionController.php on line 180.
 1 APPPATH\Controllers\ProductionController.php(180): CodeIgniter\Debug\Exceptions->errorHandler(2, 'Undefined property: stdClass::$finis_date', 'APPPATH\\Controllers\\ProductionController.php', 180)
 2 SYSTEMPATH\CodeIgniter.php(927): App\Controllers\ProductionController->production_delete('1')
 3 SYSTEMPATH\CodeIgniter.php(482): CodeIgniter\CodeIgniter->runController(Object(App\Controllers\ProductionController))
 4 SYSTEMPATH\CodeIgniter.php(351): CodeIgniter\CodeIgniter->handleRequest(null, Object(Config\Cache), false)
 5 FCPATH\index.php(67): CodeIgniter\CodeIgniter->run()
 6 SYSTEMPATH\Commands\Server\rewrite.php(46): require_once('FCPATH\\index.php')
CRITICAL - 2023-01-04 21:34:06 --> Undefined variable $produciton_id
in APPPATH\Controllers\ProductionController.php on line 84.
 1 APPPATH\Controllers\ProductionController.php(84): CodeIgniter\Debug\Exceptions->errorHandler(2, 'Undefined variable $produciton_id', 'APPPATH\\Controllers\\ProductionController.php', 84)
 2 SYSTEMPATH\CodeIgniter.php(927): App\Controllers\ProductionController->production_edit_process()
 3 SYSTEMPATH\CodeIgniter.php(482): CodeIgniter\CodeIgniter->runController(Object(App\Controllers\ProductionController))
 4 SYSTEMPATH\CodeIgniter.php(351): CodeIgniter\CodeIgniter->handleRequest(null, Object(Config\Cache), false)
 5 FCPATH\index.php(67): CodeIgniter\CodeIgniter->run()
 6 SYSTEMPATH\Commands\Server\rewrite.php(46): require_once('FCPATH\\index.php')
CRITICAL - 2023-01-04 22:50:12 --> Undefined constant "CodeIgniter\Debug\VENDORPATH"
in SYSTEMPATH\Debug\Exceptions.php on line 177.
 1 SYSTEMPATH\Debug\Exceptions.php(157): CodeIgniter\Debug\Exceptions->isFakerDeprecationError(8192, 'strtotime(): Passing null to parameter #1 ($datetime) of type string is deprecated', 'APPPATH\\Views\\modules\\report_buy_print.php', 43)
 2 [internal function]: CodeIgniter\Debug\Exceptions->errorHandler(8192, 'strtotime(): Passing null to parameter #1 ($datetime) of type string is deprecated', 'APPPATH\\Views\\modules\\report_buy_print.php', 43)
 3 APPPATH\Views\modules\report_buy_print.php(43): strtotime(null)
 4 SYSTEMPATH\View\View.php(213): include('APPPATH\\Views\\modules\\report_buy_print.php')
 5 SYSTEMPATH\View\View.php(216): CodeIgniter\View\View->CodeIgniter\View\{closure}()
 6 SYSTEMPATH\Common.php(1134): CodeIgniter\View\View->render('modules/report_buy_print', [], true)
 7 APPPATH\Controllers\ReportController.php(79): view('modules/report_buy_print', [...])
 8 SYSTEMPATH\CodeIgniter.php(927): App\Controllers\ReportController->report_buy_print()
 9 SYSTEMPATH\CodeIgniter.php(482): CodeIgniter\CodeIgniter->runController(Object(App\Controllers\ReportController))
10 SYSTEMPATH\CodeIgniter.php(351): CodeIgniter\CodeIgniter->handleRequest(null, Object(Config\Cache), false)
11 FCPATH\index.php(67): CodeIgniter\CodeIgniter->run()
12 SYSTEMPATH\Commands\Server\rewrite.php(46): require_once('FCPATH\\index.php')
CRITICAL - 2023-01-04 22:50:19 --> Undefined constant "CodeIgniter\Debug\VENDORPATH"
in SYSTEMPATH\Debug\Exceptions.php on line 177.
 1 SYSTEMPATH\Debug\Exceptions.php(157): CodeIgniter\Debug\Exceptions->isFakerDeprecationError(8192, 'strtotime(): Passing null to parameter #1 ($datetime) of type string is deprecated', 'APPPATH\\Views\\modules\\report_buy_print.php', 43)
 2 [internal function]: CodeIgniter\Debug\Exceptions->errorHandler(8192, 'strtotime(): Passing null to parameter #1 ($datetime) of type string is deprecated', 'APPPATH\\Views\\modules\\report_buy_print.php', 43)
 3 APPPATH\Views\modules\report_buy_print.php(43): strtotime(null)
 4 SYSTEMPATH\View\View.php(213): include('APPPATH\\Views\\modules\\report_buy_print.php')
 5 SYSTEMPATH\View\View.php(216): CodeIgniter\View\View->CodeIgniter\View\{closure}()
 6 SYSTEMPATH\Common.php(1134): CodeIgniter\View\View->render('modules/report_buy_print', [], true)
 7 APPPATH\Controllers\ReportController.php(79): view('modules/report_buy_print', [...])
 8 SYSTEMPATH\CodeIgniter.php(927): App\Controllers\ReportController->report_buy_print()
 9 SYSTEMPATH\CodeIgniter.php(482): CodeIgniter\CodeIgniter->runController(Object(App\Controllers\ReportController))
10 SYSTEMPATH\CodeIgniter.php(351): CodeIgniter\CodeIgniter->handleRequest(null, Object(Config\Cache), false)
11 FCPATH\index.php(67): CodeIgniter\CodeIgniter->run()
12 SYSTEMPATH\Commands\Server\rewrite.php(46): require_once('FCPATH\\index.php')
