ERROR - 2022-12-17 08:10:37 --> mysqli_sql_exception: Unknown column 'name' in 'order clause' in D:\Projects\amdk\system\Database\MySQLi\Connection.php:292
Stack trace:
#0 D:\Projects\amdk\system\Database\MySQLi\Connection.php(292): mysqli->query('SELECT *\nFROM `...', 0)
#1 D:\Projects\amdk\system\Database\BaseConnection.php(666): CodeIgniter\Database\MySQLi\Connection->execute('SELECT *\nFROM `...')
#2 D:\Projects\amdk\system\Database\BaseConnection.php(593): CodeIgniter\Database\BaseConnection->simpleQuery('SELECT *\nFROM `...')
#3 D:\Projects\amdk\system\Database\BaseBuilder.php(1585): CodeIgniter\Database\BaseConnection->query('SELECT *\nFROM `...', Array, false)
#4 D:\Projects\amdk\system\Model.php(223): CodeIgniter\Database\BaseBuilder->get()
#5 D:\Projects\amdk\system\BaseModel.php(585): CodeIgniter\Model->doFindAll(0, 0)
#6 D:\Projects\amdk\app\Controllers\TransactionController.php(10): CodeIgniter\BaseModel->findAll()
#7 D:\Projects\amdk\system\CodeIgniter.php(927): App\Controllers\TransactionController->transaction()
#8 D:\Projects\amdk\system\CodeIgniter.php(482): CodeIgniter\CodeIgniter->runController(Object(App\Controllers\TransactionController))
#9 D:\Projects\amdk\system\CodeIgniter.php(351): CodeIgniter\CodeIgniter->handleRequest(NULL, Object(Config\Cache), false)
#10 D:\Projects\amdk\public\index.php(67): CodeIgniter\CodeIgniter->run()
#11 D:\Projects\amdk\system\Commands\Server\rewrite.php(46): require_once('D:\\Projects\\amd...')
#12 {main}
CRITICAL - 2022-12-17 08:10:37 --> Unknown column 'name' in 'order clause'
in SYSTEMPATH\Database\MySQLi\Connection.php on line 292.
 1 SYSTEMPATH\Database\MySQLi\Connection.php(292): mysqli->query('SELECT *
FROM `transactions`
ORDER BY `name` ASC', 0)
 2 SYSTEMPATH\Database\BaseConnection.php(666): CodeIgniter\Database\MySQLi\Connection->execute('SELECT *
FROM `transactions`
ORDER BY `name` ASC')
 3 SYSTEMPATH\Database\BaseConnection.php(593): CodeIgniter\Database\BaseConnection->simpleQuery('SELECT *
FROM `transactions`
ORDER BY `name` ASC')
 4 SYSTEMPATH\Database\BaseBuilder.php(1585): CodeIgniter\Database\BaseConnection->query('SELECT *
FROM `transactions`
ORDER BY `name` ASC', [], false)
 5 SYSTEMPATH\Model.php(223): CodeIgniter\Database\BaseBuilder->get()
 6 SYSTEMPATH\BaseModel.php(585): CodeIgniter\Model->doFindAll(0, 0)
 7 APPPATH\Controllers\TransactionController.php(10): CodeIgniter\BaseModel->findAll()
 8 SYSTEMPATH\CodeIgniter.php(927): App\Controllers\TransactionController->transaction()
 9 SYSTEMPATH\CodeIgniter.php(482): CodeIgniter\CodeIgniter->runController(Object(App\Controllers\TransactionController))
10 SYSTEMPATH\CodeIgniter.php(351): CodeIgniter\CodeIgniter->handleRequest(null, Object(Config\Cache), false)
11 FCPATH\index.php(67): CodeIgniter\CodeIgniter->run()
12 SYSTEMPATH\Commands\Server\rewrite.php(46): require_once('FCPATH\\index.php')
ERROR - 2022-12-17 08:11:03 --> mysqli_sql_exception: Unknown column 'name' in 'order clause' in D:\Projects\amdk\system\Database\MySQLi\Connection.php:292
Stack trace:
#0 D:\Projects\amdk\system\Database\MySQLi\Connection.php(292): mysqli->query('SELECT *\nFROM `...', 0)
#1 D:\Projects\amdk\system\Database\BaseConnection.php(666): CodeIgniter\Database\MySQLi\Connection->execute('SELECT *\nFROM `...')
#2 D:\Projects\amdk\system\Database\BaseConnection.php(593): CodeIgniter\Database\BaseConnection->simpleQuery('SELECT *\nFROM `...')
#3 D:\Projects\amdk\system\Database\BaseBuilder.php(1585): CodeIgniter\Database\BaseConnection->query('SELECT *\nFROM `...', Array, false)
#4 D:\Projects\amdk\system\Model.php(223): CodeIgniter\Database\BaseBuilder->get()
#5 D:\Projects\amdk\system\BaseModel.php(585): CodeIgniter\Model->doFindAll(0, 0)
#6 D:\Projects\amdk\app\Controllers\TransactionController.php(10): CodeIgniter\BaseModel->findAll()
#7 D:\Projects\amdk\system\CodeIgniter.php(927): App\Controllers\TransactionController->transaction()
#8 D:\Projects\amdk\system\CodeIgniter.php(482): CodeIgniter\CodeIgniter->runController(Object(App\Controllers\TransactionController))
#9 D:\Projects\amdk\system\CodeIgniter.php(351): CodeIgniter\CodeIgniter->handleRequest(NULL, Object(Config\Cache), false)
#10 D:\Projects\amdk\public\index.php(67): CodeIgniter\CodeIgniter->run()
#11 D:\Projects\amdk\system\Commands\Server\rewrite.php(46): require_once('D:\\Projects\\amd...')
#12 {main}
CRITICAL - 2022-12-17 08:11:03 --> Unknown column 'name' in 'order clause'
in SYSTEMPATH\Database\MySQLi\Connection.php on line 292.
 1 SYSTEMPATH\Database\MySQLi\Connection.php(292): mysqli->query('SELECT *
FROM `transactions`
ORDER BY `name` ASC', 0)
 2 SYSTEMPATH\Database\BaseConnection.php(666): CodeIgniter\Database\MySQLi\Connection->execute('SELECT *
FROM `transactions`
ORDER BY `name` ASC')
 3 SYSTEMPATH\Database\BaseConnection.php(593): CodeIgniter\Database\BaseConnection->simpleQuery('SELECT *
FROM `transactions`
ORDER BY `name` ASC')
 4 SYSTEMPATH\Database\BaseBuilder.php(1585): CodeIgniter\Database\BaseConnection->query('SELECT *
FROM `transactions`
ORDER BY `name` ASC', [], false)
 5 SYSTEMPATH\Model.php(223): CodeIgniter\Database\BaseBuilder->get()
 6 SYSTEMPATH\BaseModel.php(585): CodeIgniter\Model->doFindAll(0, 0)
 7 APPPATH\Controllers\TransactionController.php(10): CodeIgniter\BaseModel->findAll()
 8 SYSTEMPATH\CodeIgniter.php(927): App\Controllers\TransactionController->transaction()
 9 SYSTEMPATH\CodeIgniter.php(482): CodeIgniter\CodeIgniter->runController(Object(App\Controllers\TransactionController))
10 SYSTEMPATH\CodeIgniter.php(351): CodeIgniter\CodeIgniter->handleRequest(null, Object(Config\Cache), false)
11 FCPATH\index.php(67): CodeIgniter\CodeIgniter->run()
12 SYSTEMPATH\Commands\Server\rewrite.php(46): require_once('FCPATH\\index.php')
CRITICAL - 2022-12-17 08:21:10 --> Undefined property: stdClass::$name
in APPPATH\Views\modules\transaction.php on line 60.
 1 APPPATH\Views\modules\transaction.php(60): CodeIgniter\Debug\Exceptions->errorHandler(2, 'Undefined property: stdClass::$name', 'APPPATH\\Views\\modules\\transaction.php', 60)
 2 SYSTEMPATH\View\View.php(213): include('APPPATH\\Views\\modules\\transaction.php')
 3 SYSTEMPATH\View\View.php(216): CodeIgniter\View\View->CodeIgniter\View\{closure}()
 4 SYSTEMPATH\Common.php(1134): CodeIgniter\View\View->render('modules/transaction', [], true)
 5 APPPATH\Controllers\TransactionController.php(16): view('modules/transaction', [...])
 6 SYSTEMPATH\CodeIgniter.php(927): App\Controllers\TransactionController->transaction()
 7 SYSTEMPATH\CodeIgniter.php(482): CodeIgniter\CodeIgniter->runController(Object(App\Controllers\TransactionController))
 8 SYSTEMPATH\CodeIgniter.php(351): CodeIgniter\CodeIgniter->handleRequest(null, Object(Config\Cache), false)
 9 FCPATH\index.php(67): CodeIgniter\CodeIgniter->run()
10 SYSTEMPATH\Commands\Server\rewrite.php(46): require_once('FCPATH\\index.php')
CRITICAL - 2022-12-17 08:36:45 --> Invalid file: modules/transaction_add.php
in SYSTEMPATH\Exceptions\FrameworkException.php on line 33.
 1 SYSTEMPATH\View\View.php(201): CodeIgniter\Exceptions\FrameworkException::forInvalidFile('modules/transaction_add.php')
 2 SYSTEMPATH\Common.php(1134): CodeIgniter\View\View->render('modules/transaction_add', [], true)
 3 APPPATH\Controllers\TransactionController.php(20): view('modules/transaction_add')
 4 SYSTEMPATH\CodeIgniter.php(927): App\Controllers\TransactionController->transaction_add()
 5 SYSTEMPATH\CodeIgniter.php(482): CodeIgniter\CodeIgniter->runController(Object(App\Controllers\TransactionController))
 6 SYSTEMPATH\CodeIgniter.php(351): CodeIgniter\CodeIgniter->handleRequest(null, Object(Config\Cache), false)
 7 FCPATH\index.php(67): CodeIgniter\CodeIgniter->run()
 8 SYSTEMPATH\Commands\Server\rewrite.php(46): require_once('FCPATH\\index.php')
CRITICAL - 2022-12-17 08:38:05 --> Undefined property: Config\Custom::$transactionTypes
in APPPATH\Views\modules\transaction_add.php on line 33.
 1 APPPATH\Views\modules\transaction_add.php(33): CodeIgniter\Debug\Exceptions->errorHandler(2, 'Undefined property: Config\\Custom::$transactionTypes', 'APPPATH\\Views\\modules\\transaction_add.php', 33)
 2 SYSTEMPATH\View\View.php(213): include('APPPATH\\Views\\modules\\transaction_add.php')
 3 SYSTEMPATH\View\View.php(216): CodeIgniter\View\View->CodeIgniter\View\{closure}()
 4 SYSTEMPATH\Common.php(1134): CodeIgniter\View\View->render('modules/transaction_add', [], true)
 5 APPPATH\Controllers\TransactionController.php(20): view('modules/transaction_add')
 6 SYSTEMPATH\CodeIgniter.php(927): App\Controllers\TransactionController->transaction_add()
 7 SYSTEMPATH\CodeIgniter.php(482): CodeIgniter\CodeIgniter->runController(Object(App\Controllers\TransactionController))
 8 SYSTEMPATH\CodeIgniter.php(351): CodeIgniter\CodeIgniter->handleRequest(null, Object(Config\Cache), false)
 9 FCPATH\index.php(67): CodeIgniter\CodeIgniter->run()
10 SYSTEMPATH\Commands\Server\rewrite.php(46): require_once('FCPATH\\index.php')
ERROR - 2022-12-17 10:53:04 --> mysqli_sql_exception: Column 'details' cannot be null in D:\Projects\amdk\system\Database\MySQLi\Connection.php:292
Stack trace:
#0 D:\Projects\amdk\system\Database\MySQLi\Connection.php(292): mysqli->query('INSERT INTO `tr...', 0)
#1 D:\Projects\amdk\system\Database\BaseConnection.php(666): CodeIgniter\Database\MySQLi\Connection->execute('INSERT INTO `tr...')
#2 D:\Projects\amdk\system\Database\BaseConnection.php(593): CodeIgniter\Database\BaseConnection->simpleQuery('INSERT INTO `tr...')
#3 D:\Projects\amdk\system\Database\BaseBuilder.php(1916): CodeIgniter\Database\BaseConnection->query('INSERT INTO `tr...', Array, false)
#4 D:\Projects\amdk\system\Model.php(279): CodeIgniter\Database\BaseBuilder->insert()
#5 D:\Projects\amdk\system\BaseModel.php(749): CodeIgniter\Model->doInsert(Array)
#6 D:\Projects\amdk\system\Model.php(667): CodeIgniter\BaseModel->insert(Array, true)
#7 D:\Projects\amdk\app\Controllers\TransactionController.php(41): CodeIgniter\Model->insert(Array)
#8 D:\Projects\amdk\system\CodeIgniter.php(927): App\Controllers\TransactionController->transaction_add_process()
#9 D:\Projects\amdk\system\CodeIgniter.php(482): CodeIgniter\CodeIgniter->runController(Object(App\Controllers\TransactionController))
#10 D:\Projects\amdk\system\CodeIgniter.php(351): CodeIgniter\CodeIgniter->handleRequest(NULL, Object(Config\Cache), false)
#11 D:\Projects\amdk\public\index.php(67): CodeIgniter\CodeIgniter->run()
#12 D:\Projects\amdk\system\Commands\Server\rewrite.php(46): require_once('D:\\Projects\\amd...')
#13 {main}
CRITICAL - 2022-12-17 10:53:04 --> Column 'details' cannot be null
in SYSTEMPATH\Database\MySQLi\Connection.php on line 292.
 1 SYSTEMPATH\Database\MySQLi\Connection.php(292): mysqli->query('INSERT INTO `transactions` (`admin_id`, `details`, `credit`, `debit`, `date`) VALUES (\'1\', NULL, NULL, \'2000000\', \'2022-12-17\')', 0)
 2 SYSTEMPATH\Database\BaseConnection.php(666): CodeIgniter\Database\MySQLi\Connection->execute('INSERT INTO `transactions` (`admin_id`, `details`, `credit`, `debit`, `date`) VALUES (\'1\', NULL, NULL, \'2000000\', \'2022-12-17\')')
 3 SYSTEMPATH\Database\BaseConnection.php(593): CodeIgniter\Database\BaseConnection->simpleQuery('INSERT INTO `transactions` (`admin_id`, `details`, `credit`, `debit`, `date`) VALUES (\'1\', NULL, NULL, \'2000000\', \'2022-12-17\')')
 4 SYSTEMPATH\Database\BaseBuilder.php(1916): CodeIgniter\Database\BaseConnection->query('INSERT INTO `transactions` (`admin_id`, `details`, `credit`, `debit`, `date`) VALUES (:admin_id:, :details:, :credit:, :debit:, :date:)', [...], false)
 5 SYSTEMPATH\Model.php(279): CodeIgniter\Database\BaseBuilder->insert()
 6 SYSTEMPATH\BaseModel.php(749): CodeIgniter\Model->doInsert([...])
 7 SYSTEMPATH\Model.php(667): CodeIgniter\BaseModel->insert([...], true)
 8 APPPATH\Controllers\TransactionController.php(41): CodeIgniter\Model->insert([...])
 9 SYSTEMPATH\CodeIgniter.php(927): App\Controllers\TransactionController->transaction_add_process()
10 SYSTEMPATH\CodeIgniter.php(482): CodeIgniter\CodeIgniter->runController(Object(App\Controllers\TransactionController))
11 SYSTEMPATH\CodeIgniter.php(351): CodeIgniter\CodeIgniter->handleRequest(null, Object(Config\Cache), false)
12 FCPATH\index.php(67): CodeIgniter\CodeIgniter->run()
13 SYSTEMPATH\Commands\Server\rewrite.php(46): require_once('FCPATH\\index.php')
CRITICAL - 2022-12-17 10:59:34 --> Undefined variable $id
in APPPATH\Controllers\TransactionController.php on line 86.
 1 APPPATH\Controllers\TransactionController.php(86): CodeIgniter\Debug\Exceptions->errorHandler(2, 'Undefined variable $id', 'APPPATH\\Controllers\\TransactionController.php', 86)
 2 SYSTEMPATH\CodeIgniter.php(927): App\Controllers\TransactionController->transaction_edit_process()
 3 SYSTEMPATH\CodeIgniter.php(482): CodeIgniter\CodeIgniter->runController(Object(App\Controllers\TransactionController))
 4 SYSTEMPATH\CodeIgniter.php(351): CodeIgniter\CodeIgniter->handleRequest(null, Object(Config\Cache), false)
 5 FCPATH\index.php(67): CodeIgniter\CodeIgniter->run()
 6 SYSTEMPATH\Commands\Server\rewrite.php(46): require_once('FCPATH\\index.php')
CRITICAL - 2022-12-17 20:16:14 --> Attempt to read property "username" on null
in APPPATH\Config\Login.php on line 25.
 1 APPPATH\Config\Login.php(25): CodeIgniter\Debug\Exceptions->errorHandler(2, 'Attempt to read property "username" on null', 'APPPATH\\Config\\Login.php', 25)
 2 SYSTEMPATH\Config\Factories.php(129): Config\Login->__construct()
 3 SYSTEMPATH\Common.php(203): CodeIgniter\Config\Factories::__callStatic('config', [])
 4 APPPATH\Views\template.php(74): config('login')
 5 SYSTEMPATH\View\View.php(213): include('APPPATH\\Views\\template.php')
 6 SYSTEMPATH\View\View.php(216): CodeIgniter\View\View->CodeIgniter\View\{closure}()
 7 SYSTEMPATH\View\View.php(229): CodeIgniter\View\View->render('template', [], true)
 8 SYSTEMPATH\Common.php(1134): CodeIgniter\View\View->render('modules/product', [], true)
 9 APPPATH\Controllers\ProductController.php(12): view('modules/product')
10 SYSTEMPATH\CodeIgniter.php(927): App\Controllers\ProductController->product()
11 SYSTEMPATH\CodeIgniter.php(482): CodeIgniter\CodeIgniter->runController(Object(App\Controllers\ProductController))
12 SYSTEMPATH\CodeIgniter.php(351): CodeIgniter\CodeIgniter->handleRequest(null, Object(Config\Cache), false)
13 FCPATH\index.php(67): CodeIgniter\CodeIgniter->run()
14 SYSTEMPATH\Commands\Server\rewrite.php(46): require_once('FCPATH\\index.php')
