CRITICAL - 2022-12-13 20:46:40 --> Undefined property: App\Controllers\SupplierController::$buyModel
in APPPATH\Controllers\SupplierController.php on line 43.
 1 APPPATH\Controllers\SupplierController.php(43): CodeIgniter\Debug\Exceptions->errorHandler(2, 'Undefined property: App\\Controllers\\SupplierController::$buyModel', 'APPPATH\\Controllers\\SupplierController.php', 43)
 2 SYSTEMPATH\CodeIgniter.php(927): App\Controllers\SupplierController->supplier_delete_process('5')
 3 SYSTEMPATH\CodeIgniter.php(482): CodeIgniter\CodeIgniter->runController(Object(App\Controllers\SupplierController))
 4 SYSTEMPATH\CodeIgniter.php(351): CodeIgniter\CodeIgniter->handleRequest(null, Object(Config\Cache), false)
 5 FCPATH\index.php(67): CodeIgniter\CodeIgniter->run()
 6 SYSTEMPATH\Commands\Server\rewrite.php(46): require_once('FCPATH\\index.php')
CRITICAL - 2022-12-13 21:08:22 --> Undefined variable $suppliers
in APPPATH\Views\modules\customer.php on line 46.
 1 APPPATH\Views\modules\customer.php(46): CodeIgniter\Debug\Exceptions->errorHandler(2, 'Undefined variable $suppliers', 'APPPATH\\Views\\modules\\customer.php', 46)
 2 SYSTEMPATH\View\View.php(213): include('APPPATH\\Views\\modules\\customer.php')
 3 SYSTEMPATH\View\View.php(216): CodeIgniter\View\View->CodeIgniter\View\{closure}()
 4 SYSTEMPATH\Common.php(1134): CodeIgniter\View\View->render('modules/customer', [], true)
 5 APPPATH\Controllers\CustomerController.php(16): view('modules/customer', [...])
 6 SYSTEMPATH\CodeIgniter.php(927): App\Controllers\CustomerController->customer()
 7 SYSTEMPATH\CodeIgniter.php(482): CodeIgniter\CodeIgniter->runController(Object(App\Controllers\CustomerController))
 8 SYSTEMPATH\CodeIgniter.php(351): CodeIgniter\CodeIgniter->handleRequest(null, Object(Config\Cache), false)
 9 FCPATH\index.php(67): CodeIgniter\CodeIgniter->run()
10 SYSTEMPATH\Commands\Server\rewrite.php(46): require_once('FCPATH\\index.php')
ERROR - 2022-12-13 21:13:54 --> mysqli_sql_exception: Column 'phone' cannot be null in D:\Projects\amdk\system\Database\MySQLi\Connection.php:292
Stack trace:
#0 D:\Projects\amdk\system\Database\MySQLi\Connection.php(292): mysqli->query('INSERT INTO `su...', 0)
#1 D:\Projects\amdk\system\Database\BaseConnection.php(666): CodeIgniter\Database\MySQLi\Connection->execute('INSERT INTO `su...')
#2 D:\Projects\amdk\system\Database\BaseConnection.php(593): CodeIgniter\Database\BaseConnection->simpleQuery('INSERT INTO `su...')
#3 D:\Projects\amdk\system\Database\BaseBuilder.php(1916): CodeIgniter\Database\BaseConnection->query('INSERT INTO `su...', Array, false)
#4 D:\Projects\amdk\system\Model.php(279): CodeIgniter\Database\BaseBuilder->insert()
#5 D:\Projects\amdk\system\BaseModel.php(749): CodeIgniter\Model->doInsert(Array)
#6 D:\Projects\amdk\system\Model.php(667): CodeIgniter\BaseModel->insert(Array, true)
#7 D:\Projects\amdk\app\Controllers\SupplierController.php(33): CodeIgniter\Model->insert(Array)
#8 D:\Projects\amdk\system\CodeIgniter.php(927): App\Controllers\SupplierController->supplier_add_process()
#9 D:\Projects\amdk\system\CodeIgniter.php(482): CodeIgniter\CodeIgniter->runController(Object(App\Controllers\SupplierController))
#10 D:\Projects\amdk\system\CodeIgniter.php(351): CodeIgniter\CodeIgniter->handleRequest(NULL, Object(Config\Cache), false)
#11 D:\Projects\amdk\public\index.php(67): CodeIgniter\CodeIgniter->run()
#12 D:\Projects\amdk\system\Commands\Server\rewrite.php(46): require_once('D:\\Projects\\amd...')
#13 {main}
CRITICAL - 2022-12-13 21:13:54 --> Column 'phone' cannot be null
in SYSTEMPATH\Database\MySQLi\Connection.php on line 292.
 1 SYSTEMPATH\Database\MySQLi\Connection.php(292): mysqli->query('INSERT INTO `suppliers` (`name`, `phone`, `mobile`, `email`, `address`) VALUES (\'Hafiizh\', NULL, \'089123123\', NULL, \'Majasem\')', 0)
 2 SYSTEMPATH\Database\BaseConnection.php(666): CodeIgniter\Database\MySQLi\Connection->execute('INSERT INTO `suppliers` (`name`, `phone`, `mobile`, `email`, `address`) VALUES (\'Hafiizh\', NULL, \'089123123\', NULL, \'Majasem\')')
 3 SYSTEMPATH\Database\BaseConnection.php(593): CodeIgniter\Database\BaseConnection->simpleQuery('INSERT INTO `suppliers` (`name`, `phone`, `mobile`, `email`, `address`) VALUES (\'Hafiizh\', NULL, \'089123123\', NULL, \'Majasem\')')
 4 SYSTEMPATH\Database\BaseBuilder.php(1916): CodeIgniter\Database\BaseConnection->query('INSERT INTO `suppliers` (`name`, `phone`, `mobile`, `email`, `address`) VALUES (:name:, :phone:, :mobile:, :email:, :address:)', [...], false)
 5 SYSTEMPATH\Model.php(279): CodeIgniter\Database\BaseBuilder->insert()
 6 SYSTEMPATH\BaseModel.php(749): CodeIgniter\Model->doInsert([...])
 7 SYSTEMPATH\Model.php(667): CodeIgniter\BaseModel->insert([...], true)
 8 APPPATH\Controllers\SupplierController.php(33): CodeIgniter\Model->insert([...])
 9 SYSTEMPATH\CodeIgniter.php(927): App\Controllers\SupplierController->supplier_add_process()
10 SYSTEMPATH\CodeIgniter.php(482): CodeIgniter\CodeIgniter->runController(Object(App\Controllers\SupplierController))
11 SYSTEMPATH\CodeIgniter.php(351): CodeIgniter\CodeIgniter->handleRequest(null, Object(Config\Cache), false)
12 FCPATH\index.php(67): CodeIgniter\CodeIgniter->run()
13 SYSTEMPATH\Commands\Server\rewrite.php(46): require_once('FCPATH\\index.php')
CRITICAL - 2022-12-13 21:14:39 --> Invalid file: modules/customer_edit.php
in SYSTEMPATH\Exceptions\FrameworkException.php on line 33.
 1 SYSTEMPATH\View\View.php(201): CodeIgniter\Exceptions\FrameworkException::forInvalidFile('modules/customer_edit.php')
 2 SYSTEMPATH\Common.php(1134): CodeIgniter\View\View->render('modules/customer_edit', [], true)
 3 APPPATH\Controllers\CustomerController.php(66): view('modules/customer_edit', [...])
 4 SYSTEMPATH\CodeIgniter.php(927): App\Controllers\CustomerController->customer_edit('2')
 5 SYSTEMPATH\CodeIgniter.php(482): CodeIgniter\CodeIgniter->runController(Object(App\Controllers\CustomerController))
 6 SYSTEMPATH\CodeIgniter.php(351): CodeIgniter\CodeIgniter->handleRequest(null, Object(Config\Cache), false)
 7 FCPATH\index.php(67): CodeIgniter\CodeIgniter->run()
 8 SYSTEMPATH\Commands\Server\rewrite.php(46): require_once('FCPATH\\index.php')
