CRITICAL - 2022-12-29 07:11:26 --> Undefined variable: products
in APPPATH\Views\modules\product.php on line 47.
 1 APPPATH\Views\modules\product.php(47): CodeIgniter\Debug\Exceptions->errorHandler(8, 'Undefined variable: products', 'APPPATH\\Views\\modules\\product.php', 47, [...])
 2 SYSTEMPATH\View\View.php(213): include('APPPATH\\Views\\modules\\product.php')
 3 SYSTEMPATH\View\View.php(216): CodeIgniter\View\View->CodeIgniter\View\{closure}()
 4 SYSTEMPATH\Common.php(1134): CodeIgniter\View\View->render('modules/product', [], true)
 5 APPPATH\Controllers\ProductController.php(73): view('modules/product', [...])
 6 SYSTEMPATH\CodeIgniter.php(927): App\Controllers\ProductController->product_edit('1')
 7 SYSTEMPATH\CodeIgniter.php(482): CodeIgniter\CodeIgniter->runController(Object(App\Controllers\ProductController))
 8 SYSTEMPATH\CodeIgniter.php(351): CodeIgniter\CodeIgniter->handleRequest(null, Object(Config\Cache), false)
 9 FCPATH\index.php(67): CodeIgniter\CodeIgniter->run()
10 SYSTEMPATH\Commands\Server\rewrite.php(46): require_once('FCPATH\\index.php')
CRITICAL - 2022-12-29 07:11:49 --> Trying to get property 'name' of non-object
in APPPATH\Views\modules\product_edit.php on line 31.
 1 APPPATH\Views\modules\product_edit.php(31): CodeIgniter\Debug\Exceptions->errorHandler(8, 'Trying to get property \'name\' of non-object', 'APPPATH\\Views\\modules\\product_edit.php', 31, [...])
 2 SYSTEMPATH\View\View.php(213): include('APPPATH\\Views\\modules\\product_edit.php')
 3 SYSTEMPATH\View\View.php(216): CodeIgniter\View\View->CodeIgniter\View\{closure}()
 4 SYSTEMPATH\Common.php(1134): CodeIgniter\View\View->render('modules/product_edit', [], true)
 5 APPPATH\Controllers\ProductController.php(73): view('modules/product_edit', [...])
 6 SYSTEMPATH\CodeIgniter.php(927): App\Controllers\ProductController->product_edit('1')
 7 SYSTEMPATH\CodeIgniter.php(482): CodeIgniter\CodeIgniter->runController(Object(App\Controllers\ProductController))
 8 SYSTEMPATH\CodeIgniter.php(351): CodeIgniter\CodeIgniter->handleRequest(null, Object(Config\Cache), false)
 9 FCPATH\index.php(67): CodeIgniter\CodeIgniter->run()
10 SYSTEMPATH\Commands\Server\rewrite.php(46): require_once('FCPATH\\index.php')
CRITICAL - 2022-12-29 07:12:45 --> Undefined property: stdClass::$quantity
in APPPATH\Views\modules\product_edit.php on line 52.
 1 APPPATH\Views\modules\product_edit.php(52): CodeIgniter\Debug\Exceptions->errorHandler(8, 'Undefined property: stdClass::$quantity', 'APPPATH\\Views\\modules\\product_edit.php', 52, [...])
 2 SYSTEMPATH\View\View.php(213): include('APPPATH\\Views\\modules\\product_edit.php')
 3 SYSTEMPATH\View\View.php(216): CodeIgniter\View\View->CodeIgniter\View\{closure}()
 4 SYSTEMPATH\Common.php(1134): CodeIgniter\View\View->render('modules/product_edit', [], true)
 5 APPPATH\Controllers\ProductController.php(73): view('modules/product_edit', [...])
 6 SYSTEMPATH\CodeIgniter.php(927): App\Controllers\ProductController->product_edit('1')
 7 SYSTEMPATH\CodeIgniter.php(482): CodeIgniter\CodeIgniter->runController(Object(App\Controllers\ProductController))
 8 SYSTEMPATH\CodeIgniter.php(351): CodeIgniter\CodeIgniter->handleRequest(null, Object(Config\Cache), false)
 9 FCPATH\index.php(67): CodeIgniter\CodeIgniter->run()
10 SYSTEMPATH\Commands\Server\rewrite.php(46): require_once('FCPATH\\index.php')
CRITICAL - 2022-12-29 07:43:04 --> count(): Parameter must be an array or an object that implements Countable
in APPPATH\Controllers\ProductController.php on line 111.
 1 [internal function]: CodeIgniter\Debug\Exceptions->errorHandler(2, 'count(): Parameter must be an array or an object that implements Countable', 'APPPATH\\Controllers\\ProductController.php', 111, [...])
 2 APPPATH\Controllers\ProductController.php(111): count(null)
 3 SYSTEMPATH\CodeIgniter.php(927): App\Controllers\ProductController->product_edit_process('1')
 4 SYSTEMPATH\CodeIgniter.php(482): CodeIgniter\CodeIgniter->runController(Object(App\Controllers\ProductController))
 5 SYSTEMPATH\CodeIgniter.php(351): CodeIgniter\CodeIgniter->handleRequest(null, Object(Config\Cache), false)
 6 FCPATH\index.php(67): CodeIgniter\CodeIgniter->run()
 7 SYSTEMPATH\Commands\Server\rewrite.php(46): require_once('FCPATH\\index.php')
CRITICAL - 2022-12-29 07:54:41 --> Trying to access array offset on value of type null
in APPPATH\Controllers\ProductController.php on line 101.
 1 APPPATH\Controllers\ProductController.php(101): CodeIgniter\Debug\Exceptions->errorHandler(8, 'Trying to access array offset on value of type null', 'APPPATH\\Controllers\\ProductController.php', 101, [...])
 2 SYSTEMPATH\CodeIgniter.php(927): App\Controllers\ProductController->product_edit_process('1')
 3 SYSTEMPATH\CodeIgniter.php(482): CodeIgniter\CodeIgniter->runController(Object(App\Controllers\ProductController))
 4 SYSTEMPATH\CodeIgniter.php(351): CodeIgniter\CodeIgniter->handleRequest(null, Object(Config\Cache), false)
 5 FCPATH\index.php(67): CodeIgniter\CodeIgniter->run()
 6 SYSTEMPATH\Commands\Server\rewrite.php(46): require_once('FCPATH\\index.php')
CRITICAL - 2022-12-29 07:55:15 --> Trying to access array offset on value of type null
in APPPATH\Controllers\ProductController.php on line 101.
 1 APPPATH\Controllers\ProductController.php(101): CodeIgniter\Debug\Exceptions->errorHandler(8, 'Trying to access array offset on value of type null', 'APPPATH\\Controllers\\ProductController.php', 101, [...])
 2 SYSTEMPATH\CodeIgniter.php(927): App\Controllers\ProductController->product_edit_process('1')
 3 SYSTEMPATH\CodeIgniter.php(482): CodeIgniter\CodeIgniter->runController(Object(App\Controllers\ProductController))
 4 SYSTEMPATH\CodeIgniter.php(351): CodeIgniter\CodeIgniter->handleRequest(null, Object(Config\Cache), false)
 5 FCPATH\index.php(67): CodeIgniter\CodeIgniter->run()
 6 SYSTEMPATH\Commands\Server\rewrite.php(46): require_once('FCPATH\\index.php')
CRITICAL - 2022-12-29 07:56:34 --> Trying to access array offset on value of type null
in APPPATH\Controllers\ProductController.php on line 101.
 1 APPPATH\Controllers\ProductController.php(101): CodeIgniter\Debug\Exceptions->errorHandler(8, 'Trying to access array offset on value of type null', 'APPPATH\\Controllers\\ProductController.php', 101, [...])
 2 SYSTEMPATH\CodeIgniter.php(927): App\Controllers\ProductController->product_edit_process('1')
 3 SYSTEMPATH\CodeIgniter.php(482): CodeIgniter\CodeIgniter->runController(Object(App\Controllers\ProductController))
 4 SYSTEMPATH\CodeIgniter.php(351): CodeIgniter\CodeIgniter->handleRequest(null, Object(Config\Cache), false)
 5 FCPATH\index.php(67): CodeIgniter\CodeIgniter->run()
 6 SYSTEMPATH\Commands\Server\rewrite.php(46): require_once('FCPATH\\index.php')
CRITICAL - 2022-12-29 07:57:05 --> Undefined variable: quantity_price_edit
in APPPATH\Controllers\ProductController.php on line 93.
 1 APPPATH\Controllers\ProductController.php(93): CodeIgniter\Debug\Exceptions->errorHandler(8, 'Undefined variable: quantity_price_edit', 'APPPATH\\Controllers\\ProductController.php', 93, [...])
 2 SYSTEMPATH\CodeIgniter.php(927): App\Controllers\ProductController->product_edit_process('1')
 3 SYSTEMPATH\CodeIgniter.php(482): CodeIgniter\CodeIgniter->runController(Object(App\Controllers\ProductController))
 4 SYSTEMPATH\CodeIgniter.php(351): CodeIgniter\CodeIgniter->handleRequest(null, Object(Config\Cache), false)
 5 FCPATH\index.php(67): CodeIgniter\CodeIgniter->run()
 6 SYSTEMPATH\Commands\Server\rewrite.php(46): require_once('FCPATH\\index.php')
CRITICAL - 2022-12-29 07:57:58 --> Trying to access array offset on value of type null
in APPPATH\Controllers\ProductController.php on line 100.
 1 APPPATH\Controllers\ProductController.php(100): CodeIgniter\Debug\Exceptions->errorHandler(8, 'Trying to access array offset on value of type null', 'APPPATH\\Controllers\\ProductController.php', 100, [...])
 2 SYSTEMPATH\CodeIgniter.php(927): App\Controllers\ProductController->product_edit_process('1')
 3 SYSTEMPATH\CodeIgniter.php(482): CodeIgniter\CodeIgniter->runController(Object(App\Controllers\ProductController))
 4 SYSTEMPATH\CodeIgniter.php(351): CodeIgniter\CodeIgniter->handleRequest(null, Object(Config\Cache), false)
 5 FCPATH\index.php(67): CodeIgniter\CodeIgniter->run()
 6 SYSTEMPATH\Commands\Server\rewrite.php(46): require_once('FCPATH\\index.php')
CRITICAL - 2022-12-29 12:48:29 --> count(): Parameter must be an array or an object that implements Countable
in APPPATH\Controllers\ProductController.php on line 96.
 1 [internal function]: CodeIgniter\Debug\Exceptions->errorHandler(2, 'count(): Parameter must be an array or an object that implements Countable', 'APPPATH\\Controllers\\ProductController.php', 96, [...])
 2 APPPATH\Controllers\ProductController.php(96): count(null)
 3 SYSTEMPATH\CodeIgniter.php(927): App\Controllers\ProductController->product_edit_process('3')
 4 SYSTEMPATH\CodeIgniter.php(482): CodeIgniter\CodeIgniter->runController(Object(App\Controllers\ProductController))
 5 SYSTEMPATH\CodeIgniter.php(351): CodeIgniter\CodeIgniter->handleRequest(null, Object(Config\Cache), false)
 6 FCPATH\index.php(67): CodeIgniter\CodeIgniter->run()
 7 SYSTEMPATH\Commands\Server\rewrite.php(46): require_once('FCPATH\\index.php')
CRITICAL - 2022-12-29 12:56:31 --> Undefined variable: item
in APPPATH\Views\modules\product_edit.php on line 98.
 1 APPPATH\Views\modules\product_edit.php(98): CodeIgniter\Debug\Exceptions->errorHandler(8, 'Undefined variable: item', 'APPPATH\\Views\\modules\\product_edit.php', 98, [...])
 2 SYSTEMPATH\View\View.php(213): include('APPPATH\\Views\\modules\\product_edit.php')
 3 SYSTEMPATH\View\View.php(216): CodeIgniter\View\View->CodeIgniter\View\{closure}()
 4 SYSTEMPATH\Common.php(1134): CodeIgniter\View\View->render('modules/product_edit', [], true)
 5 APPPATH\Controllers\ProductController.php(73): view('modules/product_edit', [...])
 6 SYSTEMPATH\CodeIgniter.php(927): App\Controllers\ProductController->product_edit('3')
 7 SYSTEMPATH\CodeIgniter.php(482): CodeIgniter\CodeIgniter->runController(Object(App\Controllers\ProductController))
 8 SYSTEMPATH\CodeIgniter.php(351): CodeIgniter\CodeIgniter->handleRequest(null, Object(Config\Cache), false)
 9 FCPATH\index.php(67): CodeIgniter\CodeIgniter->run()
10 SYSTEMPATH\Commands\Server\rewrite.php(46): require_once('FCPATH\\index.php')
