CRITICAL - 2022-12-31 07:28:13 --> Trying to get property 'stocks' of non-object
in APPPATH\Controllers\ProductionController.php on line 131.
 1 APPPATH\Controllers\ProductionController.php(131): CodeIgniter\Debug\Exceptions->errorHandler(8, 'Trying to get property \'stocks\' of non-object', 'APPPATH\\Controllers\\ProductionController.php', 131, [...])
 2 SYSTEMPATH\CodeIgniter.php(927): App\Controllers\ProductionController->production_edit_process()
 3 SYSTEMPATH\CodeIgniter.php(482): CodeIgniter\CodeIgniter->runController(Object(App\Controllers\ProductionController))
 4 SYSTEMPATH\CodeIgniter.php(351): CodeIgniter\CodeIgniter->handleRequest(null, Object(Config\Cache), false)
 5 FCPATH\index.php(67): CodeIgniter\CodeIgniter->run()
 6 SYSTEMPATH\Commands\Server\rewrite.php(46): require_once('FCPATH\\index.php')
CRITICAL - 2022-12-31 07:41:01 --> Undefined variable: product
in APPPATH\Views\modules\production_manage.php on line 31.
 1 APPPATH\Views\modules\production_manage.php(31): CodeIgniter\Debug\Exceptions->errorHandler(8, 'Undefined variable: product', 'APPPATH\\Views\\modules\\production_manage.php', 31, [...])
 2 SYSTEMPATH\View\View.php(213): include('APPPATH\\Views\\modules\\production_manage.php')
 3 SYSTEMPATH\View\View.php(216): CodeIgniter\View\View->CodeIgniter\View\{closure}()
 4 SYSTEMPATH\Common.php(1134): CodeIgniter\View\View->render('modules/production_manage', [], true)
 5 APPPATH\Controllers\ProductionController.php(166): view('modules/production_manage', [...])
 6 SYSTEMPATH\CodeIgniter.php(927): App\Controllers\ProductionController->production_manage('1')
 7 SYSTEMPATH\CodeIgniter.php(482): CodeIgniter\CodeIgniter->runController(Object(App\Controllers\ProductionController))
 8 SYSTEMPATH\CodeIgniter.php(351): CodeIgniter\CodeIgniter->handleRequest(null, Object(Config\Cache), false)
 9 FCPATH\index.php(67): CodeIgniter\CodeIgniter->run()
10 SYSTEMPATH\Commands\Server\rewrite.php(46): require_once('FCPATH\\index.php')
CRITICAL - 2022-12-31 07:41:03 --> Undefined variable: product
in APPPATH\Views\modules\production_manage.php on line 31.
 1 APPPATH\Views\modules\production_manage.php(31): CodeIgniter\Debug\Exceptions->errorHandler(8, 'Undefined variable: product', 'APPPATH\\Views\\modules\\production_manage.php', 31, [...])
 2 SYSTEMPATH\View\View.php(213): include('APPPATH\\Views\\modules\\production_manage.php')
 3 SYSTEMPATH\View\View.php(216): CodeIgniter\View\View->CodeIgniter\View\{closure}()
 4 SYSTEMPATH\Common.php(1134): CodeIgniter\View\View->render('modules/production_manage', [], true)
 5 APPPATH\Controllers\ProductionController.php(166): view('modules/production_manage', [...])
 6 SYSTEMPATH\CodeIgniter.php(927): App\Controllers\ProductionController->production_manage('1')
 7 SYSTEMPATH\CodeIgniter.php(482): CodeIgniter\CodeIgniter->runController(Object(App\Controllers\ProductionController))
 8 SYSTEMPATH\CodeIgniter.php(351): CodeIgniter\CodeIgniter->handleRequest(null, Object(Config\Cache), false)
 9 FCPATH\index.php(67): CodeIgniter\CodeIgniter->run()
10 SYSTEMPATH\Commands\Server\rewrite.php(46): require_once('FCPATH\\index.php')
ERROR - 2022-12-31 07:44:47 --> mysqli_sql_exception: Unknown column 'production_id' in 'field list' in C:\laragon\www\projects\amdk\system\Database\MySQLi\Connection.php:292
Stack trace:
#0 C:\laragon\www\projects\amdk\system\Database\MySQLi\Connection.php(292): mysqli->query('UPDATE `product...', 0)
#1 C:\laragon\www\projects\amdk\system\Database\BaseConnection.php(666): CodeIgniter\Database\MySQLi\Connection->execute('UPDATE `product...')
#2 C:\laragon\www\projects\amdk\system\Database\BaseConnection.php(593): CodeIgniter\Database\BaseConnection->simpleQuery('UPDATE `product...')
#3 C:\laragon\www\projects\amdk\system\Database\BaseBuilder.php(2079): CodeIgniter\Database\BaseConnection->query('UPDATE `product...', Array, false)
#4 C:\laragon\www\projects\amdk\system\Model.php(338): CodeIgniter\Database\BaseBuilder->update()
#5 C:\laragon\www\projects\amdk\system\BaseModel.php(886): CodeIgniter\Model->doUpdate(NULL, Array)
#6 C:\laragon\www\projects\amdk\system\Model.php(693): CodeIgniter\BaseModel->update(NULL, Array)
#7 C:\laragon\www\projects\amdk\app\Controllers\ProductionController.php(129): CodeIgniter\Model->update()
#8 C:\laragon\www\projects\amdk\system\CodeIgniter.php(927): App\Controllers\ProductionController->production_edit_process()
#9 C:\laragon\www\projects\amdk\system\CodeIgniter.php(482): CodeIgniter\CodeIgniter->runController(Object(App\Controllers\ProductionController))
#10 C:\laragon\www\projects\amdk\system\CodeIgniter.php(351): CodeIgniter\CodeIgniter->handleRequest(NULL, Object(Config\Cache), false)
#11 C:\laragon\www\projects\amdk\public\index.php(67): CodeIgniter\CodeIgniter->run()
#12 C:\laragon\www\projects\amdk\system\Commands\Server\rewrite.php(46): require_once('C:\\laragon\\www\\...')
#13 {main}
CRITICAL - 2022-12-31 07:44:47 --> Unknown column 'production_id' in 'field list'
in SYSTEMPATH\Database\MySQLi\Connection.php on line 292.
 1 SYSTEMPATH\Database\MySQLi\Connection.php(292): mysqli->query('UPDATE `productions` SET `production_id` = \'1\', `product_id` = NULL, `admin_id` = \'1\', `snapshot_product_name` = \'Aqua\', `snapshot_product_unit` = \'Cup\', `snapshot_product_price` = \'300000\', `targets` = \'10\', `achieveds` = \'10\', `faileds` = \'0\', `production_date` = \'2022-12-30\', `estimation_date` = \'2022-12-31\', `finish_date` = \'2022-12-31\'
WHERE `id` = \'1\'', 0)
 2 SYSTEMPATH\Database\BaseConnection.php(666): CodeIgniter\Database\MySQLi\Connection->execute('UPDATE `productions` SET `production_id` = \'1\', `product_id` = NULL, `admin_id` = \'1\', `snapshot_product_name` = \'Aqua\', `snapshot_product_unit` = \'Cup\', `snapshot_product_price` = \'300000\', `targets` = \'10\', `achieveds` = \'10\', `faileds` = \'0\', `production_date` = \'2022-12-30\', `estimation_date` = \'2022-12-31\', `finish_date` = \'2022-12-31\'
WHERE `id` = \'1\'')
 3 SYSTEMPATH\Database\BaseConnection.php(593): CodeIgniter\Database\BaseConnection->simpleQuery('UPDATE `productions` SET `production_id` = \'1\', `product_id` = NULL, `admin_id` = \'1\', `snapshot_product_name` = \'Aqua\', `snapshot_product_unit` = \'Cup\', `snapshot_product_price` = \'300000\', `targets` = \'10\', `achieveds` = \'10\', `faileds` = \'0\', `production_date` = \'2022-12-30\', `estimation_date` = \'2022-12-31\', `finish_date` = \'2022-12-31\'
WHERE `id` = \'1\'')
 4 SYSTEMPATH\Database\BaseBuilder.php(2079): CodeIgniter\Database\BaseConnection->query('UPDATE `productions` SET `production_id` = :production_id:, `product_id` = :product_id:, `admin_id` = :admin_id:, `snapshot_product_name` = :snapshot_product_name:, `snapshot_product_unit` = :snapshot_product_unit:, `snapshot_product_price` = :snapshot_product_price:, `targets` = :targets:, `achieveds` = :achieveds:, `faileds` = :faileds:, `production_date` = :production_date:, `estimation_date` = :estimation_date:, `finish_date` = :finish_date:
WHERE `id` = :id:', [...], false)
 5 SYSTEMPATH\Model.php(338): CodeIgniter\Database\BaseBuilder->update()
 6 SYSTEMPATH\BaseModel.php(886): CodeIgniter\Model->doUpdate(null, [...])
 7 SYSTEMPATH\Model.php(693): CodeIgniter\BaseModel->update(null, [...])
 8 APPPATH\Controllers\ProductionController.php(129): CodeIgniter\Model->update()
 9 SYSTEMPATH\CodeIgniter.php(927): App\Controllers\ProductionController->production_edit_process()
10 SYSTEMPATH\CodeIgniter.php(482): CodeIgniter\CodeIgniter->runController(Object(App\Controllers\ProductionController))
11 SYSTEMPATH\CodeIgniter.php(351): CodeIgniter\CodeIgniter->handleRequest(null, Object(Config\Cache), false)
12 FCPATH\index.php(67): CodeIgniter\CodeIgniter->run()
13 SYSTEMPATH\Commands\Server\rewrite.php(46): require_once('FCPATH\\index.php')
CRITICAL - 2022-12-31 08:42:10 --> Trying to get property 'id' of non-object
in APPPATH\Views\modules\production_manage.php on line 29.
 1 APPPATH\Views\modules\production_manage.php(29): CodeIgniter\Debug\Exceptions->errorHandler(8, 'Trying to get property \'id\' of non-object', 'APPPATH\\Views\\modules\\production_manage.php', 29, [...])
 2 SYSTEMPATH\View\View.php(213): include('APPPATH\\Views\\modules\\production_manage.php')
 3 SYSTEMPATH\View\View.php(216): CodeIgniter\View\View->CodeIgniter\View\{closure}()
 4 SYSTEMPATH\Common.php(1134): CodeIgniter\View\View->render('modules/production_manage', [], true)
 5 APPPATH\Controllers\ProductionController.php(167): view('modules/production_manage', [...])
 6 SYSTEMPATH\CodeIgniter.php(927): App\Controllers\ProductionController->production_manage('2')
 7 SYSTEMPATH\CodeIgniter.php(482): CodeIgniter\CodeIgniter->runController(Object(App\Controllers\ProductionController))
 8 SYSTEMPATH\CodeIgniter.php(351): CodeIgniter\CodeIgniter->handleRequest(null, Object(Config\Cache), false)
 9 FCPATH\index.php(67): CodeIgniter\CodeIgniter->run()
10 SYSTEMPATH\Commands\Server\rewrite.php(46): require_once('FCPATH\\index.php')
CRITICAL - 2022-12-31 08:42:12 --> Trying to get property 'id' of non-object
in APPPATH\Views\modules\production_manage.php on line 29.
 1 APPPATH\Views\modules\production_manage.php(29): CodeIgniter\Debug\Exceptions->errorHandler(8, 'Trying to get property \'id\' of non-object', 'APPPATH\\Views\\modules\\production_manage.php', 29, [...])
 2 SYSTEMPATH\View\View.php(213): include('APPPATH\\Views\\modules\\production_manage.php')
 3 SYSTEMPATH\View\View.php(216): CodeIgniter\View\View->CodeIgniter\View\{closure}()
 4 SYSTEMPATH\Common.php(1134): CodeIgniter\View\View->render('modules/production_manage', [], true)
 5 APPPATH\Controllers\ProductionController.php(167): view('modules/production_manage', [...])
 6 SYSTEMPATH\CodeIgniter.php(927): App\Controllers\ProductionController->production_manage('2')
 7 SYSTEMPATH\CodeIgniter.php(482): CodeIgniter\CodeIgniter->runController(Object(App\Controllers\ProductionController))
 8 SYSTEMPATH\CodeIgniter.php(351): CodeIgniter\CodeIgniter->handleRequest(null, Object(Config\Cache), false)
 9 FCPATH\index.php(67): CodeIgniter\CodeIgniter->run()
10 SYSTEMPATH\Commands\Server\rewrite.php(46): require_once('FCPATH\\index.php')
CRITICAL - 2022-12-31 08:42:13 --> Trying to get property 'id' of non-object
in APPPATH\Views\modules\production_manage.php on line 29.
 1 APPPATH\Views\modules\production_manage.php(29): CodeIgniter\Debug\Exceptions->errorHandler(8, 'Trying to get property \'id\' of non-object', 'APPPATH\\Views\\modules\\production_manage.php', 29, [...])
 2 SYSTEMPATH\View\View.php(213): include('APPPATH\\Views\\modules\\production_manage.php')
 3 SYSTEMPATH\View\View.php(216): CodeIgniter\View\View->CodeIgniter\View\{closure}()
 4 SYSTEMPATH\Common.php(1134): CodeIgniter\View\View->render('modules/production_manage', [], true)
 5 APPPATH\Controllers\ProductionController.php(167): view('modules/production_manage', [...])
 6 SYSTEMPATH\CodeIgniter.php(927): App\Controllers\ProductionController->production_manage('2')
 7 SYSTEMPATH\CodeIgniter.php(482): CodeIgniter\CodeIgniter->runController(Object(App\Controllers\ProductionController))
 8 SYSTEMPATH\CodeIgniter.php(351): CodeIgniter\CodeIgniter->handleRequest(null, Object(Config\Cache), false)
 9 FCPATH\index.php(67): CodeIgniter\CodeIgniter->run()
10 SYSTEMPATH\Commands\Server\rewrite.php(46): require_once('FCPATH\\index.php')
CRITICAL - 2022-12-31 08:42:15 --> Trying to get property 'id' of non-object
in APPPATH\Views\modules\production_manage.php on line 29.
 1 APPPATH\Views\modules\production_manage.php(29): CodeIgniter\Debug\Exceptions->errorHandler(8, 'Trying to get property \'id\' of non-object', 'APPPATH\\Views\\modules\\production_manage.php', 29, [...])
 2 SYSTEMPATH\View\View.php(213): include('APPPATH\\Views\\modules\\production_manage.php')
 3 SYSTEMPATH\View\View.php(216): CodeIgniter\View\View->CodeIgniter\View\{closure}()
 4 SYSTEMPATH\Common.php(1134): CodeIgniter\View\View->render('modules/production_manage', [], true)
 5 APPPATH\Controllers\ProductionController.php(167): view('modules/production_manage', [...])
 6 SYSTEMPATH\CodeIgniter.php(927): App\Controllers\ProductionController->production_manage('2')
 7 SYSTEMPATH\CodeIgniter.php(482): CodeIgniter\CodeIgniter->runController(Object(App\Controllers\ProductionController))
 8 SYSTEMPATH\CodeIgniter.php(351): CodeIgniter\CodeIgniter->handleRequest(null, Object(Config\Cache), false)
 9 FCPATH\index.php(67): CodeIgniter\CodeIgniter->run()
10 SYSTEMPATH\Commands\Server\rewrite.php(46): require_once('FCPATH\\index.php')
CRITICAL - 2022-12-31 08:58:09 --> Trying to get property 'id' of non-object
in APPPATH\Views\modules\production_manage.php on line 29.
 1 APPPATH\Views\modules\production_manage.php(29): CodeIgniter\Debug\Exceptions->errorHandler(8, 'Trying to get property \'id\' of non-object', 'APPPATH\\Views\\modules\\production_manage.php', 29, [...])
 2 SYSTEMPATH\View\View.php(213): include('APPPATH\\Views\\modules\\production_manage.php')
 3 SYSTEMPATH\View\View.php(216): CodeIgniter\View\View->CodeIgniter\View\{closure}()
 4 SYSTEMPATH\Common.php(1134): CodeIgniter\View\View->render('modules/production_manage', [], true)
 5 APPPATH\Controllers\ProductionController.php(169): view('modules/production_manage', [...])
 6 SYSTEMPATH\CodeIgniter.php(927): App\Controllers\ProductionController->production_manage('5')
 7 SYSTEMPATH\CodeIgniter.php(482): CodeIgniter\CodeIgniter->runController(Object(App\Controllers\ProductionController))
 8 SYSTEMPATH\CodeIgniter.php(351): CodeIgniter\CodeIgniter->handleRequest(null, Object(Config\Cache), false)
 9 FCPATH\index.php(67): CodeIgniter\CodeIgniter->run()
10 SYSTEMPATH\Commands\Server\rewrite.php(46): require_once('FCPATH\\index.php')
CRITICAL - 2022-12-31 08:58:14 --> Trying to get property 'id' of non-object
in APPPATH\Views\modules\production_manage.php on line 29.
 1 APPPATH\Views\modules\production_manage.php(29): CodeIgniter\Debug\Exceptions->errorHandler(8, 'Trying to get property \'id\' of non-object', 'APPPATH\\Views\\modules\\production_manage.php', 29, [...])
 2 SYSTEMPATH\View\View.php(213): include('APPPATH\\Views\\modules\\production_manage.php')
 3 SYSTEMPATH\View\View.php(216): CodeIgniter\View\View->CodeIgniter\View\{closure}()
 4 SYSTEMPATH\Common.php(1134): CodeIgniter\View\View->render('modules/production_manage', [], true)
 5 APPPATH\Controllers\ProductionController.php(169): view('modules/production_manage', [...])
 6 SYSTEMPATH\CodeIgniter.php(927): App\Controllers\ProductionController->production_manage('5')
 7 SYSTEMPATH\CodeIgniter.php(482): CodeIgniter\CodeIgniter->runController(Object(App\Controllers\ProductionController))
 8 SYSTEMPATH\CodeIgniter.php(351): CodeIgniter\CodeIgniter->handleRequest(null, Object(Config\Cache), false)
 9 FCPATH\index.php(67): CodeIgniter\CodeIgniter->run()
10 SYSTEMPATH\Commands\Server\rewrite.php(46): require_once('FCPATH\\index.php')
CRITICAL - 2022-12-31 09:02:34 --> date() expects at least 1 parameter, 0 given
in APPPATH\Controllers\ProductionController.php on line 126.
 1 [internal function]: CodeIgniter\Debug\Exceptions->errorHandler(2, 'date() expects at least 1 parameter, 0 given', 'APPPATH\\Controllers\\ProductionController.php', 126, [...])
 2 APPPATH\Controllers\ProductionController.php(126): date()
 3 SYSTEMPATH\CodeIgniter.php(927): App\Controllers\ProductionController->production_edit_process()
 4 SYSTEMPATH\CodeIgniter.php(482): CodeIgniter\CodeIgniter->runController(Object(App\Controllers\ProductionController))
 5 SYSTEMPATH\CodeIgniter.php(351): CodeIgniter\CodeIgniter->handleRequest(null, Object(Config\Cache), false)
 6 FCPATH\index.php(67): CodeIgniter\CodeIgniter->run()
 7 SYSTEMPATH\Commands\Server\rewrite.php(46): require_once('FCPATH\\index.php')
CRITICAL - 2022-12-31 09:07:01 --> syntax error, unexpected ')'
in APPPATH\Controllers\ProductionController.php on line 127.
 1 SYSTEMPATH\Autoloader\Autoloader.php(259): CodeIgniter\Autoloader\Autoloader->includeFile('APPPATH\\Controllers\\ProductionController.php')
 2 SYSTEMPATH\Autoloader\Autoloader.php(237): CodeIgniter\Autoloader\Autoloader->loadInNamespace('App\\Controllers\\ProductionController')
 3 [internal function]: CodeIgniter\Autoloader\Autoloader->loadClass('App\\Controllers\\ProductionController')
 4 [internal function]: spl_autoload_call('App\\Controllers\\ProductionController')
 5 SYSTEMPATH\CodeIgniter.php(877): class_exists('\\App\\Controllers\\ProductionController', true)
 6 SYSTEMPATH\CodeIgniter.php(469): CodeIgniter\CodeIgniter->startController()
 7 SYSTEMPATH\CodeIgniter.php(351): CodeIgniter\CodeIgniter->handleRequest(null, Object(Config\Cache), false)
 8 FCPATH\index.php(67): CodeIgniter\CodeIgniter->run()
 9 SYSTEMPATH\Commands\Server\rewrite.php(46): require_once('FCPATH\\index.php')
CRITICAL - 2022-12-31 09:07:08 --> syntax error, unexpected ')'
in APPPATH\Controllers\ProductionController.php on line 127.
 1 SYSTEMPATH\Autoloader\Autoloader.php(259): CodeIgniter\Autoloader\Autoloader->includeFile('APPPATH\\Controllers\\ProductionController.php')
 2 SYSTEMPATH\Autoloader\Autoloader.php(237): CodeIgniter\Autoloader\Autoloader->loadInNamespace('App\\Controllers\\ProductionController')
 3 [internal function]: CodeIgniter\Autoloader\Autoloader->loadClass('App\\Controllers\\ProductionController')
 4 [internal function]: spl_autoload_call('App\\Controllers\\ProductionController')
 5 SYSTEMPATH\CodeIgniter.php(877): class_exists('\\App\\Controllers\\ProductionController', true)
 6 SYSTEMPATH\CodeIgniter.php(469): CodeIgniter\CodeIgniter->startController()
 7 SYSTEMPATH\CodeIgniter.php(351): CodeIgniter\CodeIgniter->handleRequest(null, Object(Config\Cache), false)
 8 FCPATH\index.php(67): CodeIgniter\CodeIgniter->run()
 9 SYSTEMPATH\Commands\Server\rewrite.php(46): require_once('FCPATH\\index.php')
CRITICAL - 2022-12-31 09:07:10 --> syntax error, unexpected ')'
in APPPATH\Controllers\ProductionController.php on line 127.
 1 SYSTEMPATH\Autoloader\Autoloader.php(259): CodeIgniter\Autoloader\Autoloader->includeFile('APPPATH\\Controllers\\ProductionController.php')
 2 SYSTEMPATH\Autoloader\Autoloader.php(237): CodeIgniter\Autoloader\Autoloader->loadInNamespace('App\\Controllers\\ProductionController')
 3 [internal function]: CodeIgniter\Autoloader\Autoloader->loadClass('App\\Controllers\\ProductionController')
 4 [internal function]: spl_autoload_call('App\\Controllers\\ProductionController')
 5 SYSTEMPATH\CodeIgniter.php(877): class_exists('\\App\\Controllers\\ProductionController', true)
 6 SYSTEMPATH\CodeIgniter.php(469): CodeIgniter\CodeIgniter->startController()
 7 SYSTEMPATH\CodeIgniter.php(351): CodeIgniter\CodeIgniter->handleRequest(null, Object(Config\Cache), false)
 8 FCPATH\index.php(67): CodeIgniter\CodeIgniter->run()
 9 SYSTEMPATH\Commands\Server\rewrite.php(46): require_once('FCPATH\\index.php')
CRITICAL - 2022-12-31 09:07:25 --> syntax error, unexpected ')'
in APPPATH\Controllers\ProductionController.php on line 127.
 1 SYSTEMPATH\Autoloader\Autoloader.php(259): CodeIgniter\Autoloader\Autoloader->includeFile('APPPATH\\Controllers\\ProductionController.php')
 2 SYSTEMPATH\Autoloader\Autoloader.php(237): CodeIgniter\Autoloader\Autoloader->loadInNamespace('App\\Controllers\\ProductionController')
 3 [internal function]: CodeIgniter\Autoloader\Autoloader->loadClass('App\\Controllers\\ProductionController')
 4 [internal function]: spl_autoload_call('App\\Controllers\\ProductionController')
 5 SYSTEMPATH\CodeIgniter.php(877): class_exists('\\App\\Controllers\\ProductionController', true)
 6 SYSTEMPATH\CodeIgniter.php(469): CodeIgniter\CodeIgniter->startController()
 7 SYSTEMPATH\CodeIgniter.php(351): CodeIgniter\CodeIgniter->handleRequest(null, Object(Config\Cache), false)
 8 FCPATH\index.php(67): CodeIgniter\CodeIgniter->run()
 9 SYSTEMPATH\Commands\Server\rewrite.php(46): require_once('FCPATH\\index.php')
CRITICAL - 2022-12-31 09:07:25 --> syntax error, unexpected ')'
in APPPATH\Controllers\ProductionController.php on line 127.
 1 SYSTEMPATH\Autoloader\Autoloader.php(259): CodeIgniter\Autoloader\Autoloader->includeFile('APPPATH\\Controllers\\ProductionController.php')
 2 SYSTEMPATH\Autoloader\Autoloader.php(237): CodeIgniter\Autoloader\Autoloader->loadInNamespace('App\\Controllers\\ProductionController')
 3 [internal function]: CodeIgniter\Autoloader\Autoloader->loadClass('App\\Controllers\\ProductionController')
 4 [internal function]: spl_autoload_call('App\\Controllers\\ProductionController')
 5 SYSTEMPATH\CodeIgniter.php(877): class_exists('\\App\\Controllers\\ProductionController', true)
 6 SYSTEMPATH\CodeIgniter.php(469): CodeIgniter\CodeIgniter->startController()
 7 SYSTEMPATH\CodeIgniter.php(351): CodeIgniter\CodeIgniter->handleRequest(null, Object(Config\Cache), false)
 8 FCPATH\index.php(67): CodeIgniter\CodeIgniter->run()
 9 SYSTEMPATH\Commands\Server\rewrite.php(46): require_once('FCPATH\\index.php')
CRITICAL - 2022-12-31 09:07:25 --> syntax error, unexpected ')'
in APPPATH\Controllers\ProductionController.php on line 127.
 1 SYSTEMPATH\Autoloader\Autoloader.php(259): CodeIgniter\Autoloader\Autoloader->includeFile('APPPATH\\Controllers\\ProductionController.php')
 2 SYSTEMPATH\Autoloader\Autoloader.php(237): CodeIgniter\Autoloader\Autoloader->loadInNamespace('App\\Controllers\\ProductionController')
 3 [internal function]: CodeIgniter\Autoloader\Autoloader->loadClass('App\\Controllers\\ProductionController')
 4 [internal function]: spl_autoload_call('App\\Controllers\\ProductionController')
 5 SYSTEMPATH\CodeIgniter.php(877): class_exists('\\App\\Controllers\\ProductionController', true)
 6 SYSTEMPATH\CodeIgniter.php(469): CodeIgniter\CodeIgniter->startController()
 7 SYSTEMPATH\CodeIgniter.php(351): CodeIgniter\CodeIgniter->handleRequest(null, Object(Config\Cache), false)
 8 FCPATH\index.php(67): CodeIgniter\CodeIgniter->run()
 9 SYSTEMPATH\Commands\Server\rewrite.php(46): require_once('FCPATH\\index.php')
CRITICAL - 2022-12-31 09:07:31 --> syntax error, unexpected ')'
in APPPATH\Controllers\ProductionController.php on line 127.
 1 SYSTEMPATH\Autoloader\Autoloader.php(259): CodeIgniter\Autoloader\Autoloader->includeFile('APPPATH\\Controllers\\ProductionController.php')
 2 SYSTEMPATH\Autoloader\Autoloader.php(237): CodeIgniter\Autoloader\Autoloader->loadInNamespace('App\\Controllers\\ProductionController')
 3 [internal function]: CodeIgniter\Autoloader\Autoloader->loadClass('App\\Controllers\\ProductionController')
 4 [internal function]: spl_autoload_call('App\\Controllers\\ProductionController')
 5 SYSTEMPATH\CodeIgniter.php(877): class_exists('\\App\\Controllers\\ProductionController', true)
 6 SYSTEMPATH\CodeIgniter.php(469): CodeIgniter\CodeIgniter->startController()
 7 SYSTEMPATH\CodeIgniter.php(351): CodeIgniter\CodeIgniter->handleRequest(null, Object(Config\Cache), false)
 8 FCPATH\index.php(67): CodeIgniter\CodeIgniter->run()
 9 SYSTEMPATH\Commands\Server\rewrite.php(46): require_once('FCPATH\\index.php')
CRITICAL - 2022-12-31 09:07:35 --> syntax error, unexpected ')'
in APPPATH\Controllers\ProductionController.php on line 127.
 1 SYSTEMPATH\Autoloader\Autoloader.php(259): CodeIgniter\Autoloader\Autoloader->includeFile('APPPATH\\Controllers\\ProductionController.php')
 2 SYSTEMPATH\Autoloader\Autoloader.php(237): CodeIgniter\Autoloader\Autoloader->loadInNamespace('App\\Controllers\\ProductionController')
 3 [internal function]: CodeIgniter\Autoloader\Autoloader->loadClass('App\\Controllers\\ProductionController')
 4 [internal function]: spl_autoload_call('App\\Controllers\\ProductionController')
 5 SYSTEMPATH\CodeIgniter.php(877): class_exists('\\App\\Controllers\\ProductionController', true)
 6 SYSTEMPATH\CodeIgniter.php(469): CodeIgniter\CodeIgniter->startController()
 7 SYSTEMPATH\CodeIgniter.php(351): CodeIgniter\CodeIgniter->handleRequest(null, Object(Config\Cache), false)
 8 FCPATH\index.php(67): CodeIgniter\CodeIgniter->run()
 9 SYSTEMPATH\Commands\Server\rewrite.php(46): require_once('FCPATH\\index.php')
CRITICAL - 2022-12-31 09:07:41 --> syntax error, unexpected ')'
in APPPATH\Controllers\ProductionController.php on line 127.
 1 SYSTEMPATH\Autoloader\Autoloader.php(259): CodeIgniter\Autoloader\Autoloader->includeFile('APPPATH\\Controllers\\ProductionController.php')
 2 SYSTEMPATH\Autoloader\Autoloader.php(237): CodeIgniter\Autoloader\Autoloader->loadInNamespace('App\\Controllers\\ProductionController')
 3 [internal function]: CodeIgniter\Autoloader\Autoloader->loadClass('App\\Controllers\\ProductionController')
 4 [internal function]: spl_autoload_call('App\\Controllers\\ProductionController')
 5 SYSTEMPATH\CodeIgniter.php(877): class_exists('\\App\\Controllers\\ProductionController', true)
 6 SYSTEMPATH\CodeIgniter.php(469): CodeIgniter\CodeIgniter->startController()
 7 SYSTEMPATH\CodeIgniter.php(351): CodeIgniter\CodeIgniter->handleRequest(null, Object(Config\Cache), false)
 8 FCPATH\index.php(67): CodeIgniter\CodeIgniter->run()
 9 SYSTEMPATH\Commands\Server\rewrite.php(46): require_once('FCPATH\\index.php')
CRITICAL - 2022-12-31 09:07:51 --> syntax error, unexpected ')'
in APPPATH\Controllers\ProductionController.php on line 127.
 1 SYSTEMPATH\Autoloader\Autoloader.php(259): CodeIgniter\Autoloader\Autoloader->includeFile('APPPATH\\Controllers\\ProductionController.php')
 2 SYSTEMPATH\Autoloader\Autoloader.php(237): CodeIgniter\Autoloader\Autoloader->loadInNamespace('App\\Controllers\\ProductionController')
 3 [internal function]: CodeIgniter\Autoloader\Autoloader->loadClass('App\\Controllers\\ProductionController')
 4 [internal function]: spl_autoload_call('App\\Controllers\\ProductionController')
 5 SYSTEMPATH\CodeIgniter.php(877): class_exists('\\App\\Controllers\\ProductionController', true)
 6 SYSTEMPATH\CodeIgniter.php(469): CodeIgniter\CodeIgniter->startController()
 7 SYSTEMPATH\CodeIgniter.php(351): CodeIgniter\CodeIgniter->handleRequest(null, Object(Config\Cache), false)
 8 FCPATH\index.php(67): CodeIgniter\CodeIgniter->run()
 9 SYSTEMPATH\Commands\Server\rewrite.php(46): require_once('FCPATH\\index.php')
CRITICAL - 2022-12-31 09:12:02 --> Trying to get property 'id' of non-object
in APPPATH\Views\modules\production_manage.php on line 29.
 1 APPPATH\Views\modules\production_manage.php(29): CodeIgniter\Debug\Exceptions->errorHandler(8, 'Trying to get property \'id\' of non-object', 'APPPATH\\Views\\modules\\production_manage.php', 29, [...])
 2 SYSTEMPATH\View\View.php(213): include('APPPATH\\Views\\modules\\production_manage.php')
 3 SYSTEMPATH\View\View.php(216): CodeIgniter\View\View->CodeIgniter\View\{closure}()
 4 SYSTEMPATH\Common.php(1134): CodeIgniter\View\View->render('modules/production_manage', [], true)
 5 APPPATH\Controllers\ProductionController.php(171): view('modules/production_manage', [...])
 6 SYSTEMPATH\CodeIgniter.php(927): App\Controllers\ProductionController->production_manage('2')
 7 SYSTEMPATH\CodeIgniter.php(482): CodeIgniter\CodeIgniter->runController(Object(App\Controllers\ProductionController))
 8 SYSTEMPATH\CodeIgniter.php(351): CodeIgniter\CodeIgniter->handleRequest(null, Object(Config\Cache), false)
 9 FCPATH\index.php(67): CodeIgniter\CodeIgniter->run()
10 SYSTEMPATH\Commands\Server\rewrite.php(46): require_once('FCPATH\\index.php')
CRITICAL - 2022-12-31 09:13:21 --> Trying to get property 'id' of non-object
in APPPATH\Views\modules\production_manage.php on line 29.
 1 APPPATH\Views\modules\production_manage.php(29): CodeIgniter\Debug\Exceptions->errorHandler(8, 'Trying to get property \'id\' of non-object', 'APPPATH\\Views\\modules\\production_manage.php', 29, [...])
 2 SYSTEMPATH\View\View.php(213): include('APPPATH\\Views\\modules\\production_manage.php')
 3 SYSTEMPATH\View\View.php(216): CodeIgniter\View\View->CodeIgniter\View\{closure}()
 4 SYSTEMPATH\Common.php(1134): CodeIgniter\View\View->render('modules/production_manage', [], true)
 5 APPPATH\Controllers\ProductionController.php(171): view('modules/production_manage', [...])
 6 SYSTEMPATH\CodeIgniter.php(927): App\Controllers\ProductionController->production_manage('2')
 7 SYSTEMPATH\CodeIgniter.php(482): CodeIgniter\CodeIgniter->runController(Object(App\Controllers\ProductionController))
 8 SYSTEMPATH\CodeIgniter.php(351): CodeIgniter\CodeIgniter->handleRequest(null, Object(Config\Cache), false)
 9 FCPATH\index.php(67): CodeIgniter\CodeIgniter->run()
10 SYSTEMPATH\Commands\Server\rewrite.php(46): require_once('FCPATH\\index.php')
CRITICAL - 2022-12-31 09:13:25 --> Trying to get property 'id' of non-object
in APPPATH\Views\modules\production_manage.php on line 29.
 1 APPPATH\Views\modules\production_manage.php(29): CodeIgniter\Debug\Exceptions->errorHandler(8, 'Trying to get property \'id\' of non-object', 'APPPATH\\Views\\modules\\production_manage.php', 29, [...])
 2 SYSTEMPATH\View\View.php(213): include('APPPATH\\Views\\modules\\production_manage.php')
 3 SYSTEMPATH\View\View.php(216): CodeIgniter\View\View->CodeIgniter\View\{closure}()
 4 SYSTEMPATH\Common.php(1134): CodeIgniter\View\View->render('modules/production_manage', [], true)
 5 APPPATH\Controllers\ProductionController.php(171): view('modules/production_manage', [...])
 6 SYSTEMPATH\CodeIgniter.php(927): App\Controllers\ProductionController->production_manage('2')
 7 SYSTEMPATH\CodeIgniter.php(482): CodeIgniter\CodeIgniter->runController(Object(App\Controllers\ProductionController))
 8 SYSTEMPATH\CodeIgniter.php(351): CodeIgniter\CodeIgniter->handleRequest(null, Object(Config\Cache), false)
 9 FCPATH\index.php(67): CodeIgniter\CodeIgniter->run()
10 SYSTEMPATH\Commands\Server\rewrite.php(46): require_once('FCPATH\\index.php')
CRITICAL - 2022-12-31 09:13:39 --> Trying to get property 'id' of non-object
in APPPATH\Views\modules\production_manage.php on line 29.
 1 APPPATH\Views\modules\production_manage.php(29): CodeIgniter\Debug\Exceptions->errorHandler(8, 'Trying to get property \'id\' of non-object', 'APPPATH\\Views\\modules\\production_manage.php', 29, [...])
 2 SYSTEMPATH\View\View.php(213): include('APPPATH\\Views\\modules\\production_manage.php')
 3 SYSTEMPATH\View\View.php(216): CodeIgniter\View\View->CodeIgniter\View\{closure}()
 4 SYSTEMPATH\Common.php(1134): CodeIgniter\View\View->render('modules/production_manage', [], true)
 5 APPPATH\Controllers\ProductionController.php(171): view('modules/production_manage', [...])
 6 SYSTEMPATH\CodeIgniter.php(927): App\Controllers\ProductionController->production_manage('2')
 7 SYSTEMPATH\CodeIgniter.php(482): CodeIgniter\CodeIgniter->runController(Object(App\Controllers\ProductionController))
 8 SYSTEMPATH\CodeIgniter.php(351): CodeIgniter\CodeIgniter->handleRequest(null, Object(Config\Cache), false)
 9 FCPATH\index.php(67): CodeIgniter\CodeIgniter->run()
10 SYSTEMPATH\Commands\Server\rewrite.php(46): require_once('FCPATH\\index.php')
CRITICAL - 2022-12-31 09:14:14 --> Trying to get property 'id' of non-object
in APPPATH\Views\modules\production_manage.php on line 29.
 1 APPPATH\Views\modules\production_manage.php(29): CodeIgniter\Debug\Exceptions->errorHandler(8, 'Trying to get property \'id\' of non-object', 'APPPATH\\Views\\modules\\production_manage.php', 29, [...])
 2 SYSTEMPATH\View\View.php(213): include('APPPATH\\Views\\modules\\production_manage.php')
 3 SYSTEMPATH\View\View.php(216): CodeIgniter\View\View->CodeIgniter\View\{closure}()
 4 SYSTEMPATH\Common.php(1134): CodeIgniter\View\View->render('modules/production_manage', [], true)
 5 APPPATH\Controllers\ProductionController.php(171): view('modules/production_manage', [...])
 6 SYSTEMPATH\CodeIgniter.php(927): App\Controllers\ProductionController->production_manage('2')
 7 SYSTEMPATH\CodeIgniter.php(482): CodeIgniter\CodeIgniter->runController(Object(App\Controllers\ProductionController))
 8 SYSTEMPATH\CodeIgniter.php(351): CodeIgniter\CodeIgniter->handleRequest(null, Object(Config\Cache), false)
 9 FCPATH\index.php(67): CodeIgniter\CodeIgniter->run()
10 SYSTEMPATH\Commands\Server\rewrite.php(46): require_once('FCPATH\\index.php')
CRITICAL - 2022-12-31 09:30:26 --> Trying to get property 'id' of non-object
in APPPATH\Views\modules\production_manage.php on line 29.
 1 APPPATH\Views\modules\production_manage.php(29): CodeIgniter\Debug\Exceptions->errorHandler(8, 'Trying to get property \'id\' of non-object', 'APPPATH\\Views\\modules\\production_manage.php', 29, [...])
 2 SYSTEMPATH\View\View.php(213): include('APPPATH\\Views\\modules\\production_manage.php')
 3 SYSTEMPATH\View\View.php(216): CodeIgniter\View\View->CodeIgniter\View\{closure}()
 4 SYSTEMPATH\Common.php(1134): CodeIgniter\View\View->render('modules/production_manage', [], true)
 5 APPPATH\Controllers\ProductionController.php(169): view('modules/production_manage', [...])
 6 SYSTEMPATH\CodeIgniter.php(927): App\Controllers\ProductionController->production_manage('9')
 7 SYSTEMPATH\CodeIgniter.php(482): CodeIgniter\CodeIgniter->runController(Object(App\Controllers\ProductionController))
 8 SYSTEMPATH\CodeIgniter.php(351): CodeIgniter\CodeIgniter->handleRequest(null, Object(Config\Cache), false)
 9 FCPATH\index.php(67): CodeIgniter\CodeIgniter->run()
10 SYSTEMPATH\Commands\Server\rewrite.php(46): require_once('FCPATH\\index.php')
CRITICAL - 2022-12-31 09:30:27 --> Trying to get property 'id' of non-object
in APPPATH\Views\modules\production_manage.php on line 29.
 1 APPPATH\Views\modules\production_manage.php(29): CodeIgniter\Debug\Exceptions->errorHandler(8, 'Trying to get property \'id\' of non-object', 'APPPATH\\Views\\modules\\production_manage.php', 29, [...])
 2 SYSTEMPATH\View\View.php(213): include('APPPATH\\Views\\modules\\production_manage.php')
 3 SYSTEMPATH\View\View.php(216): CodeIgniter\View\View->CodeIgniter\View\{closure}()
 4 SYSTEMPATH\Common.php(1134): CodeIgniter\View\View->render('modules/production_manage', [], true)
 5 APPPATH\Controllers\ProductionController.php(169): view('modules/production_manage', [...])
 6 SYSTEMPATH\CodeIgniter.php(927): App\Controllers\ProductionController->production_manage('9')
 7 SYSTEMPATH\CodeIgniter.php(482): CodeIgniter\CodeIgniter->runController(Object(App\Controllers\ProductionController))
 8 SYSTEMPATH\CodeIgniter.php(351): CodeIgniter\CodeIgniter->handleRequest(null, Object(Config\Cache), false)
 9 FCPATH\index.php(67): CodeIgniter\CodeIgniter->run()
10 SYSTEMPATH\Commands\Server\rewrite.php(46): require_once('FCPATH\\index.php')
CRITICAL - 2022-12-31 10:15:42 --> Trying to get property 'product_id' of non-object
in APPPATH\Controllers\ProductionController.php on line 187.
 1 APPPATH\Controllers\ProductionController.php(187): CodeIgniter\Debug\Exceptions->errorHandler(8, 'Trying to get property \'product_id\' of non-object', 'APPPATH\\Controllers\\ProductionController.php', 187, [...])
 2 SYSTEMPATH\CodeIgniter.php(927): App\Controllers\ProductionController->production_delete('2')
 3 SYSTEMPATH\CodeIgniter.php(482): CodeIgniter\CodeIgniter->runController(Object(App\Controllers\ProductionController))
 4 SYSTEMPATH\CodeIgniter.php(351): CodeIgniter\CodeIgniter->handleRequest(null, Object(Config\Cache), false)
 5 FCPATH\index.php(67): CodeIgniter\CodeIgniter->run()
 6 SYSTEMPATH\Commands\Server\rewrite.php(46): require_once('FCPATH\\index.php')
CRITICAL - 2022-12-31 10:16:14 --> Trying to get property 'product_id' of non-object
in APPPATH\Controllers\ProductionController.php on line 187.
 1 APPPATH\Controllers\ProductionController.php(187): CodeIgniter\Debug\Exceptions->errorHandler(8, 'Trying to get property \'product_id\' of non-object', 'APPPATH\\Controllers\\ProductionController.php', 187, [...])
 2 SYSTEMPATH\CodeIgniter.php(927): App\Controllers\ProductionController->production_delete('2')
 3 SYSTEMPATH\CodeIgniter.php(482): CodeIgniter\CodeIgniter->runController(Object(App\Controllers\ProductionController))
 4 SYSTEMPATH\CodeIgniter.php(351): CodeIgniter\CodeIgniter->handleRequest(null, Object(Config\Cache), false)
 5 FCPATH\index.php(67): CodeIgniter\CodeIgniter->run()
 6 SYSTEMPATH\Commands\Server\rewrite.php(46): require_once('FCPATH\\index.php')
CRITICAL - 2022-12-31 10:16:15 --> Trying to get property 'product_id' of non-object
in APPPATH\Controllers\ProductionController.php on line 187.
 1 APPPATH\Controllers\ProductionController.php(187): CodeIgniter\Debug\Exceptions->errorHandler(8, 'Trying to get property \'product_id\' of non-object', 'APPPATH\\Controllers\\ProductionController.php', 187, [...])
 2 SYSTEMPATH\CodeIgniter.php(927): App\Controllers\ProductionController->production_delete('2')
 3 SYSTEMPATH\CodeIgniter.php(482): CodeIgniter\CodeIgniter->runController(Object(App\Controllers\ProductionController))
 4 SYSTEMPATH\CodeIgniter.php(351): CodeIgniter\CodeIgniter->handleRequest(null, Object(Config\Cache), false)
 5 FCPATH\index.php(67): CodeIgniter\CodeIgniter->run()
 6 SYSTEMPATH\Commands\Server\rewrite.php(46): require_once('FCPATH\\index.php')
CRITICAL - 2022-12-31 10:19:25 --> Object of class stdClass could not be converted to number
in APPPATH\Controllers\ProductionController.php on line 202.
 1 APPPATH\Controllers\ProductionController.php(202): CodeIgniter\Debug\Exceptions->errorHandler(8, 'Object of class stdClass could not be converted to number', 'APPPATH\\Controllers\\ProductionController.php', 202, [...])
 2 SYSTEMPATH\CodeIgniter.php(927): App\Controllers\ProductionController->production_delete('2')
 3 SYSTEMPATH\CodeIgniter.php(482): CodeIgniter\CodeIgniter->runController(Object(App\Controllers\ProductionController))
 4 SYSTEMPATH\CodeIgniter.php(351): CodeIgniter\CodeIgniter->handleRequest(null, Object(Config\Cache), false)
 5 FCPATH\index.php(67): CodeIgniter\CodeIgniter->run()
 6 SYSTEMPATH\Commands\Server\rewrite.php(46): require_once('FCPATH\\index.php')
CRITICAL - 2022-12-31 16:10:10 --> Invalid argument supplied for foreach()
in APPPATH\Views\modules\production_manage.php on line 311.
 1 APPPATH\Views\modules\production_manage.php(311): CodeIgniter\Debug\Exceptions->errorHandler(2, 'Invalid argument supplied for foreach()', 'APPPATH\\Views\\modules\\production_manage.php', 311, [...])
 2 SYSTEMPATH\View\View.php(213): include('APPPATH\\Views\\modules\\production_manage.php')
 3 SYSTEMPATH\View\View.php(216): CodeIgniter\View\View->CodeIgniter\View\{closure}()
 4 SYSTEMPATH\Common.php(1134): CodeIgniter\View\View->render('modules/production_manage', [], true)
 5 APPPATH\Controllers\ProductionController.php(173): view('modules/production_manage', [...])
 6 SYSTEMPATH\CodeIgniter.php(927): App\Controllers\ProductionController->production_manage('2')
 7 SYSTEMPATH\CodeIgniter.php(482): CodeIgniter\CodeIgniter->runController(Object(App\Controllers\ProductionController))
 8 SYSTEMPATH\CodeIgniter.php(351): CodeIgniter\CodeIgniter->handleRequest(null, Object(Config\Cache), false)
 9 FCPATH\index.php(67): CodeIgniter\CodeIgniter->run()
10 SYSTEMPATH\Commands\Server\rewrite.php(46): require_once('FCPATH\\index.php')
CRITICAL - 2022-12-31 16:10:23 --> Invalid argument supplied for foreach()
in APPPATH\Views\modules\production_manage.php on line 311.
 1 APPPATH\Views\modules\production_manage.php(311): CodeIgniter\Debug\Exceptions->errorHandler(2, 'Invalid argument supplied for foreach()', 'APPPATH\\Views\\modules\\production_manage.php', 311, [...])
 2 SYSTEMPATH\View\View.php(213): include('APPPATH\\Views\\modules\\production_manage.php')
 3 SYSTEMPATH\View\View.php(216): CodeIgniter\View\View->CodeIgniter\View\{closure}()
 4 SYSTEMPATH\Common.php(1134): CodeIgniter\View\View->render('modules/production_manage', [], true)
 5 APPPATH\Controllers\ProductionController.php(173): view('modules/production_manage', [...])
 6 SYSTEMPATH\CodeIgniter.php(927): App\Controllers\ProductionController->production_manage('2')
 7 SYSTEMPATH\CodeIgniter.php(482): CodeIgniter\CodeIgniter->runController(Object(App\Controllers\ProductionController))
 8 SYSTEMPATH\CodeIgniter.php(351): CodeIgniter\CodeIgniter->handleRequest(null, Object(Config\Cache), false)
 9 FCPATH\index.php(67): CodeIgniter\CodeIgniter->run()
10 SYSTEMPATH\Commands\Server\rewrite.php(46): require_once('FCPATH\\index.php')
CRITICAL - 2022-12-31 16:12:31 --> Undefined variable: cost
in APPPATH\Views\modules\production_manage.php on line 313.
 1 APPPATH\Views\modules\production_manage.php(313): CodeIgniter\Debug\Exceptions->errorHandler(8, 'Undefined variable: cost', 'APPPATH\\Views\\modules\\production_manage.php', 313, [...])
 2 SYSTEMPATH\View\View.php(213): include('APPPATH\\Views\\modules\\production_manage.php')
 3 SYSTEMPATH\View\View.php(216): CodeIgniter\View\View->CodeIgniter\View\{closure}()
 4 SYSTEMPATH\Common.php(1134): CodeIgniter\View\View->render('modules/production_manage', [], true)
 5 APPPATH\Controllers\ProductionController.php(173): view('modules/production_manage', [...])
 6 SYSTEMPATH\CodeIgniter.php(927): App\Controllers\ProductionController->production_manage('2')
 7 SYSTEMPATH\CodeIgniter.php(482): CodeIgniter\CodeIgniter->runController(Object(App\Controllers\ProductionController))
 8 SYSTEMPATH\CodeIgniter.php(351): CodeIgniter\CodeIgniter->handleRequest(null, Object(Config\Cache), false)
 9 FCPATH\index.php(67): CodeIgniter\CodeIgniter->run()
10 SYSTEMPATH\Commands\Server\rewrite.php(46): require_once('FCPATH\\index.php')
CRITICAL - 2022-12-31 16:12:53 --> Trying to get property 'id' of non-object
in APPPATH\Views\modules\production_manage.php on line 313.
 1 APPPATH\Views\modules\production_manage.php(313): CodeIgniter\Debug\Exceptions->errorHandler(8, 'Trying to get property \'id\' of non-object', 'APPPATH\\Views\\modules\\production_manage.php', 313, [...])
 2 SYSTEMPATH\View\View.php(213): include('APPPATH\\Views\\modules\\production_manage.php')
 3 SYSTEMPATH\View\View.php(216): CodeIgniter\View\View->CodeIgniter\View\{closure}()
 4 SYSTEMPATH\Common.php(1134): CodeIgniter\View\View->render('modules/production_manage', [], true)
 5 APPPATH\Controllers\ProductionController.php(173): view('modules/production_manage', [...])
 6 SYSTEMPATH\CodeIgniter.php(927): App\Controllers\ProductionController->production_manage('2')
 7 SYSTEMPATH\CodeIgniter.php(482): CodeIgniter\CodeIgniter->runController(Object(App\Controllers\ProductionController))
 8 SYSTEMPATH\CodeIgniter.php(351): CodeIgniter\CodeIgniter->handleRequest(null, Object(Config\Cache), false)
 9 FCPATH\index.php(67): CodeIgniter\CodeIgniter->run()
10 SYSTEMPATH\Commands\Server\rewrite.php(46): require_once('FCPATH\\index.php')
CRITICAL - 2022-12-31 16:25:08 --> Undefined variable: session
in APPPATH\Views\modules\production_manage.php on line 144.
 1 APPPATH\Views\modules\production_manage.php(144): CodeIgniter\Debug\Exceptions->errorHandler(8, 'Undefined variable: session', 'APPPATH\\Views\\modules\\production_manage.php', 144, [...])
 2 SYSTEMPATH\View\View.php(213): include('APPPATH\\Views\\modules\\production_manage.php')
 3 SYSTEMPATH\View\View.php(216): CodeIgniter\View\View->CodeIgniter\View\{closure}()
 4 SYSTEMPATH\Common.php(1134): CodeIgniter\View\View->render('modules/production_manage', [], true)
 5 APPPATH\Controllers\ProductionController.php(173): view('modules/production_manage', [...])
 6 SYSTEMPATH\CodeIgniter.php(927): App\Controllers\ProductionController->production_manage('2')
 7 SYSTEMPATH\CodeIgniter.php(482): CodeIgniter\CodeIgniter->runController(Object(App\Controllers\ProductionController))
 8 SYSTEMPATH\CodeIgniter.php(351): CodeIgniter\CodeIgniter->handleRequest(null, Object(Config\Cache), false)
 9 FCPATH\index.php(67): CodeIgniter\CodeIgniter->run()
10 SYSTEMPATH\Commands\Server\rewrite.php(46): require_once('FCPATH\\index.php')
CRITICAL - 2022-12-31 16:25:28 --> Undefined property: CodeIgniter\View\View::$session
in APPPATH\Views\modules\production_manage.php on line 144.
 1 APPPATH\Views\modules\production_manage.php(144): CodeIgniter\Debug\Exceptions->errorHandler(8, 'Undefined property: CodeIgniter\\View\\View::$session', 'APPPATH\\Views\\modules\\production_manage.php', 144, [...])
 2 SYSTEMPATH\View\View.php(213): include('APPPATH\\Views\\modules\\production_manage.php')
 3 SYSTEMPATH\View\View.php(216): CodeIgniter\View\View->CodeIgniter\View\{closure}()
 4 SYSTEMPATH\Common.php(1134): CodeIgniter\View\View->render('modules/production_manage', [], true)
 5 APPPATH\Controllers\ProductionController.php(173): view('modules/production_manage', [...])
 6 SYSTEMPATH\CodeIgniter.php(927): App\Controllers\ProductionController->production_manage('2')
 7 SYSTEMPATH\CodeIgniter.php(482): CodeIgniter\CodeIgniter->runController(Object(App\Controllers\ProductionController))
 8 SYSTEMPATH\CodeIgniter.php(351): CodeIgniter\CodeIgniter->handleRequest(null, Object(Config\Cache), false)
 9 FCPATH\index.php(67): CodeIgniter\CodeIgniter->run()
10 SYSTEMPATH\Commands\Server\rewrite.php(46): require_once('FCPATH\\index.php')
