CRITICAL - 2022-12-26 09:15:23 --> Undefined property: App\Controllers\UserController::$adminModel
in APPPATH\Controllers\UserController.php on line 11.
 1 APPPATH\Controllers\UserController.php(11): CodeIgniter\Debug\Exceptions->errorHandler(8, 'Undefined property: App\\Controllers\\UserController::$adminModel', 'APPPATH\\Controllers\\UserController.php', 11, [])
 2 SYSTEMPATH\CodeIgniter.php(927): App\Controllers\UserController->user()
 3 SYSTEMPATH\CodeIgniter.php(482): CodeIgniter\CodeIgniter->runController(Object(App\Controllers\UserController))
 4 SYSTEMPATH\CodeIgniter.php(351): CodeIgniter\CodeIgniter->handleRequest(null, Object(Config\Cache), false)
 5 FCPATH\index.php(67): CodeIgniter\CodeIgniter->run()
 6 SYSTEMPATH\Commands\Server\rewrite.php(46): require_once('FCPATH\\index.php')
ERROR - 2022-12-26 11:43:12 --> mysqli_sql_exception: Column 'name' cannot be null in C:\laragon\www\projects\amdk\system\Database\MySQLi\Connection.php:292
Stack trace:
#0 C:\laragon\www\projects\amdk\system\Database\MySQLi\Connection.php(292): mysqli->query('INSERT INTO `ad...', 0)
#1 C:\laragon\www\projects\amdk\system\Database\BaseConnection.php(666): CodeIgniter\Database\MySQLi\Connection->execute('INSERT INTO `ad...')
#2 C:\laragon\www\projects\amdk\system\Database\BaseConnection.php(593): CodeIgniter\Database\BaseConnection->simpleQuery('INSERT INTO `ad...')
#3 C:\laragon\www\projects\amdk\system\Database\BaseBuilder.php(1916): CodeIgniter\Database\BaseConnection->query('INSERT INTO `ad...', Array, false)
#4 C:\laragon\www\projects\amdk\system\Model.php(279): CodeIgniter\Database\BaseBuilder->insert()
#5 C:\laragon\www\projects\amdk\system\BaseModel.php(749): CodeIgniter\Model->doInsert(Array)
#6 C:\laragon\www\projects\amdk\system\Model.php(667): CodeIgniter\BaseModel->insert(Array, true)
#7 C:\laragon\www\projects\amdk\app\Controllers\UserController.php(64): CodeIgniter\Model->insert(Array)
#8 C:\laragon\www\projects\amdk\system\CodeIgniter.php(927): App\Controllers\UserController->user_add_process()
#9 C:\laragon\www\projects\amdk\system\CodeIgniter.php(482): CodeIgniter\CodeIgniter->runController(Object(App\Controllers\UserController))
#10 C:\laragon\www\projects\amdk\system\CodeIgniter.php(351): CodeIgniter\CodeIgniter->handleRequest(NULL, Object(Config\Cache), false)
#11 C:\laragon\www\projects\amdk\public\index.php(67): CodeIgniter\CodeIgniter->run()
#12 C:\laragon\www\projects\amdk\system\Commands\Server\rewrite.php(46): require_once('C:\\laragon\\www\\...')
#13 {main}
CRITICAL - 2022-12-26 11:43:12 --> Column 'name' cannot be null
in SYSTEMPATH\Database\MySQLi\Connection.php on line 292.
 1 SYSTEMPATH\Database\MySQLi\Connection.php(292): mysqli->query('INSERT INTO `administrators` (`name`, `username`, `password`) VALUES (NULL, \'aaa\', \'$2y$10$tFSwjw09T9MFjIed4FOeyetoXuf2JqrJyMl.4HGba5SH1zdBOoYTa\')', 0)
 2 SYSTEMPATH\Database\BaseConnection.php(666): CodeIgniter\Database\MySQLi\Connection->execute('INSERT INTO `administrators` (`name`, `username`, `password`) VALUES (NULL, \'aaa\', \'$2y$10$tFSwjw09T9MFjIed4FOeyetoXuf2JqrJyMl.4HGba5SH1zdBOoYTa\')')
 3 SYSTEMPATH\Database\BaseConnection.php(593): CodeIgniter\Database\BaseConnection->simpleQuery('INSERT INTO `administrators` (`name`, `username`, `password`) VALUES (NULL, \'aaa\', \'$2y$10$tFSwjw09T9MFjIed4FOeyetoXuf2JqrJyMl.4HGba5SH1zdBOoYTa\')')
 4 SYSTEMPATH\Database\BaseBuilder.php(1916): CodeIgniter\Database\BaseConnection->query('INSERT INTO `administrators` (`name`, `username`, `password`) VALUES (:name:, :username:, :password:)', [...], false)
 5 SYSTEMPATH\Model.php(279): CodeIgniter\Database\BaseBuilder->insert()
 6 SYSTEMPATH\BaseModel.php(749): CodeIgniter\Model->doInsert([...])
 7 SYSTEMPATH\Model.php(667): CodeIgniter\BaseModel->insert([...], true)
 8 APPPATH\Controllers\UserController.php(64): CodeIgniter\Model->insert([...])
 9 SYSTEMPATH\CodeIgniter.php(927): App\Controllers\UserController->user_add_process()
10 SYSTEMPATH\CodeIgniter.php(482): CodeIgniter\CodeIgniter->runController(Object(App\Controllers\UserController))
11 SYSTEMPATH\CodeIgniter.php(351): CodeIgniter\CodeIgniter->handleRequest(null, Object(Config\Cache), false)
12 FCPATH\index.php(67): CodeIgniter\CodeIgniter->run()
13 SYSTEMPATH\Commands\Server\rewrite.php(46): require_once('FCPATH\\index.php')
ERROR - 2022-12-26 11:50:58 --> Error connecting to the database: mysqli_sql_exception: No connection could be made because the target machine actively refused it.
 in C:\laragon\www\projects\amdk\system\Database\MySQLi\Connection.php:171
Stack trace:
#0 C:\laragon\www\projects\amdk\system\Database\MySQLi\Connection.php(171): mysqli->real_connect('localhost', 'root', '', 'project_amdk', 3306, '', 0)
#1 C:\laragon\www\projects\amdk\system\Database\BaseConnection.php(382): CodeIgniter\Database\MySQLi\Connection->connect(false)
#2 C:\laragon\www\projects\amdk\system\Database\BaseConnection.php(561): CodeIgniter\Database\BaseConnection->initialize()
#3 C:\laragon\www\projects\amdk\system\Database\BaseBuilder.php(1585): CodeIgniter\Database\BaseConnection->query('SELECT *\nFROM `...', Array, false)
#4 C:\laragon\www\projects\amdk\system\Model.php(223): CodeIgniter\Database\BaseBuilder->get()
#5 C:\laragon\www\projects\amdk\system\BaseModel.php(585): CodeIgniter\Model->doFindAll(0, 0)
#6 C:\laragon\www\projects\amdk\app\Controllers\UserController.php(11): CodeIgniter\BaseModel->findAll()
#7 C:\laragon\www\projects\amdk\system\CodeIgniter.php(927): App\Controllers\UserController->user()
#8 C:\laragon\www\projects\amdk\system\CodeIgniter.php(482): CodeIgniter\CodeIgniter->runController(Object(App\Controllers\UserController))
#9 C:\laragon\www\projects\amdk\system\CodeIgniter.php(351): CodeIgniter\CodeIgniter->handleRequest(NULL, Object(Config\Cache), false)
#10 C:\laragon\www\projects\amdk\public\index.php(67): CodeIgniter\CodeIgniter->run()
#11 C:\laragon\www\projects\amdk\system\Commands\Server\rewrite.php(46): require_once('C:\\laragon\\www\\...')
#12 {main}

Next CodeIgniter\Database\Exceptions\DatabaseException: No connection could be made because the target machine actively refused it.
 in C:\laragon\www\projects\amdk\system\Database\MySQLi\Connection.php:215
Stack trace:
#0 C:\laragon\www\projects\amdk\system\Database\BaseConnection.php(382): CodeIgniter\Database\MySQLi\Connection->connect(false)
#1 C:\laragon\www\projects\amdk\system\Database\BaseConnection.php(561): CodeIgniter\Database\BaseConnection->initialize()
#2 C:\laragon\www\projects\amdk\system\Database\BaseBuilder.php(1585): CodeIgniter\Database\BaseConnection->query('SELECT *\nFROM `...', Array, false)
#3 C:\laragon\www\projects\amdk\system\Model.php(223): CodeIgniter\Database\BaseBuilder->get()
#4 C:\laragon\www\projects\amdk\system\BaseModel.php(585): CodeIgniter\Model->doFindAll(0, 0)
#5 C:\laragon\www\projects\amdk\app\Controllers\UserController.php(11): CodeIgniter\BaseModel->findAll()
#6 C:\laragon\www\projects\amdk\system\CodeIgniter.php(927): App\Controllers\UserController->user()
#7 C:\laragon\www\projects\amdk\system\CodeIgniter.php(482): CodeIgniter\CodeIgniter->runController(Object(App\Controllers\UserController))
#8 C:\laragon\www\projects\amdk\system\CodeIgniter.php(351): CodeIgniter\CodeIgniter->handleRequest(NULL, Object(Config\Cache), false)
#9 C:\laragon\www\projects\amdk\public\index.php(67): CodeIgniter\CodeIgniter->run()
#10 C:\laragon\www\projects\amdk\system\Commands\Server\rewrite.php(46): require_once('C:\\laragon\\www\\...')
#11 {main}
CRITICAL - 2022-12-26 11:50:58 --> Unable to connect to the database.
Main connection [MySQLi]: No connection could be made because the target machine actively refused it.

in SYSTEMPATH\Database\BaseConnection.php on line 418.
 1 SYSTEMPATH\Database\BaseConnection.php(561): CodeIgniter\Database\BaseConnection->initialize()
 2 SYSTEMPATH\Database\BaseBuilder.php(1585): CodeIgniter\Database\BaseConnection->query('SELECT *
FROM `administrators`
ORDER BY `name` ASC', [], false)
 3 SYSTEMPATH\Model.php(223): CodeIgniter\Database\BaseBuilder->get()
 4 SYSTEMPATH\BaseModel.php(585): CodeIgniter\Model->doFindAll(0, 0)
 5 APPPATH\Controllers\UserController.php(11): CodeIgniter\BaseModel->findAll()
 6 SYSTEMPATH\CodeIgniter.php(927): App\Controllers\UserController->user()
 7 SYSTEMPATH\CodeIgniter.php(482): CodeIgniter\CodeIgniter->runController(Object(App\Controllers\UserController))
 8 SYSTEMPATH\CodeIgniter.php(351): CodeIgniter\CodeIgniter->handleRequest(null, Object(Config\Cache), false)
 9 FCPATH\index.php(67): CodeIgniter\CodeIgniter->run()
10 SYSTEMPATH\Commands\Server\rewrite.php(46): require_once('FCPATH\\index.php')
ERROR - 2022-12-26 11:51:02 --> Error connecting to the database: mysqli_sql_exception: No connection could be made because the target machine actively refused it.
 in C:\laragon\www\projects\amdk\system\Database\MySQLi\Connection.php:171
Stack trace:
#0 C:\laragon\www\projects\amdk\system\Database\MySQLi\Connection.php(171): mysqli->real_connect('localhost', 'root', '', 'project_amdk', 3306, '', 0)
#1 C:\laragon\www\projects\amdk\system\Database\BaseConnection.php(382): CodeIgniter\Database\MySQLi\Connection->connect(false)
#2 C:\laragon\www\projects\amdk\system\Database\BaseConnection.php(561): CodeIgniter\Database\BaseConnection->initialize()
#3 C:\laragon\www\projects\amdk\system\Database\BaseBuilder.php(1585): CodeIgniter\Database\BaseConnection->query('SELECT *\nFROM `...', Array, false)
#4 C:\laragon\www\projects\amdk\system\Model.php(250): CodeIgniter\Database\BaseBuilder->get()
#5 C:\laragon\www\projects\amdk\system\BaseModel.php(623): CodeIgniter\Model->doFirst()
#6 C:\laragon\www\projects\amdk\app\Config\Login.php(23): CodeIgniter\BaseModel->first()
#7 C:\laragon\www\projects\amdk\system\Config\Factories.php(129): Config\Login->__construct()
#8 C:\laragon\www\projects\amdk\system\Common.php(203): CodeIgniter\Config\Factories::__callStatic('config', Array)
#9 C:\laragon\www\projects\amdk\app\Views\template.php(82): config('login')
#10 C:\laragon\www\projects\amdk\system\View\View.php(213): include('C:\\laragon\\www\\...')
#11 C:\laragon\www\projects\amdk\system\View\View.php(216): CodeIgniter\View\View->CodeIgniter\View\{closure}()
#12 C:\laragon\www\projects\amdk\system\View\View.php(229): CodeIgniter\View\View->render('template', Array, true)
#13 C:\laragon\www\projects\amdk\system\Common.php(1134): CodeIgniter\View\View->render('modules/user_ad...', Array, true)
#14 C:\laragon\www\projects\amdk\app\Controllers\UserController.php(23): view('modules/user_ad...')
#15 C:\laragon\www\projects\amdk\system\CodeIgniter.php(927): App\Controllers\UserController->user_add()
#16 C:\laragon\www\projects\amdk\system\CodeIgniter.php(482): CodeIgniter\CodeIgniter->runController(Object(App\Controllers\UserController))
#17 C:\laragon\www\projects\amdk\system\CodeIgniter.php(351): CodeIgniter\CodeIgniter->handleRequest(NULL, Object(Config\Cache), false)
#18 C:\laragon\www\projects\amdk\public\index.php(67): CodeIgniter\CodeIgniter->run()
#19 C:\laragon\www\projects\amdk\system\Commands\Server\rewrite.php(46): require_once('C:\\laragon\\www\\...')
#20 {main}

Next CodeIgniter\Database\Exceptions\DatabaseException: No connection could be made because the target machine actively refused it.
 in C:\laragon\www\projects\amdk\system\Database\MySQLi\Connection.php:215
Stack trace:
#0 C:\laragon\www\projects\amdk\system\Database\BaseConnection.php(382): CodeIgniter\Database\MySQLi\Connection->connect(false)
#1 C:\laragon\www\projects\amdk\system\Database\BaseConnection.php(561): CodeIgniter\Database\BaseConnection->initialize()
#2 C:\laragon\www\projects\amdk\system\Database\BaseBuilder.php(1585): CodeIgniter\Database\BaseConnection->query('SELECT *\nFROM `...', Array, false)
#3 C:\laragon\www\projects\amdk\system\Model.php(250): CodeIgniter\Database\BaseBuilder->get()
#4 C:\laragon\www\projects\amdk\system\BaseModel.php(623): CodeIgniter\Model->doFirst()
#5 C:\laragon\www\projects\amdk\app\Config\Login.php(23): CodeIgniter\BaseModel->first()
#6 C:\laragon\www\projects\amdk\system\Config\Factories.php(129): Config\Login->__construct()
#7 C:\laragon\www\projects\amdk\system\Common.php(203): CodeIgniter\Config\Factories::__callStatic('config', Array)
#8 C:\laragon\www\projects\amdk\app\Views\template.php(82): config('login')
#9 C:\laragon\www\projects\amdk\system\View\View.php(213): include('C:\\laragon\\www\\...')
#10 C:\laragon\www\projects\amdk\system\View\View.php(216): CodeIgniter\View\View->CodeIgniter\View\{closure}()
#11 C:\laragon\www\projects\amdk\system\View\View.php(229): CodeIgniter\View\View->render('template', Array, true)
#12 C:\laragon\www\projects\amdk\system\Common.php(1134): CodeIgniter\View\View->render('modules/user_ad...', Array, true)
#13 C:\laragon\www\projects\amdk\app\Controllers\UserController.php(23): view('modules/user_ad...')
#14 C:\laragon\www\projects\amdk\system\CodeIgniter.php(927): App\Controllers\UserController->user_add()
#15 C:\laragon\www\projects\amdk\system\CodeIgniter.php(482): CodeIgniter\CodeIgniter->runController(Object(App\Controllers\UserController))
#16 C:\laragon\www\projects\amdk\system\CodeIgniter.php(351): CodeIgniter\CodeIgniter->handleRequest(NULL, Object(Config\Cache), false)
#17 C:\laragon\www\projects\amdk\public\index.php(67): CodeIgniter\CodeIgniter->run()
#18 C:\laragon\www\projects\amdk\system\Commands\Server\rewrite.php(46): require_once('C:\\laragon\\www\\...')
#19 {main}
CRITICAL - 2022-12-26 11:51:02 --> Unable to connect to the database.
Main connection [MySQLi]: No connection could be made because the target machine actively refused it.

in SYSTEMPATH\Database\BaseConnection.php on line 418.
 1 SYSTEMPATH\Database\BaseConnection.php(561): CodeIgniter\Database\BaseConnection->initialize()
 2 SYSTEMPATH\Database\BaseBuilder.php(1585): CodeIgniter\Database\BaseConnection->query('SELECT *
FROM `administrators`
WHERE `id` = :id:
 LIMIT 1', [...], false)
 3 SYSTEMPATH\Model.php(250): CodeIgniter\Database\BaseBuilder->get()
 4 SYSTEMPATH\BaseModel.php(623): CodeIgniter\Model->doFirst()
 5 APPPATH\Config\Login.php(23): CodeIgniter\BaseModel->first()
 6 SYSTEMPATH\Config\Factories.php(129): Config\Login->__construct()
 7 SYSTEMPATH\Common.php(203): CodeIgniter\Config\Factories::__callStatic('config', [])
 8 APPPATH\Views\template.php(82): config('login')
 9 SYSTEMPATH\View\View.php(213): include('APPPATH\\Views\\template.php')
10 SYSTEMPATH\View\View.php(216): CodeIgniter\View\View->CodeIgniter\View\{closure}()
11 SYSTEMPATH\View\View.php(229): CodeIgniter\View\View->render('template', [], true)
12 SYSTEMPATH\Common.php(1134): CodeIgniter\View\View->render('modules/user_add', [], true)
13 APPPATH\Controllers\UserController.php(23): view('modules/user_add')
14 SYSTEMPATH\CodeIgniter.php(927): App\Controllers\UserController->user_add()
15 SYSTEMPATH\CodeIgniter.php(482): CodeIgniter\CodeIgniter->runController(Object(App\Controllers\UserController))
16 SYSTEMPATH\CodeIgniter.php(351): CodeIgniter\CodeIgniter->handleRequest(null, Object(Config\Cache), false)
17 FCPATH\index.php(67): CodeIgniter\CodeIgniter->run()
18 SYSTEMPATH\Commands\Server\rewrite.php(46): require_once('FCPATH\\index.php')
ERROR - 2022-12-26 11:51:06 --> Error connecting to the database: mysqli_sql_exception: No connection could be made because the target machine actively refused it.
 in C:\laragon\www\projects\amdk\system\Database\MySQLi\Connection.php:171
Stack trace:
#0 C:\laragon\www\projects\amdk\system\Database\MySQLi\Connection.php(171): mysqli->real_connect('localhost', 'root', '', 'project_amdk', 3306, '', 0)
#1 C:\laragon\www\projects\amdk\system\Database\BaseConnection.php(382): CodeIgniter\Database\MySQLi\Connection->connect(false)
#2 C:\laragon\www\projects\amdk\system\Database\BaseConnection.php(561): CodeIgniter\Database\BaseConnection->initialize()
#3 C:\laragon\www\projects\amdk\system\Database\BaseBuilder.php(1585): CodeIgniter\Database\BaseConnection->query('SELECT *\nFROM `...', Array, false)
#4 C:\laragon\www\projects\amdk\system\Model.php(250): CodeIgniter\Database\BaseBuilder->get()
#5 C:\laragon\www\projects\amdk\system\BaseModel.php(623): CodeIgniter\Model->doFirst()
#6 C:\laragon\www\projects\amdk\app\Config\Login.php(23): CodeIgniter\BaseModel->first()
#7 C:\laragon\www\projects\amdk\system\Config\Factories.php(129): Config\Login->__construct()
#8 C:\laragon\www\projects\amdk\system\Common.php(203): CodeIgniter\Config\Factories::__callStatic('config', Array)
#9 C:\laragon\www\projects\amdk\app\Views\template.php(82): config('login')
#10 C:\laragon\www\projects\amdk\system\View\View.php(213): include('C:\\laragon\\www\\...')
#11 C:\laragon\www\projects\amdk\system\View\View.php(216): CodeIgniter\View\View->CodeIgniter\View\{closure}()
#12 C:\laragon\www\projects\amdk\system\View\View.php(229): CodeIgniter\View\View->render('template', Array, true)
#13 C:\laragon\www\projects\amdk\system\Common.php(1134): CodeIgniter\View\View->render('modules/user_ad...', Array, true)
#14 C:\laragon\www\projects\amdk\app\Controllers\UserController.php(23): view('modules/user_ad...')
#15 C:\laragon\www\projects\amdk\system\CodeIgniter.php(927): App\Controllers\UserController->user_add()
#16 C:\laragon\www\projects\amdk\system\CodeIgniter.php(482): CodeIgniter\CodeIgniter->runController(Object(App\Controllers\UserController))
#17 C:\laragon\www\projects\amdk\system\CodeIgniter.php(351): CodeIgniter\CodeIgniter->handleRequest(NULL, Object(Config\Cache), false)
#18 C:\laragon\www\projects\amdk\public\index.php(67): CodeIgniter\CodeIgniter->run()
#19 C:\laragon\www\projects\amdk\system\Commands\Server\rewrite.php(46): require_once('C:\\laragon\\www\\...')
#20 {main}

Next CodeIgniter\Database\Exceptions\DatabaseException: No connection could be made because the target machine actively refused it.
 in C:\laragon\www\projects\amdk\system\Database\MySQLi\Connection.php:215
Stack trace:
#0 C:\laragon\www\projects\amdk\system\Database\BaseConnection.php(382): CodeIgniter\Database\MySQLi\Connection->connect(false)
#1 C:\laragon\www\projects\amdk\system\Database\BaseConnection.php(561): CodeIgniter\Database\BaseConnection->initialize()
#2 C:\laragon\www\projects\amdk\system\Database\BaseBuilder.php(1585): CodeIgniter\Database\BaseConnection->query('SELECT *\nFROM `...', Array, false)
#3 C:\laragon\www\projects\amdk\system\Model.php(250): CodeIgniter\Database\BaseBuilder->get()
#4 C:\laragon\www\projects\amdk\system\BaseModel.php(623): CodeIgniter\Model->doFirst()
#5 C:\laragon\www\projects\amdk\app\Config\Login.php(23): CodeIgniter\BaseModel->first()
#6 C:\laragon\www\projects\amdk\system\Config\Factories.php(129): Config\Login->__construct()
#7 C:\laragon\www\projects\amdk\system\Common.php(203): CodeIgniter\Config\Factories::__callStatic('config', Array)
#8 C:\laragon\www\projects\amdk\app\Views\template.php(82): config('login')
#9 C:\laragon\www\projects\amdk\system\View\View.php(213): include('C:\\laragon\\www\\...')
#10 C:\laragon\www\projects\amdk\system\View\View.php(216): CodeIgniter\View\View->CodeIgniter\View\{closure}()
#11 C:\laragon\www\projects\amdk\system\View\View.php(229): CodeIgniter\View\View->render('template', Array, true)
#12 C:\laragon\www\projects\amdk\system\Common.php(1134): CodeIgniter\View\View->render('modules/user_ad...', Array, true)
#13 C:\laragon\www\projects\amdk\app\Controllers\UserController.php(23): view('modules/user_ad...')
#14 C:\laragon\www\projects\amdk\system\CodeIgniter.php(927): App\Controllers\UserController->user_add()
#15 C:\laragon\www\projects\amdk\system\CodeIgniter.php(482): CodeIgniter\CodeIgniter->runController(Object(App\Controllers\UserController))
#16 C:\laragon\www\projects\amdk\system\CodeIgniter.php(351): CodeIgniter\CodeIgniter->handleRequest(NULL, Object(Config\Cache), false)
#17 C:\laragon\www\projects\amdk\public\index.php(67): CodeIgniter\CodeIgniter->run()
#18 C:\laragon\www\projects\amdk\system\Commands\Server\rewrite.php(46): require_once('C:\\laragon\\www\\...')
#19 {main}
CRITICAL - 2022-12-26 11:51:06 --> Unable to connect to the database.
Main connection [MySQLi]: No connection could be made because the target machine actively refused it.

in SYSTEMPATH\Database\BaseConnection.php on line 418.
 1 SYSTEMPATH\Database\BaseConnection.php(561): CodeIgniter\Database\BaseConnection->initialize()
 2 SYSTEMPATH\Database\BaseBuilder.php(1585): CodeIgniter\Database\BaseConnection->query('SELECT *
FROM `administrators`
WHERE `id` = :id:
 LIMIT 1', [...], false)
 3 SYSTEMPATH\Model.php(250): CodeIgniter\Database\BaseBuilder->get()
 4 SYSTEMPATH\BaseModel.php(623): CodeIgniter\Model->doFirst()
 5 APPPATH\Config\Login.php(23): CodeIgniter\BaseModel->first()
 6 SYSTEMPATH\Config\Factories.php(129): Config\Login->__construct()
 7 SYSTEMPATH\Common.php(203): CodeIgniter\Config\Factories::__callStatic('config', [])
 8 APPPATH\Views\template.php(82): config('login')
 9 SYSTEMPATH\View\View.php(213): include('APPPATH\\Views\\template.php')
10 SYSTEMPATH\View\View.php(216): CodeIgniter\View\View->CodeIgniter\View\{closure}()
11 SYSTEMPATH\View\View.php(229): CodeIgniter\View\View->render('template', [], true)
12 SYSTEMPATH\Common.php(1134): CodeIgniter\View\View->render('modules/user_add', [], true)
13 APPPATH\Controllers\UserController.php(23): view('modules/user_add')
14 SYSTEMPATH\CodeIgniter.php(927): App\Controllers\UserController->user_add()
15 SYSTEMPATH\CodeIgniter.php(482): CodeIgniter\CodeIgniter->runController(Object(App\Controllers\UserController))
16 SYSTEMPATH\CodeIgniter.php(351): CodeIgniter\CodeIgniter->handleRequest(null, Object(Config\Cache), false)
17 FCPATH\index.php(67): CodeIgniter\CodeIgniter->run()
18 SYSTEMPATH\Commands\Server\rewrite.php(46): require_once('FCPATH\\index.php')
ERROR - 2022-12-26 11:51:12 --> Error connecting to the database: mysqli_sql_exception: No connection could be made because the target machine actively refused it.
 in C:\laragon\www\projects\amdk\system\Database\MySQLi\Connection.php:171
Stack trace:
#0 C:\laragon\www\projects\amdk\system\Database\MySQLi\Connection.php(171): mysqli->real_connect('localhost', 'root', '', 'project_amdk', 3306, '', 0)
#1 C:\laragon\www\projects\amdk\system\Database\BaseConnection.php(382): CodeIgniter\Database\MySQLi\Connection->connect(false)
#2 C:\laragon\www\projects\amdk\system\Database\BaseConnection.php(561): CodeIgniter\Database\BaseConnection->initialize()
#3 C:\laragon\www\projects\amdk\system\Database\BaseBuilder.php(1585): CodeIgniter\Database\BaseConnection->query('SELECT *\nFROM `...', Array, false)
#4 C:\laragon\www\projects\amdk\system\Model.php(250): CodeIgniter\Database\BaseBuilder->get()
#5 C:\laragon\www\projects\amdk\system\BaseModel.php(623): CodeIgniter\Model->doFirst()
#6 C:\laragon\www\projects\amdk\app\Config\Login.php(23): CodeIgniter\BaseModel->first()
#7 C:\laragon\www\projects\amdk\system\Config\Factories.php(129): Config\Login->__construct()
#8 C:\laragon\www\projects\amdk\system\Common.php(203): CodeIgniter\Config\Factories::__callStatic('config', Array)
#9 C:\laragon\www\projects\amdk\app\Views\template.php(82): config('login')
#10 C:\laragon\www\projects\amdk\system\View\View.php(213): include('C:\\laragon\\www\\...')
#11 C:\laragon\www\projects\amdk\system\View\View.php(216): CodeIgniter\View\View->CodeIgniter\View\{closure}()
#12 C:\laragon\www\projects\amdk\system\View\View.php(229): CodeIgniter\View\View->render('template', Array, true)
#13 C:\laragon\www\projects\amdk\system\Common.php(1134): CodeIgniter\View\View->render('modules/user_ad...', Array, true)
#14 C:\laragon\www\projects\amdk\app\Controllers\UserController.php(23): view('modules/user_ad...')
#15 C:\laragon\www\projects\amdk\system\CodeIgniter.php(927): App\Controllers\UserController->user_add()
#16 C:\laragon\www\projects\amdk\system\CodeIgniter.php(482): CodeIgniter\CodeIgniter->runController(Object(App\Controllers\UserController))
#17 C:\laragon\www\projects\amdk\system\CodeIgniter.php(351): CodeIgniter\CodeIgniter->handleRequest(NULL, Object(Config\Cache), false)
#18 C:\laragon\www\projects\amdk\public\index.php(67): CodeIgniter\CodeIgniter->run()
#19 C:\laragon\www\projects\amdk\system\Commands\Server\rewrite.php(46): require_once('C:\\laragon\\www\\...')
#20 {main}

Next CodeIgniter\Database\Exceptions\DatabaseException: No connection could be made because the target machine actively refused it.
 in C:\laragon\www\projects\amdk\system\Database\MySQLi\Connection.php:215
Stack trace:
#0 C:\laragon\www\projects\amdk\system\Database\BaseConnection.php(382): CodeIgniter\Database\MySQLi\Connection->connect(false)
#1 C:\laragon\www\projects\amdk\system\Database\BaseConnection.php(561): CodeIgniter\Database\BaseConnection->initialize()
#2 C:\laragon\www\projects\amdk\system\Database\BaseBuilder.php(1585): CodeIgniter\Database\BaseConnection->query('SELECT *\nFROM `...', Array, false)
#3 C:\laragon\www\projects\amdk\system\Model.php(250): CodeIgniter\Database\BaseBuilder->get()
#4 C:\laragon\www\projects\amdk\system\BaseModel.php(623): CodeIgniter\Model->doFirst()
#5 C:\laragon\www\projects\amdk\app\Config\Login.php(23): CodeIgniter\BaseModel->first()
#6 C:\laragon\www\projects\amdk\system\Config\Factories.php(129): Config\Login->__construct()
#7 C:\laragon\www\projects\amdk\system\Common.php(203): CodeIgniter\Config\Factories::__callStatic('config', Array)
#8 C:\laragon\www\projects\amdk\app\Views\template.php(82): config('login')
#9 C:\laragon\www\projects\amdk\system\View\View.php(213): include('C:\\laragon\\www\\...')
#10 C:\laragon\www\projects\amdk\system\View\View.php(216): CodeIgniter\View\View->CodeIgniter\View\{closure}()
#11 C:\laragon\www\projects\amdk\system\View\View.php(229): CodeIgniter\View\View->render('template', Array, true)
#12 C:\laragon\www\projects\amdk\system\Common.php(1134): CodeIgniter\View\View->render('modules/user_ad...', Array, true)
#13 C:\laragon\www\projects\amdk\app\Controllers\UserController.php(23): view('modules/user_ad...')
#14 C:\laragon\www\projects\amdk\system\CodeIgniter.php(927): App\Controllers\UserController->user_add()
#15 C:\laragon\www\projects\amdk\system\CodeIgniter.php(482): CodeIgniter\CodeIgniter->runController(Object(App\Controllers\UserController))
#16 C:\laragon\www\projects\amdk\system\CodeIgniter.php(351): CodeIgniter\CodeIgniter->handleRequest(NULL, Object(Config\Cache), false)
#17 C:\laragon\www\projects\amdk\public\index.php(67): CodeIgniter\CodeIgniter->run()
#18 C:\laragon\www\projects\amdk\system\Commands\Server\rewrite.php(46): require_once('C:\\laragon\\www\\...')
#19 {main}
CRITICAL - 2022-12-26 11:51:12 --> Unable to connect to the database.
Main connection [MySQLi]: No connection could be made because the target machine actively refused it.

in SYSTEMPATH\Database\BaseConnection.php on line 418.
 1 SYSTEMPATH\Database\BaseConnection.php(561): CodeIgniter\Database\BaseConnection->initialize()
 2 SYSTEMPATH\Database\BaseBuilder.php(1585): CodeIgniter\Database\BaseConnection->query('SELECT *
FROM `administrators`
WHERE `id` = :id:
 LIMIT 1', [...], false)
 3 SYSTEMPATH\Model.php(250): CodeIgniter\Database\BaseBuilder->get()
 4 SYSTEMPATH\BaseModel.php(623): CodeIgniter\Model->doFirst()
 5 APPPATH\Config\Login.php(23): CodeIgniter\BaseModel->first()
 6 SYSTEMPATH\Config\Factories.php(129): Config\Login->__construct()
 7 SYSTEMPATH\Common.php(203): CodeIgniter\Config\Factories::__callStatic('config', [])
 8 APPPATH\Views\template.php(82): config('login')
 9 SYSTEMPATH\View\View.php(213): include('APPPATH\\Views\\template.php')
10 SYSTEMPATH\View\View.php(216): CodeIgniter\View\View->CodeIgniter\View\{closure}()
11 SYSTEMPATH\View\View.php(229): CodeIgniter\View\View->render('template', [], true)
12 SYSTEMPATH\Common.php(1134): CodeIgniter\View\View->render('modules/user_add', [], true)
13 APPPATH\Controllers\UserController.php(23): view('modules/user_add')
14 SYSTEMPATH\CodeIgniter.php(927): App\Controllers\UserController->user_add()
15 SYSTEMPATH\CodeIgniter.php(482): CodeIgniter\CodeIgniter->runController(Object(App\Controllers\UserController))
16 SYSTEMPATH\CodeIgniter.php(351): CodeIgniter\CodeIgniter->handleRequest(null, Object(Config\Cache), false)
17 FCPATH\index.php(67): CodeIgniter\CodeIgniter->run()
18 SYSTEMPATH\Commands\Server\rewrite.php(46): require_once('FCPATH\\index.php')
CRITICAL - 2022-12-26 12:22:40 --> Undefined variable: validation
in APPPATH\Views\modules\profile.php on line 44.
 1 APPPATH\Views\modules\profile.php(44): CodeIgniter\Debug\Exceptions->errorHandler(8, 'Undefined variable: validation', 'APPPATH\\Views\\modules\\profile.php', 44, [...])
 2 SYSTEMPATH\View\View.php(213): include('APPPATH\\Views\\modules\\profile.php')
 3 SYSTEMPATH\View\View.php(216): CodeIgniter\View\View->CodeIgniter\View\{closure}()
 4 SYSTEMPATH\Common.php(1134): CodeIgniter\View\View->render('modules/profile', [], true)
 5 APPPATH\Controllers\UserController.php(32): view('modules/profile', [...])
 6 SYSTEMPATH\CodeIgniter.php(927): App\Controllers\UserController->profile()
 7 SYSTEMPATH\CodeIgniter.php(482): CodeIgniter\CodeIgniter->runController(Object(App\Controllers\UserController))
 8 SYSTEMPATH\CodeIgniter.php(351): CodeIgniter\CodeIgniter->handleRequest(null, Object(Config\Cache), false)
 9 FCPATH\index.php(67): CodeIgniter\CodeIgniter->run()
10 SYSTEMPATH\Commands\Server\rewrite.php(46): require_once('FCPATH\\index.php')
CRITICAL - 2022-12-26 12:27:13 --> Undefined variable: validation
in APPPATH\Views\modules\user_add.php on line 31.
 1 APPPATH\Views\modules\user_add.php(31): CodeIgniter\Debug\Exceptions->errorHandler(8, 'Undefined variable: validation', 'APPPATH\\Views\\modules\\user_add.php', 31, [])
 2 SYSTEMPATH\View\View.php(213): include('APPPATH\\Views\\modules\\user_add.php')
 3 SYSTEMPATH\View\View.php(216): CodeIgniter\View\View->CodeIgniter\View\{closure}()
 4 SYSTEMPATH\Common.php(1134): CodeIgniter\View\View->render('modules/user_add', [], true)
 5 APPPATH\Controllers\UserController.php(71): view('modules/user_add')
 6 SYSTEMPATH\CodeIgniter.php(927): App\Controllers\UserController->user_add()
 7 SYSTEMPATH\CodeIgniter.php(482): CodeIgniter\CodeIgniter->runController(Object(App\Controllers\UserController))
 8 SYSTEMPATH\CodeIgniter.php(351): CodeIgniter\CodeIgniter->handleRequest(null, Object(Config\Cache), false)
 9 FCPATH\index.php(67): CodeIgniter\CodeIgniter->run()
10 SYSTEMPATH\Commands\Server\rewrite.php(46): require_once('FCPATH\\index.php')
CRITICAL - 2022-12-26 12:27:22 --> Undefined variable: validation
in APPPATH\Views\modules\user_add.php on line 31.
 1 APPPATH\Views\modules\user_add.php(31): CodeIgniter\Debug\Exceptions->errorHandler(8, 'Undefined variable: validation', 'APPPATH\\Views\\modules\\user_add.php', 31, [])
 2 SYSTEMPATH\View\View.php(213): include('APPPATH\\Views\\modules\\user_add.php')
 3 SYSTEMPATH\View\View.php(216): CodeIgniter\View\View->CodeIgniter\View\{closure}()
 4 SYSTEMPATH\Common.php(1134): CodeIgniter\View\View->render('modules/user_add', [], true)
 5 APPPATH\Controllers\UserController.php(71): view('modules/user_add')
 6 SYSTEMPATH\CodeIgniter.php(927): App\Controllers\UserController->user_add()
 7 SYSTEMPATH\CodeIgniter.php(482): CodeIgniter\CodeIgniter->runController(Object(App\Controllers\UserController))
 8 SYSTEMPATH\CodeIgniter.php(351): CodeIgniter\CodeIgniter->handleRequest(null, Object(Config\Cache), false)
 9 FCPATH\index.php(67): CodeIgniter\CodeIgniter->run()
10 SYSTEMPATH\Commands\Server\rewrite.php(46): require_once('FCPATH\\index.php')
