CRITICAL - 2023-01-09 20:42:03 --> Undefined variable $thisBuy
in APPPATH\Controllers\BuyController.php on line 206.
 1 APPPATH\Controllers\BuyController.php(206): CodeIgniter\Debug\Exceptions->errorHandler(2, 'Undefined variable $thisBuy', 'APPPATH\\Controllers\\BuyController.php', 206)
 2 SYSTEMPATH\CodeIgniter.php(927): App\Controllers\BuyController->buy_item_add()
 3 SYSTEMPATH\CodeIgniter.php(482): CodeIgniter\CodeIgniter->runController(Object(App\Controllers\BuyController))
 4 SYSTEMPATH\CodeIgniter.php(351): CodeIgniter\CodeIgniter->handleRequest(null, Object(Config\Cache), false)
 5 FCPATH\index.php(67): CodeIgniter\CodeIgniter->run()
 6 SYSTEMPATH\Commands\Server\rewrite.php(46): require_once('FCPATH\\index.php')
ERROR - 2023-01-09 20:47:25 --> mysqli_sql_exception: You have an error in your SQL syntax; check the manual that corresponds to your MariaDB server version for the right syntax to use near 'IS NULL
AND `id` = '5'
 LIMIT 1' at line 3 in D:\Projects\amdk\system\Database\MySQLi\Connection.php:292
Stack trace:
#0 D:\Projects\amdk\system\Database\MySQLi\Connection.php(292): mysqli->query('SELECT *\nFROM `...', 0)
#1 D:\Projects\amdk\system\Database\BaseConnection.php(666): CodeIgniter\Database\MySQLi\Connection->execute('SELECT *\nFROM `...')
#2 D:\Projects\amdk\system\Database\BaseConnection.php(593): CodeIgniter\Database\BaseConnection->simpleQuery('SELECT *\nFROM `...')
#3 D:\Projects\amdk\system\Database\BaseBuilder.php(1585): CodeIgniter\Database\BaseConnection->query('SELECT *\nFROM `...', Array, false)
#4 D:\Projects\amdk\system\Model.php(250): CodeIgniter\Database\BaseBuilder->get()
#5 D:\Projects\amdk\system\BaseModel.php(623): CodeIgniter\Model->doFirst()
#6 D:\Projects\amdk\app\Controllers\TransactionController.php(62): CodeIgniter\BaseModel->first()
#7 D:\Projects\amdk\system\CodeIgniter.php(927): App\Controllers\TransactionController->transaction_edit('5')
#8 D:\Projects\amdk\system\CodeIgniter.php(482): CodeIgniter\CodeIgniter->runController(Object(App\Controllers\TransactionController))
#9 D:\Projects\amdk\system\CodeIgniter.php(351): CodeIgniter\CodeIgniter->handleRequest(NULL, Object(Config\Cache), false)
#10 D:\Projects\amdk\public\index.php(67): CodeIgniter\CodeIgniter->run()
#11 D:\Projects\amdk\system\Commands\Server\rewrite.php(46): require_once('D:\\Projects\\amd...')
#12 {main}
CRITICAL - 2023-01-09 20:47:25 --> You have an error in your SQL syntax; check the manual that corresponds to your MariaDB server version for the right syntax to use near 'IS NULL
AND `id` = '5'
 LIMIT 1' at line 3
in SYSTEMPATH\Database\MySQLi\Connection.php on line 292.
 1 SYSTEMPATH\Database\MySQLi\Connection.php(292): mysqli->query('SELECT *
FROM `transactions`
WHERE `reference_table` = IS NULL
AND `id` = \'5\'
 LIMIT 1', 0)
 2 SYSTEMPATH\Database\BaseConnection.php(666): CodeIgniter\Database\MySQLi\Connection->execute('SELECT *
FROM `transactions`
WHERE `reference_table` = IS NULL
AND `id` = \'5\'
 LIMIT 1')
 3 SYSTEMPATH\Database\BaseConnection.php(593): CodeIgniter\Database\BaseConnection->simpleQuery('SELECT *
FROM `transactions`
WHERE `reference_table` = IS NULL
AND `id` = \'5\'
 LIMIT 1')
 4 SYSTEMPATH\Database\BaseBuilder.php(1585): CodeIgniter\Database\BaseConnection->query('SELECT *
FROM `transactions`
WHERE `reference_table` = IS NULL
AND `id` = :id:
 LIMIT 1', [...], false)
 5 SYSTEMPATH\Model.php(250): CodeIgniter\Database\BaseBuilder->get()
 6 SYSTEMPATH\BaseModel.php(623): CodeIgniter\Model->doFirst()
 7 APPPATH\Controllers\TransactionController.php(62): CodeIgniter\BaseModel->first()
 8 SYSTEMPATH\CodeIgniter.php(927): App\Controllers\TransactionController->transaction_edit('5')
 9 SYSTEMPATH\CodeIgniter.php(482): CodeIgniter\CodeIgniter->runController(Object(App\Controllers\TransactionController))
10 SYSTEMPATH\CodeIgniter.php(351): CodeIgniter\CodeIgniter->handleRequest(null, Object(Config\Cache), false)
11 FCPATH\index.php(67): CodeIgniter\CodeIgniter->run()
12 SYSTEMPATH\Commands\Server\rewrite.php(46): require_once('FCPATH\\index.php')
CRITICAL - 2023-01-09 21:10:13 --> Undefined property: stdClass::$date
in APPPATH\Controllers\ProductionController.php on line 149.
 1 APPPATH\Controllers\ProductionController.php(149): CodeIgniter\Debug\Exceptions->errorHandler(2, 'Undefined property: stdClass::$date', 'APPPATH\\Controllers\\ProductionController.php', 149)
 2 SYSTEMPATH\CodeIgniter.php(927): App\Controllers\ProductionController->production_edit_process()
 3 SYSTEMPATH\CodeIgniter.php(482): CodeIgniter\CodeIgniter->runController(Object(App\Controllers\ProductionController))
 4 SYSTEMPATH\CodeIgniter.php(351): CodeIgniter\CodeIgniter->handleRequest(null, Object(Config\Cache), false)
 5 FCPATH\index.php(67): CodeIgniter\CodeIgniter->run()
 6 SYSTEMPATH\Commands\Server\rewrite.php(46): require_once('FCPATH\\index.php')
CRITICAL - 2023-01-09 21:21:43 --> syntax error, unexpected variable "$outs"
in APPPATH\Controllers\ReportController.php on line 420.
 1 SYSTEMPATH\Autoloader\Autoloader.php(259): CodeIgniter\Autoloader\Autoloader->includeFile('APPPATH\\Controllers\\ReportController.php')
 2 SYSTEMPATH\Autoloader\Autoloader.php(237): CodeIgniter\Autoloader\Autoloader->loadInNamespace('App\\Controllers\\ReportController')
 3 [internal function]: CodeIgniter\Autoloader\Autoloader->loadClass('App\\Controllers\\ReportController')
 4 SYSTEMPATH\CodeIgniter.php(877): class_exists('\\App\\Controllers\\ReportController', true)
 5 SYSTEMPATH\CodeIgniter.php(469): CodeIgniter\CodeIgniter->startController()
 6 SYSTEMPATH\CodeIgniter.php(351): CodeIgniter\CodeIgniter->handleRequest(null, Object(Config\Cache), false)
 7 FCPATH\index.php(67): CodeIgniter\CodeIgniter->run()
 8 SYSTEMPATH\Commands\Server\rewrite.php(46): require_once('FCPATH\\index.php')
CRITICAL - 2023-01-09 21:24:19 --> count(): Argument #1 ($value) must be of type Countable|array, null given
in APPPATH\Views\modules\transaction.php on line 25.
 1 SYSTEMPATH\View\View.php(213): include()
 2 SYSTEMPATH\View\View.php(216): CodeIgniter\View\View->CodeIgniter\View\{closure}()
 3 SYSTEMPATH\Common.php(1134): CodeIgniter\View\View->render('modules/transaction', [], true)
 4 APPPATH\Controllers\TransactionController.php(17): view('modules/transaction', [...])
 5 SYSTEMPATH\CodeIgniter.php(927): App\Controllers\TransactionController->transaction()
 6 SYSTEMPATH\CodeIgniter.php(482): CodeIgniter\CodeIgniter->runController(Object(App\Controllers\TransactionController))
 7 SYSTEMPATH\CodeIgniter.php(351): CodeIgniter\CodeIgniter->handleRequest(null, Object(Config\Cache), false)
 8 FCPATH\index.php(67): CodeIgniter\CodeIgniter->run()
 9 SYSTEMPATH\Commands\Server\rewrite.php(46): require_once('FCPATH\\index.php')
