CRITICAL - 2023-01-16 14:21:25 --> Trying to get property 'appName' of non-object
in APPPATH/Views/login.php on line 7.
 1 APPPATH/Views/login.php(7): CodeIgniter\Debug\Exceptions->errorHandler(8, 'Trying to get property \'appName\' of non-object', 'APPPATH/Views/login.php', 7, [])
 2 SYSTEMPATH/View/View.php(213): include('APPPATH/Views/login.php')
 3 SYSTEMPATH/View/View.php(216): CodeIgniter\View\View->CodeIgniter\View\{closure}()
 4 SYSTEMPATH/Common.php(1134): CodeIgniter\View\View->render('login', [], true)
 5 APPPATH/Controllers/Home.php(17): view('login')
 6 SYSTEMPATH/CodeIgniter.php(927): App\Controllers\Home->index()
 7 SYSTEMPATH/CodeIgniter.php(482): CodeIgniter\CodeIgniter->runController(Object(App\Controllers\Home))
 8 SYSTEMPATH/CodeIgniter.php(351): CodeIgniter\CodeIgniter->handleRequest(null, Object(Config\Cache), false)
 9 FCPATH/index.php(67): CodeIgniter\CodeIgniter->run()
CRITICAL - 2023-01-16 14:21:28 --> Trying to get property 'appName' of non-object
in APPPATH/Views/login.php on line 7.
 1 APPPATH/Views/login.php(7): CodeIgniter\Debug\Exceptions->errorHandler(8, 'Trying to get property \'appName\' of non-object', 'APPPATH/Views/login.php', 7, [])
 2 SYSTEMPATH/View/View.php(213): include('APPPATH/Views/login.php')
 3 SYSTEMPATH/View/View.php(216): CodeIgniter\View\View->CodeIgniter\View\{closure}()
 4 SYSTEMPATH/Common.php(1134): CodeIgniter\View\View->render('login', [], true)
 5 APPPATH/Controllers/Home.php(17): view('login')
 6 SYSTEMPATH/CodeIgniter.php(927): App\Controllers\Home->index()
 7 SYSTEMPATH/CodeIgniter.php(482): CodeIgniter\CodeIgniter->runController(Object(App\Controllers\Home))
 8 SYSTEMPATH/CodeIgniter.php(351): CodeIgniter\CodeIgniter->handleRequest(null, Object(Config\Cache), false)
 9 FCPATH/index.php(67): CodeIgniter\CodeIgniter->run()
CRITICAL - 2023-01-16 14:21:31 --> Trying to get property 'appName' of non-object
in APPPATH/Views/login.php on line 7.
 1 APPPATH/Views/login.php(7): CodeIgniter\Debug\Exceptions->errorHandler(8, 'Trying to get property \'appName\' of non-object', 'APPPATH/Views/login.php', 7, [])
 2 SYSTEMPATH/View/View.php(213): include('APPPATH/Views/login.php')
 3 SYSTEMPATH/View/View.php(216): CodeIgniter\View\View->CodeIgniter\View\{closure}()
 4 SYSTEMPATH/Common.php(1134): CodeIgniter\View\View->render('login', [], true)
 5 APPPATH/Controllers/Home.php(17): view('login')
 6 SYSTEMPATH/CodeIgniter.php(927): App\Controllers\Home->index()
 7 SYSTEMPATH/CodeIgniter.php(482): CodeIgniter\CodeIgniter->runController(Object(App\Controllers\Home))
 8 SYSTEMPATH/CodeIgniter.php(351): CodeIgniter\CodeIgniter->handleRequest(null, Object(Config\Cache), false)
 9 FCPATH/index.php(67): CodeIgniter\CodeIgniter->run()
CRITICAL - 2023-01-16 14:21:33 --> Trying to get property 'appName' of non-object
in APPPATH/Views/login.php on line 7.
 1 APPPATH/Views/login.php(7): CodeIgniter\Debug\Exceptions->errorHandler(8, 'Trying to get property \'appName\' of non-object', 'APPPATH/Views/login.php', 7, [])
 2 SYSTEMPATH/View/View.php(213): include('APPPATH/Views/login.php')
 3 SYSTEMPATH/View/View.php(216): CodeIgniter\View\View->CodeIgniter\View\{closure}()
 4 SYSTEMPATH/Common.php(1134): CodeIgniter\View\View->render('login', [], true)
 5 APPPATH/Controllers/Home.php(17): view('login')
 6 SYSTEMPATH/CodeIgniter.php(927): App\Controllers\Home->index()
 7 SYSTEMPATH/CodeIgniter.php(482): CodeIgniter\CodeIgniter->runController(Object(App\Controllers\Home))
 8 SYSTEMPATH/CodeIgniter.php(351): CodeIgniter\CodeIgniter->handleRequest(null, Object(Config\Cache), false)
 9 FCPATH/index.php(67): CodeIgniter\CodeIgniter->run()
CRITICAL - 2023-01-16 14:22:31 --> Trying to get property 'appName' of non-object
in APPPATH/Views/login.php on line 7.
 1 APPPATH/Views/login.php(7): CodeIgniter\Debug\Exceptions->errorHandler(8, 'Trying to get property \'appName\' of non-object', 'APPPATH/Views/login.php', 7, [])
 2 SYSTEMPATH/View/View.php(213): include('APPPATH/Views/login.php')
 3 SYSTEMPATH/View/View.php(216): CodeIgniter\View\View->CodeIgniter\View\{closure}()
 4 SYSTEMPATH/Common.php(1134): CodeIgniter\View\View->render('login', [], true)
 5 APPPATH/Controllers/Home.php(17): view('login')
 6 SYSTEMPATH/CodeIgniter.php(927): App\Controllers\Home->index()
 7 SYSTEMPATH/CodeIgniter.php(482): CodeIgniter\CodeIgniter->runController(Object(App\Controllers\Home))
 8 SYSTEMPATH/CodeIgniter.php(351): CodeIgniter\CodeIgniter->handleRequest(null, Object(Config\Cache), false)
 9 FCPATH/index.php(67): CodeIgniter\CodeIgniter->run()
CRITICAL - 2023-01-16 14:22:36 --> Trying to get property 'appName' of non-object
in APPPATH/Views/login.php on line 7.
 1 APPPATH/Views/login.php(7): CodeIgniter\Debug\Exceptions->errorHandler(8, 'Trying to get property \'appName\' of non-object', 'APPPATH/Views/login.php', 7, [])
 2 SYSTEMPATH/View/View.php(213): include('APPPATH/Views/login.php')
 3 SYSTEMPATH/View/View.php(216): CodeIgniter\View\View->CodeIgniter\View\{closure}()
 4 SYSTEMPATH/Common.php(1134): CodeIgniter\View\View->render('login', [], true)
 5 APPPATH/Controllers/Home.php(17): view('login')
 6 SYSTEMPATH/CodeIgniter.php(927): App\Controllers\Home->index()
 7 SYSTEMPATH/CodeIgniter.php(482): CodeIgniter\CodeIgniter->runController(Object(App\Controllers\Home))
 8 SYSTEMPATH/CodeIgniter.php(351): CodeIgniter\CodeIgniter->handleRequest(null, Object(Config\Cache), false)
 9 FCPATH/index.php(67): CodeIgniter\CodeIgniter->run()
CRITICAL - 2023-01-16 14:22:55 --> Trying to get property 'appName' of non-object
in APPPATH/Views/login.php on line 7.
 1 APPPATH/Views/login.php(7): CodeIgniter\Debug\Exceptions->errorHandler(8, 'Trying to get property \'appName\' of non-object', 'APPPATH/Views/login.php', 7, [])
 2 SYSTEMPATH/View/View.php(213): include('APPPATH/Views/login.php')
 3 SYSTEMPATH/View/View.php(216): CodeIgniter\View\View->CodeIgniter\View\{closure}()
 4 SYSTEMPATH/Common.php(1134): CodeIgniter\View\View->render('login', [], true)
 5 APPPATH/Controllers/Home.php(17): view('login')
 6 SYSTEMPATH/CodeIgniter.php(927): App\Controllers\Home->index()
 7 SYSTEMPATH/CodeIgniter.php(482): CodeIgniter\CodeIgniter->runController(Object(App\Controllers\Home))
 8 SYSTEMPATH/CodeIgniter.php(351): CodeIgniter\CodeIgniter->handleRequest(null, Object(Config\Cache), false)
 9 FCPATH/index.php(67): CodeIgniter\CodeIgniter->run()
CRITICAL - 2023-01-16 14:22:58 --> Trying to get property 'appName' of non-object
in APPPATH/Views/login.php on line 7.
 1 APPPATH/Views/login.php(7): CodeIgniter\Debug\Exceptions->errorHandler(8, 'Trying to get property \'appName\' of non-object', 'APPPATH/Views/login.php', 7, [])
 2 SYSTEMPATH/View/View.php(213): include('APPPATH/Views/login.php')
 3 SYSTEMPATH/View/View.php(216): CodeIgniter\View\View->CodeIgniter\View\{closure}()
 4 SYSTEMPATH/Common.php(1134): CodeIgniter\View\View->render('login', [], true)
 5 APPPATH/Controllers/Home.php(17): view('login')
 6 SYSTEMPATH/CodeIgniter.php(927): App\Controllers\Home->index()
 7 SYSTEMPATH/CodeIgniter.php(482): CodeIgniter\CodeIgniter->runController(Object(App\Controllers\Home))
 8 SYSTEMPATH/CodeIgniter.php(351): CodeIgniter\CodeIgniter->handleRequest(null, Object(Config\Cache), false)
 9 FCPATH/index.php(67): CodeIgniter\CodeIgniter->run()
CRITICAL - 2023-01-16 14:23:40 --> Trying to get property 'adminName' of non-object
in APPPATH/Views/template.php on line 82.
 1 APPPATH/Views/template.php(82): CodeIgniter\Debug\Exceptions->errorHandler(8, 'Trying to get property \'adminName\' of non-object', 'APPPATH/Views/template.php', 82, [...])
 2 SYSTEMPATH/View/View.php(213): include('APPPATH/Views/template.php')
 3 SYSTEMPATH/View/View.php(216): CodeIgniter\View\View->CodeIgniter\View\{closure}()
 4 SYSTEMPATH/View/View.php(229): CodeIgniter\View\View->render('template', [], true)
 5 SYSTEMPATH/Common.php(1134): CodeIgniter\View\View->render('modules/dashboard', [], true)
 6 APPPATH/Controllers/DashboardController.php(26): view('modules/dashboard', [...])
 7 SYSTEMPATH/CodeIgniter.php(927): App\Controllers\DashboardController->index()
 8 SYSTEMPATH/CodeIgniter.php(482): CodeIgniter\CodeIgniter->runController(Object(App\Controllers\DashboardController))
 9 SYSTEMPATH/CodeIgniter.php(351): CodeIgniter\CodeIgniter->handleRequest(null, Object(Config\Cache), false)
10 FCPATH/index.php(67): CodeIgniter\CodeIgniter->run()
CRITICAL - 2023-01-16 14:24:52 --> Trying to get property 'materialTypes' of non-object
in APPPATH/Views/modules/material.php on line 53.
 1 APPPATH/Views/modules/material.php(53): CodeIgniter\Debug\Exceptions->errorHandler(8, 'Trying to get property \'materialTypes\' of non-object', 'APPPATH/Views/modules/material.php', 53, [...])
 2 SYSTEMPATH/View/View.php(213): include('APPPATH/Views/modules/material.php')
 3 SYSTEMPATH/View/View.php(216): CodeIgniter\View\View->CodeIgniter\View\{closure}()
 4 SYSTEMPATH/Common.php(1134): CodeIgniter\View\View->render('modules/material', [], true)
 5 APPPATH/Controllers/MaterialController.php(16): view('modules/material', [...])
 6 SYSTEMPATH/CodeIgniter.php(927): App\Controllers\MaterialController->material()
 7 SYSTEMPATH/CodeIgniter.php(482): CodeIgniter\CodeIgniter->runController(Object(App\Controllers\MaterialController))
 8 SYSTEMPATH/CodeIgniter.php(351): CodeIgniter\CodeIgniter->handleRequest(null, Object(Config\Cache), false)
 9 FCPATH/index.php(67): CodeIgniter\CodeIgniter->run()
